"../../../Engine/Content/ArtTools/RenderToTexture/Enums/EFloatTypes.uasset" 0
"../../../Engine/Content/ArtTools/RenderToTexture/Enums/EIntTypes.uasset" 1
"../../../Engine/Content/EngineMaterials/T_Default_Material_Grid_M.uasset" 2
"../../../Engine/Content/EngineMaterials/T_Default_Material_Grid_N.uasset" 3
"../../../Engine/Content/EngineMaterials/WorldGridMaterial.uasset" 4
"../../../Engine/Content/ArtTools/RenderToTexture/Meshes/S_1_Unit_Plane.uasset" 5
"../../../Engine/Content/EngineMaterials/DefaultMaterial.uasset" 6
"../../../Engine/Content/BasicShapes/Cone.uasset" 7
"../../../Engine/Content/BasicShapes/Cube.uasset" 8
"../../../Engine/Content/BasicShapes/Cylinder.uasset" 9
"../../../Engine/Content/BasicShapes/Plane.uasset" 10
"../../../Engine/Content/EngineMaterials/DefaultPhysicalMaterial.uasset" 11
"../../../Engine/Content/BufferVisualization/AmbientOcclusion.uasset" 12
"../../../Engine/Content/BufferVisualization/BaseColor.uasset" 13
"../../../Engine/Content/BufferVisualization/CustomDepth.uasset" 14
"../../../Engine/Content/BufferVisualization/CustomDepthWorldUnits.uasset" 15
"../../../Engine/Content/EngineMaterials/MiniFont.uasset" 16
"../../../Engine/Content/BufferVisualization/CustomStencil.uasset" 17
"../../../Engine/Content/BufferVisualization/FinalImage.uasset" 18
"../../../Engine/Content/BufferVisualization/LightingModel.uasset" 19
"../../../Engine/Content/BufferVisualization/MaterialAO.uasset" 20
"../../../Engine/Content/BufferVisualization/Metallic.uasset" 21
"../../../Engine/Content/BufferVisualization/Opacity.uasset" 22
"../../../Engine/Content/BufferVisualization/PostTonemapHDRColor.uasset" 23
"../../../Engine/Content/BufferVisualization/PreTonemapHDRColor.uasset" 24
"../../../Engine/Content/BufferVisualization/Roughness.uasset" 25
"../../../Engine/Content/BufferVisualization/SceneColor.uasset" 26
"../../../Engine/Content/BufferVisualization/SceneDepth.uasset" 27
"../../../Engine/Content/BufferVisualization/SceneDepthWorldUnits.uasset" 28
"../../../Engine/Content/BufferVisualization/SeparateTranslucencyA.uasset" 29
"../../../Engine/Content/BufferVisualization/SeparateTranslucencyRGB.uasset" 30
"../../../Engine/Content/BufferVisualization/Specular.uasset" 31
"../../../Engine/Content/BufferVisualization/SubsurfaceColor.uasset" 32
"../../../Engine/Content/BufferVisualization/WorldNormal.uasset" 33
"../../../Engine/Content/EditorBlueprintResources/ActorMacros.uasset" 34
"../../../Engine/Content/EditorLandscapeResources/DataLayer.uasset" 35
"../../../Engine/Content/EditorLandscapeResources/DefaultAlphaTexture.uasset" 36
"../../../Engine/Content/EditorLandscapeResources/LandscapeGizmo_Mat.uasset" 37
"../../../Engine/Content/EditorLandscapeResources/SplineEditorMeshMat.uasset" 38
"../../../Engine/Content/EditorLandscapeResources/SplineEditorMesh.uasset" 39
"../../../Engine/Content/EditorMaterials/Cross.uasset" 40
"../../../Engine/Content/EditorMaterials/Cross_Mat.uasset" 41
"../../../Engine/Content/EditorMaterials/GizmoMaterial.uasset" 42
"../../../Engine/Content/EditorResources/T_EditorHelp.uasset" 43
"../../../Engine/Content/EditorMaterials/HelpActorMaterial.uasset" 44
"../../../Engine/Content/EditorMaterials/CompositeARGBLayer.uasset" 45
"../../../Engine/Content/EditorMaterials/TilingAALineIntegral.uasset" 46
"../../../Engine/Content/EditorMaterials/TilingAALineBoxFiltered.uasset" 47
"../../../Engine/Content/EditorMaterials/TilingAADots.uasset" 48
"../../../Engine/Content/EditorMaterials/TilingAAGrid.uasset" 49
"../../../Engine/Content/EditorMaterials/LevelGridMaterial.uasset" 50
"../../../Engine/Content/EditorMaterials/MakeCompositeARGBLayer.uasset" 51
"../../../Engine/Content/EditorResources/LevelGrid1DStripes.uasset" 52
"../../../Engine/Content/EditorMaterials/TextureGridCascaded1D.uasset" 53
"../../../Engine/Content/EditorMaterials/TextureGridCascaded2D.uasset" 54
"../../../Engine/Content/EditorMaterials/LevelGridMaterial2.uasset" 55
"../../../Engine/Content/EditorMaterials/MAT_Groups_Toggle.uasset" 56
"../../../Engine/Content/EditorMaterials/MAT_Groups_Visibility.uasset" 57
"../../../Engine/Content/EditorMaterials/AntialiasedGridFloor.uasset" 58
"../../../Engine/Content/EditorResources/TilePatine_D.uasset" 59
"../../../Engine/Content/EditorResources/TilePatine_N.uasset" 60
"../../../Engine/Content/EngineMaterials/Grid.uasset" 61
"../../../Engine/Content/EditorMaterials/PersonaFloorMat.uasset" 62
"../../../Engine/Content/EditorMaterials/PhAT_BoneSelectedMaterial.uasset" 63
"../../../Engine/Content/EditorMaterials/PhAT_ElemSelectedMaterial.uasset" 64
"../../../Engine/Content/EditorMaterials/PhAT_NoCollisionMaterial.uasset" 65
"../../../Engine/Content/EditorMaterials/PhAT_UnselectedMaterial.uasset" 66
"../../../Engine/Content/EditorMaterials/PreviewShadowIndicator.uasset" 67
"../../../Engine/Content/EditorMaterials/PreviewShadowIndicatorMaterial.uasset" 68
"../../../Engine/Content/EditorMaterials/TargetIcon.uasset" 69
"../../../Engine/Content/EditorMaterials/Tick.uasset" 70
"../../../Engine/Content/EditorMaterials/Tick_Mat.uasset" 71
"../../../Engine/Content/EditorMaterials/WidgetGridVertexColorMaterial.uasset" 72
"../../../Engine/Content/EditorMaterials/WidgetMaterial.uasset" 73
"../../../Engine/Content/EditorMaterials/WidgetMaterial_Current.uasset" 74
"../../../Engine/Content/EditorMaterials/WidgetMaterial_X.uasset" 75
"../../../Engine/Content/EditorMaterials/WidgetMaterial_Y.uasset" 76
"../../../Engine/Content/EditorMaterials/WidgetMaterial_Z.uasset" 77
"../../../Engine/Content/EditorMaterials/WidgetVertexColorMaterial.uasset" 78
"../../../Engine/Content/EditorMaterials/Cascade/CASC_Cross.uasset" 79
"../../../Engine/Content/EditorMaterials/Cascade/CASC_None.uasset" 80
"../../../Engine/Content/EditorMaterials/MatineeGroups/MAT_ColorTrack.uasset" 81
"../../../Engine/Content/EditorMaterials/MatineeGroups/MAT_Groups_Anim.uasset" 82
"../../../Engine/Content/EditorMaterials/MatineeGroups/MAT_Groups_Event.uasset" 83
"../../../Engine/Content/EditorMaterials/MatineeGroups/MAT_Groups_Fade.uasset" 84
"../../../Engine/Content/EditorMaterials/MatineeGroups/MAT_Groups_Float.uasset" 85
"../../../Engine/Content/EditorMaterials/MatineeGroups/MAT_Groups_Move.uasset" 86
"../../../Engine/Content/EditorMaterials/MatineeGroups/MAT_Groups_Slomo.uasset" 87
"../../../Engine/Content/EditorMaterials/MatineeGroups/MAT_Groups_Sound.uasset" 88
"../../../Engine/Content/EditorMaterials/Thumbnails/FloorPlaneMaterial.uasset" 89
"../../../Engine/Content/EditorMeshes/EditorCylinder.uasset" 90
"../../../Engine/Content/EditorMeshes/EditorPlane.uasset" 91
"../../../Engine/Content/EditorMaterials/Thumbnails/SkySphereMaterial.uasset" 92
"../../../Engine/Content/EditorMeshes/EditorSkySphere.uasset" 93
"../../../Engine/Content/EditorMeshes/EditorSphere.uasset" 94
"../../../Engine/Content/EditorResources/MatineeCam_D.uasset" 95
"../../../Engine/Content/EditorMaterials/MatineeCam_mat.uasset" 96
"../../../Engine/Content/EditorMeshes/MatineeCam_SM.uasset" 97
"../../../Engine/Content/EditorMaterials/GridMaterial.uasset" 98
"../../../Engine/Content/EditorMeshes/PhAT_FloorBox.uasset" 99
"../../../Engine/Content/EditorMaterials/Camera/CineMat.uasset" 100
"../../../Engine/Content/EditorMaterials/Camera/MI_CineMat_CameraBody.uasset" 101
"../../../Engine/Content/EditorMeshes/Camera/SM_CineCam.uasset" 102
"../../../Engine/Content/EditorMaterials/Camera/MI_CineMat_Rig.uasset" 103
"../../../Engine/Content/EditorMeshes/Camera/SM_CraneRig_Arm.uasset" 104
"../../../Engine/Content/EditorMeshes/Camera/SM_CraneRig_Base.uasset" 105
"../../../Engine/Content/EditorMeshes/Camera/SM_CraneRig_Body.uasset" 106
"../../../Engine/Content/EditorMeshes/Camera/SM_CraneRig_Mount.uasset" 107
"../../../Engine/Content/EditorMeshes/Camera/SM_RailRig_Mount.uasset" 108
"../../../Engine/Content/EditorMeshes/Camera/SM_RailRig_Track.uasset" 109
"../../../Engine/Content/EditorMeshes/ColorCalibrator/M_ChromeBall.uasset" 110
"../../../Engine/Content/EditorMeshes/ColorCalibrator/M_ClearCoat.uasset" 111
"../../../Engine/Content/EditorMeshes/ColorCalibrator/M_ClearCoatBlack.uasset" 112
"../../../Engine/Content/EditorMeshes/ColorCalibrator/T_ColorGrid.uasset" 113
"../../../Engine/Content/EditorMeshes/ColorCalibrator/M_ColorGrid.uasset" 114
"../../../Engine/Content/EditorMeshes/ColorCalibrator/M_GreyBall.uasset" 115
"../../../Engine/Content/EditorResources/Bad.uasset" 116
"../../../Engine/Content/EditorResources/BSPVertex.uasset" 117
"../../../Engine/Content/EditorResources/EmptyActor.uasset" 118
"../../../Engine/Content/EditorResources/MatInstActSprite.uasset" 119
"../../../Engine/Content/EditorResources/SceneManager.uasset" 120
"../../../Engine/Content/EditorResources/SmallFont.uasset" 121
"../../../Engine/Content/EditorResources/S_Actor.uasset" 122
"../../../Engine/Content/EditorResources/S_DecalActorIcon.uasset" 123
"../../../Engine/Content/EditorResources/S_Emitter.uasset" 124
"../../../Engine/Content/EditorResources/S_ExpoHeightFog.uasset" 125
"../../../Engine/Content/EditorResources/S_FTest.uasset" 126
"../../../Engine/Content/EditorResources/S_KBSJoint.uasset" 127
"../../../Engine/Content/EditorResources/S_KHinge.uasset" 128
"../../../Engine/Content/EditorResources/S_KPrismatic.uasset" 129
"../../../Engine/Content/EditorResources/S_LevelSequence.uasset" 130
"../../../Engine/Content/EditorResources/S_NavP.uasset" 131
"../../../Engine/Content/EditorResources/S_Note.uasset" 132
"../../../Engine/Content/EditorResources/S_PortalActorIcon2.uasset" 133
"../../../Engine/Content/EditorResources/S_RadForce.uasset" 134
"../../../Engine/Content/EditorResources/S_ReflActorIcon.uasset" 135
"../../../Engine/Content/EditorResources/S_Terrain.uasset" 136
"../../../Engine/Content/EditorResources/S_TextRenderActorIcon.uasset" 137
"../../../Engine/Content/EditorResources/S_Thruster.uasset" 138
"../../../Engine/Content/EditorResources/S_Trigger.uasset" 139
"../../../Engine/Content/EditorResources/S_VectorFieldVol.uasset" 140
"../../../Engine/Content/EditorResources/S_WindDirectional.uasset" 141
"../../../Engine/Content/EditorResources/AI/S_NavLink.uasset" 142
"../../../Engine/Content/EditorResources/LightIcons/SkyLight.uasset" 143
"../../../Engine/Content/EditorResources/LightIcons/S_LightDirectional.uasset" 144
"../../../Engine/Content/EditorResources/LightIcons/S_LightError.uasset" 145
"../../../Engine/Content/EditorResources/LightIcons/S_LightPoint.uasset" 146
"../../../Engine/Content/EditorResources/LightIcons/S_LightPointMove.uasset" 147
"../../../Engine/Content/EditorResources/LightIcons/S_LightSpot.uasset" 148
"../../../Engine/Content/EditorResources/LightIcons/S_LightSpotMove.uasset" 149
"../../../Engine/Content/EditorResources/SequenceRecorder/Countdown.uasset" 150
"../../../Engine/Content/EditorResources/Spline/T_Loft_Spline.uasset" 151
"../../../Engine/Content/EditorSounds/Notifications/CompileFailed.uasset" 152
"../../../Engine/Content/EditorSounds/Notifications/CompileFailed_Cue.uasset" 153
"../../../Engine/Content/EditorSounds/Notifications/CompileSuccess.uasset" 154
"../../../Engine/Content/EditorSounds/Notifications/CompileStart_Cue.uasset" 155
"../../../Engine/Content/EditorSounds/Notifications/CompileSuccess_Cue.uasset" 156
"../../../Engine/Content/EngineDebugMaterials/HeatmapGradient.uasset" 157
"../../../Engine/Content/EngineDebugMaterials/BoneWeightMaterial.uasset" 158
"../../../Engine/Content/EngineDebugMaterials/ClothMaterial.uasset" 159
"../../../Engine/Content/EngineDebugMaterials/ClothMaterial_WF.uasset" 160
"../../../Engine/Content/EngineDebugMaterials/DebugEditorMaterial.uasset" 161
"../../../Engine/Content/EngineDebugMaterials/DebugMeshMaterial.uasset" 162
"../../../Engine/Content/EngineDebugMaterials/GeomMaterial.uasset" 163
"../../../Engine/Content/EngineDebugMaterials/M_SimpleOpaque.uasset" 164
"../../../Engine/Content/EngineDebugMaterials/M_SimpleTranslucent.uasset" 165
"../../../Engine/Content/EngineDebugMaterials/VertexColorMaterial.uasset" 166
"../../../Engine/Content/EngineDebugMaterials/WireframeMaterial.uasset" 167
"../../../Engine/Content/EngineFonts/Faces/RobotoBold.uasset" 168
"../../../Engine/Content/EngineFonts/Faces/RobotoBoldItalic.uasset" 169
"../../../Engine/Content/EngineFonts/Faces/RobotoItalic.uasset" 170
"../../../Engine/Content/EngineFonts/Faces/RobotoLight.uasset" 171
"../../../Engine/Content/EngineFonts/Faces/RobotoRegular.uasset" 172
"../../../Engine/Content/EngineFonts/Roboto.uasset" 173
"../../../Engine/Content/EngineFonts/Faces/RobotoTiny.uasset" 174
"../../../Engine/Content/EngineFonts/RobotoTiny.uasset" 175
"../../../Engine/Content/EngineFonts/SmallFont.uasset" 176
"../../../Engine/Content/EngineFonts/TinyFont.uasset" 177
"../../../Engine/Content/EngineResources/WhiteSquareTexture.uasset" 178
"../../../Engine/Content/EngineMaterials/BlinkingCaret.uasset" 179
"../../../Engine/Content/EngineMaterials/DefaultBloomKernel.uasset" 180
"../../../Engine/Content/EngineMaterials/DefaultBokeh.uasset" 181
"../../../Engine/Content/EngineMaterials/DefaultDiffuse.uasset" 182
"../../../Engine/Content/EngineMaterials/DefaultDeferredDecalMaterial.uasset" 183
"../../../Engine/Content/EngineMaterials/DefaultLightFunctionMaterial.uasset" 184
"../../../Engine/Content/EngineMaterials/DefaultNormal.uasset" 185
"../../../Engine/Content/EngineMaterials/DefaultPostProcessMaterial.uasset" 186
"../../../Engine/Content/EngineFonts/RobotoDistanceField.uasset" 187
"../../../Engine/Content/EngineMaterials/DefaultTextMaterialOpaque.uasset" 188
"../../../Engine/Content/EngineMaterials/DefaultWhiteGrid.uasset" 189
"../../../Engine/Content/EngineMaterials/EditorBrushMaterial.uasset" 190
"../../../Engine/Content/EngineMaterials/Good64x64TilingNoiseHighFreq.uasset" 191
"../../../Engine/Content/EngineMaterials/Grid_N.uasset" 192
"../../../Engine/Content/EngineMaterials/HighResScreenshot.uasset" 193
"../../../Engine/Content/EngineMaterials/HighResScreenshotCaptureRegion.uasset" 194
"../../../Engine/Content/EngineMaterials/HighResScreenshotMask.uasset" 195
"../../../Engine/Content/EngineMaterials/LandscapeHolePhysicalMaterial.uasset" 196
"../../../Engine/Content/EngineMaterials/InvalidLightmapSettings.uasset" 197
"../../../Engine/Content/EngineMaterials/M_InvalidLightmapSettings.uasset" 198
"../../../Engine/Content/EngineMaterials/PaperDiffuse.uasset" 199
"../../../Engine/Content/EngineMaterials/PaperNormal.uasset" 200
"../../../Engine/Content/EngineMaterials/PhAT_JointLimitMaterial.uasset" 201
"../../../Engine/Content/EngineMaterials/PhysMat_Rubber.uasset" 202
"../../../Engine/Content/EngineMaterials/PreintegratedSkinBRDF.uasset" 203
"../../../Engine/Content/EngineMaterials/RemoveSurfaceMaterial.uasset" 204
"../../../Engine/Content/EngineMaterials/WeightMapPlaceholderTexture.uasset" 205
"../../../Engine/Content/EngineMaterials/Widget3DPassThrough.uasset" 206
"../../../Engine/Content/EngineMaterials/Widget3DPassThrough_Masked.uasset" 207
"../../../Engine/Content/EngineMaterials/Widget3DPassThrough_Opaque.uasset" 208
"../../../Engine/Content/EngineMeshes/Cube.uasset" 209
"../../../Engine/Content/EngineMeshes/Cylinder.uasset" 210
"../../../Engine/Content/EngineMeshes/Humanoid.uasset" 211
"../../../Engine/Content/EngineMeshes/Sphere.uasset" 212
"../../../Engine/Content/EngineResources/Black.uasset" 213
"../../../Engine/Content/EngineResources/DefaultTexture.uasset" 214
"../../../Engine/Content/EngineResources/DefaultTextureCube.uasset" 215
"../../../Engine/Content/EngineResources/GradientTexture0.uasset" 216
"../../../Engine/Content/EngineResources/StreamingPauseIcon.uasset" 217
"../../../Engine/Content/EngineResources/M_StreamingPause.uasset" 218
"../../../Engine/Content/EngineSounds/Master.uasset" 219
"../../../Engine/Content/Maps/Templates/Thumbnails/Default.uasset" 220
"../../../Engine/Content/Maps/Templates/Thumbnails/VR-Basic.uasset" 221
"../../../Engine/Content/MapTemplates/Sky/DaylightAmbientCubemap.uasset" 222
"../../../Engine/Content/MobileResources/T_MobileControls_texture.uasset" 223
"../../../Engine/Content/MobileResources/T_MobileMenu2.uasset" 224
"../../../Engine/Content/MobileResources/HUD/AnalogHat.uasset" 225
"../../../Engine/Content/MobileResources/HUD/VirtualJoystick_Background.uasset" 226
"../../../Engine/Content/MobileResources/HUD/VirtualJoystick_Thumb.uasset" 227
"../../../Engine/Content/MobileResources/HUD/DefaultVirtualJoysticks.uasset" 228
"../../../Engine/Content/MobileResources/HUD/LeftVirtualJoystickOnly.uasset" 229
"../../../Engine/Content/MobileResources/HUD/MobileHUDButton1_off.uasset" 230
"../../../Engine/Content/MobileResources/HUD/MobileHUDButton1_on.uasset" 231
"../../../Engine/Content/MobileResources/HUD/MobileHUDButton2_off.uasset" 232
"../../../Engine/Content/MobileResources/HUD/MobileHUDButton2_on.uasset" 233
"../../../Engine/Content/MobileResources/HUD/MobileHUDButton3.uasset" 234
"../../../Engine/Content/MobileResources/HUD/MobileHUDButtonFire.uasset" 235
"../../../Engine/Content/MobileResources/HUD/MobileHUDDirectionPad.uasset" 236
"../../../Engine/Content/MobileResources/HUD/MobileHUDDirectionPad2.uasset" 237
"../../../Engine/Content/MobileResources/HUD/MobileHUDDirectionPad3.uasset" 238
"../../../Engine/Content/MobileResources/HUD/MobileHUDDirectionStick.uasset" 239
"../../../Engine/Content/MobileResources/HUD/T_Castle_ThumbstickInner.uasset" 240
"../../../Engine/Content/MobileResources/HUD/T_Castle_ThumbstickOutter.uasset" 241
"../../../Engine/Content/Tutorial/ContentIntroCurve.uasset" 242
"../../../Engine/Content/Tutorial/Foliage/TutorialAssets/Foliage.uasset" 243
"../../../Engine/Content/Tutorial/Landscape/TutorialAssets/Landscape.uasset" 244
"../../../Engine/Content/EditorMeshes/EditorCube.uasset" 245
"../../../Engine/Content/Tutorial/SubEditors/TutorialAssets/Tutorial_DM.uasset" 246
"../../../Engine/Content/VREditor/Devices/Generic/GenericHMDMaterial.uasset" 247
"../../../Engine/Content/VREditor/Devices/Generic/GenericHMD.uasset" 248
"../../../Engine/Content/VREditor/Devices/Oculus/OculusControllerMesh.uasset" 249
"../../../Engine/Content/VREditor/Devices/Vive/T_VivePreController_EM.uasset" 250
"../../../Engine/Content/VREditor/Devices/Vive/VivePreControllerDiffuse.uasset" 251
"../../../Engine/Content/VREditor/Devices/Vive/VivePreControllerMesh.uasset" 252
"../../../Engine/Content/VREditor/Devices/Vive/VivePreControllerSpec.uasset" 253
"../../../Engine/Content/VREditor/Devices/Vive/VivePreController_MasksA.uasset" 254
"../../../Engine/Content/VREditor/Devices/Vive/VivePreController_MasksB.uasset" 255
"../../../Engine/Content/VREditor/FloatingText/LineMaterial.uasset" 256
"../../../Engine/Content/VREditor/FloatingText/JointSphere.uasset" 257
"../../../Engine/Content/VREditor/FloatingText/LineSegmentCylinder.uasset" 258
"../../../Engine/Content/VREditor/Fonts/VRText_RobotoLarge.uasset" 259
"../../../Engine/Content/VREditor/Fonts/VRTextMaterial.uasset" 260
"../../../Engine/Content/VREditor/Fonts/TranslucentVRTextMaterial.uasset" 261
"../../../Engine/Content/VREditor/LaserPointer/CursorPointer.uasset" 262
"../../../Engine/Content/VREditor/LaserPointer/VR_LaserPower_01.uasset" 263
"../../../Engine/Content/VREditor/TransformGizmo/TransformGizmoMaterial.uasset" 264
"../../../Engine/Content/VREditor/LaserPointer/HoverMaterial.uasset" 265
"../../../Engine/Content/VREditor/LaserPointer/TranslucentHoverMaterial.uasset" 266
"../../../Engine/Content/VREditor/LaserPointer/HoverMesh.uasset" 267
"../../../Engine/Content/VREditor/LaserPointer/LaserPointerMaterial.uasset" 268
"../../../Engine/Content/VREditor/LaserPointer/LaserPointerMaterialInst.uasset" 269
"../../../Engine/Content/VREditor/LaserPointer/LaserPointerMesh.uasset" 270
"../../../Engine/Content/VREditor/LaserPointer/LaserPointerMesh_End.uasset" 271
"../../../Engine/Content/VREditor/LaserPointer/LaserPointerMesh_Start.uasset" 272
"../../../Engine/Content/VREditor/SnapGrid/SnapGridMaterial.uasset" 273
"../../../Engine/Content/VREditor/SnapGrid/SnapGridPlaneMesh.uasset" 274
"../../../Engine/Content/VREditor/Sounds/VR_teleport.uasset" 275
"../../../Engine/Content/VREditor/Sounds/UI/Click_on_Button_Cue.uasset" 276
"../../../Engine/Content/VREditor/Sounds/UI/Dockable_Window_Close.uasset" 277
"../../../Engine/Content/VREditor/Sounds/UI/Dockable_Window_Drop.uasset" 278
"../../../Engine/Content/VREditor/Sounds/UI/Dockable_Window_Open.uasset" 279
"../../../Engine/Content/VREditor/Sounds/UI/Dockable_Window_Pick_Up.uasset" 280
"../../../Engine/Content/VREditor/Sounds/UI/Floating_UI_Open-001.uasset" 281
"../../../Engine/Content/VREditor/Sounds/UI/Gizmo_Handle_Clicked.uasset" 282
"../../../Engine/Content/VREditor/Sounds/UI/Object_PickUp.uasset" 283
"../../../Engine/Content/VREditor/Sounds/UI/Object_Snaps_To_Grid.uasset" 284
"../../../Engine/Content/VREditor/Sounds/UI/Radial_Menu_FadeOut.uasset" 285
"../../../Engine/Content/VREditor/Sounds/UI/Scaling_Down.uasset" 286
"../../../Engine/Content/VREditor/Sounds/UI/Scaling_Up.uasset" 287
"../../../Engine/Content/VREditor/Sounds/UI/Selection_Changes.uasset" 288
"../../../Engine/Content/VREditor/Sounds/UI/Teleport_Mode_Entered.uasset" 289
"../../../Engine/Content/VREditor/Teleport/TeleportDirectionMaterial.uasset" 290
"../../../Engine/Content/VREditor/Teleport/TeleportDirectionMesh.uasset" 291
"../../../Engine/Content/VREditor/TransformGizmo/BoundingBoxCorner.uasset" 292
"../../../Engine/Content/VREditor/TransformGizmo/BoundingBoxEdge.uasset" 293
"../../../Engine/Content/VREditor/TransformGizmo/PlaneTranslationHandle.uasset" 294
"../../../Engine/Content/VREditor/TransformGizmo/RotationHandleFull.uasset" 295
"../../../Engine/Content/VREditor/TransformGizmo/RotationHandleQuarter.uasset" 296
"../../../Engine/Content/VREditor/TransformGizmo/Main.uasset" 297
"../../../Engine/Content/VREditor/TransformGizmo/Xray.uasset" 298
"../../../Engine/Content/VREditor/TransformGizmo/SM_Dialog_Close.uasset" 299
"../../../Engine/Content/VREditor/TransformGizmo/SM_Dialog_Move.uasset" 300
"../../../Engine/Content/VREditor/TransformGizmo/SM_Sequencer_Key.uasset" 301
"../../../Engine/Content/VREditor/TransformGizmo/TranslateArrowHandle.uasset" 302
"../../../Engine/Content/VREditor/TransformGizmo/UniformScaleHandle.uasset" 303
"../../../Engine/Content/VREditor/UI/KeyDiskMaterial.uasset" 304
"../../../Engine/Content/VREditor/UI/DiscMaterial.uasset" 305
"../../../Engine/Content/VREditor/UI/SM_Radial_Disk.uasset" 306
"../../../Engine/Content/VREditor/WorldMovementGrid/SimpleGrid.uasset" 307
"../../../Engine/Content/VREditor/WorldMovementGrid/GridMaterial.uasset" 308
"../../../Engine/Content/VREditor/WorldMovementGrid/GridPostProcess.uasset" 309
"../../../Engine/Content/EditorLandscapeResources/FlattenHeightMat.uasset" 310
"../../../Engine/Content/VREditor/WorldMovementGrid/PlaneMesh.uasset" 311
"../../../J005627b/Content/Mannequin/Animations/Run_Bwd.uasset" 312
"../../../J005627b/Content/Mannequin/Animations/Run_Fwd.uasset" 313
"../../../J005627b/Content/Mannequin/Animations/Run_Left.uasset" 314
"../../../J005627b/Content/Mannequin/Animations/Run_Right.uasset" 315
"../../../J005627b/Content/Mannequin/Animations/Walk_Bwd.uasset" 316
"../../../J005627b/Content/Mannequin/Animations/Walk_Fwd.uasset" 317
"../../../J005627b/Content/Mannequin/Animations/Walk_Left.uasset" 318
"../../../J005627b/Content/Mannequin/Animations/Walk_Right.uasset" 319
"../../../J005627b/Content/Mannequin/Character/Textures/UE4Man_Logo_N.uasset" 320
"../../../J005627b/Content/Mannequin/Character/Textures/UE4_LOGO_CARD.uasset" 321
"../../../J005627b/Content/StarterContent/Textures/T_MacroVariation.uasset" 322
"../../../J005627b/Content/StarterContent/Textures/T_Metal_Steel_D.uasset" 323
"../../../J005627b/Content/StarterContent/Textures/T_Metal_Steel_N.uasset" 324
"../../../J005627b/Content/StarterContent/Materials/M_Metal_Steel.uasset" 325
"../../../J005627b/Content/StarterContent/Textures/T_Spark_Core.uasset" 326
"../../../J005627b/Content/StarterContent/Particles/Materials/M_Spark.uasset" 327
"../../../J005627b/Content/StarterContent/Particles/P_Sparks.uasset" 328
"../../../J005627b/Content/StarterContent/Textures/T_Explosion_SubUV.uasset" 329
"../../../J005627b/Content/StarterContent/Textures/T_Metal_Aluminum_D.uasset" 330
"../../../J005627b/Content/StarterContent/Textures/T_Smoke_SubUV.uasset" 331
"../../../J005627b/Content/StarterContent/Textures/T_Smoke_Tiled_D.uasset" 332
"../../../J005627b/Content/Student/Assets/Textures/HexagonTiles.uasset" 333
"../../../J005627b/Content/Student/Assets/Textures/HexagonTilesAO.uasset" 334
"../../../J005627b/Content/Student/Assets/Materials/BuildHologram.uasset" 335
"../../../J005627b/Content/Student/Assets/Textures/TurretBase_Albedo.uasset" 336
"../../../J005627b/Content/Student/Assets/Textures/TurretBase_MergeMap.uasset" 337
"../../../J005627b/Content/Student/Assets/Textures/TurretBase_Normal.uasset" 338
"../../../J005627b/Content/Student/Assets/Materials/-BaseMaterial.uasset" 339
"../../../J005627b/Content/Student/Assets/Textures/MiniGun_Albedo.uasset" 340
"../../../J005627b/Content/Student/Assets/Textures/MiniGun_MergeMap.uasset" 341
"../../../J005627b/Content/Student/Assets/Materials/Minigun.uasset" 342
"../../../J005627b/Content/Student/Assets/Textures/RocketLancher_Albedo.uasset" 343
"../../../J005627b/Content/Student/Assets/Materials/RocketLauncher.uasset" 344
"../../../J005627b/Content/Student/Assets/Materials/01_-_Default.uasset" 345
"../../../J005627b/Content/Student/Assets/Textures/ACOG001MergeMap.uasset" 346
"../../../J005627b/Content/Student/Assets/Textures/Tex_0013_1.uasset" 347
"../../../J005627b/Content/Student/Assets/Materials/ACOG.uasset" 348
"../../../J005627b/Content/Student/Assets/Textures/FlashHider_Albedo.uasset" 349
"../../../J005627b/Content/Student/Assets/Textures/FlashHider_MergeMap.uasset" 350
"../../../J005627b/Content/Student/Assets/Materials/FlashHider.uasset" 351
"../../../J005627b/Content/Student/Assets/StaticMeshes/AssualtRifle.uasset" 352
"../../../J005627b/Content/Student/Assets/Materials/BlinkingLight.uasset" 353
"../../../J005627b/Content/Student/Assets/StaticMeshes/Grenade.uasset" 354
"../../../Engine/Content/EditorResources/S_Player.uasset" 355
"../../../J005627b/Content/Student/Blueprints/SpawnPoint.uasset" 356
"../../../J005627b/Content/Geometry/Meshes/CubeMaterial.uasset" 357
"../../../J005627b/Content/Geometry/Meshes/1M_Cube_Chamfer.uasset" 358
"../../../J005627b/Content/Student/Blueprints/Building/Block.uasset" 359
"../../../J005627b/Content/Student/Blueprints/Building/BuildItems.uasset" 360
"../../../J005627b/Content/Student/Blueprints/Building/HologramBlock.uasset" 361
"../../../J005627b/Content/Student/Blueprints/Building/HologramMiniGun.uasset" 362
"../../../J005627b/Content/Student/Assets/StaticMeshes/Turret_RailGun.uasset" 363
"../../../J005627b/Content/Student/Blueprints/Building/HologramRailGun.uasset" 364
"../../../J005627b/Content/ThirdPerson/Meshes/RampMaterial.uasset" 365
"../../../J005627b/Content/ThirdPerson/Meshes/Linear_Stair_StaticMesh.uasset" 366
"../../../J005627b/Content/Student/Blueprints/Building/HologramRamp.uasset" 367
"../../../J005627b/Content/Student/Blueprints/Building/Ramp.uasset" 368
"../../../J005627b/Content/Student/Blueprints/Pickups/PickUpTypes.uasset" 369
"../../../J005627b/Content/Student/Blueprints/Building/ResourcesNeeded.uasset" 370
"../../../J005627b/Content/StarterContent/Audio/Explosion01.uasset" 371
"../../../J005627b/Content/StarterContent/Textures/T_Burst_M.uasset" 372
"../../../J005627b/Content/StarterContent/Particles/Materials/M_Burst.uasset" 373
"../../../J005627b/Content/StarterContent/Particles/P_Explosion.uasset" 374
"../../../J005627b/Content/Student/Blueprints/Projectiles/Explosion.uasset" 375
"../../../Engine/Content/EditorBlueprintResources/StandardMacros.uasset" 376
"../../../J005627b/Content/Student/Blueprints/GameModes/Characters.uasset" 377
"../../../J005627b/Content/Student/Blueprints/GameModes/GameModes.uasset" 378
"../../../J005627b/Content/Student/Blueprints/MainGameStates.uasset" 379
"../../../J005627b/Content/Student/UI/LoadingScreen.uasset" 380
"../../../J005627b/Content/Student/Blueprints/GameInstance.uasset" 381
"../../../J005627b/Content/Student/Blueprints/GlobalMacroLibary.uasset" 382
"../../../J005627b/Content/Student/Blueprints/Enemies/AIBlackboard.uasset" 383
"../../../J005627b/Content/Student/Blueprints/Enemies/AIBT.uasset" 384
"../../../J005627b/Content/Student/Blueprints/Enemies/EnemyAIController.uasset" 385
"../../../J005627b/Content/Student/Blueprints/Interfaces/EnemyInterface.uasset" 386
"../../../J005627b/Content/Mannequin/Animations/Idle.uasset" 387
"../../../J005627b/Content/Mannequin/Animations/AO_CC.uasset" 388
"../../../J005627b/Content/Mannequin/Animations/AO_CD.uasset" 389
"../../../J005627b/Content/Mannequin/Animations/AO_CU.uasset" 390
"../../../J005627b/Content/Mannequin/Animations/AO_LBC.uasset" 391
"../../../J005627b/Content/Mannequin/Animations/AO_LBD.uasset" 392
"../../../J005627b/Content/Mannequin/Animations/AO_LBU.uasset" 393
"../../../J005627b/Content/Mannequin/Animations/AO_LC.uasset" 394
"../../../J005627b/Content/Mannequin/Animations/AO_LD.uasset" 395
"../../../J005627b/Content/Mannequin/Animations/AO_LU.uasset" 396
"../../../J005627b/Content/Mannequin/Animations/AO_RBC.uasset" 397
"../../../J005627b/Content/Mannequin/Animations/AO_RBD.uasset" 398
"../../../J005627b/Content/Mannequin/Animations/AO_RBU.uasset" 399
"../../../J005627b/Content/Mannequin/Animations/AO_RC.uasset" 400
"../../../J005627b/Content/Mannequin/Animations/AO_RD.uasset" 401
"../../../J005627b/Content/Mannequin/Animations/AO_RU.uasset" 402
"../../../J005627b/Content/Mannequin/Animations/Owen_AimOffset.uasset" 403
"../../../J005627b/Content/Mannequin/Animations/Equip_Rifle_Standing.uasset" 404
"../../../J005627b/Content/Mannequin/Animations/Fire_Rifle_Ironsights.uasset" 405
"../../../J005627b/Content/Mannequin/Animations/Idle_ModifyBones.uasset" 406
"../../../J005627b/Content/Mannequin/Animations/Reload_Rifle_Ironsights.uasset" 407
"../../../J005627b/Content/Mannequin/Animations/ThirdPersonJump_End.uasset" 408
"../../../J005627b/Content/Mannequin/Animations/ThirdPersonJump_Loop.uasset" 409
"../../../J005627b/Content/Mannequin/Animations/ThirdPersonJump_Start.uasset" 410
"../../../J005627b/Content/Student/Blueprints/Inventory/AmmoTypes.uasset" 411
"../../../J005627b/Content/Student/Blueprints/Inventory/ItemTypes.uasset" 412
"../../../J005627b/Content/Student/Blueprints/Inventory/RarityTypes.uasset" 413
"../../../J005627b/Content/Student/Blueprints/Inventory/ResourceTypes.uasset" 414
"../../../J005627b/Content/Student/Blueprints/Inventory/InventoryItem.uasset" 415
"../../../J005627b/Content/Student/UI/Ammo.uasset" 416
"../../../J005627b/Content/Student/UI/CrossHairs.uasset" 417
"../../../J005627b/Content/Student/UI/Buttons/ProgressBar_Border.uasset" 418
"../../../J005627b/Content/Student/UI/Buttons/ProgressBar_Empty.uasset" 419
"../../../J005627b/Content/Student/UI/Buttons/ProgressBar_Full_Blue.uasset" 420
"../../../J005627b/Content/Student/UI/HealthBar.uasset" 421
"../../../J005627b/Content/Student/UI/HUDLayout.uasset" 422
"../../../J005627b/Content/Student/UI/MyHUD.uasset" 423
"../../../J005627b/Content/Student/UI/space_age.uasset" 424
"../../../J005627b/Content/Student/UI/space_age_Font.uasset" 425
"../../../J005627b/Content/Student/UI/InventorySlot.uasset" 426
"../../../J005627b/Content/Student/UI/Buttons/CurrentItem.uasset" 427
"../../../J005627b/Content/Student/UI/Buttons/ItemDescriptionBox.uasset" 428
"../../../J005627b/Content/Student/UI/Inventory.uasset" 429
"../../../J005627b/Content/Student/Blueprints/GameModes/GamePlayStates.uasset" 430
"../../../J005627b/Content/Student/UI/Buttons/Button_2_Hovered.uasset" 431
"../../../J005627b/Content/Student/UI/Buttons/Button_2_Normal.uasset" 432
"../../../J005627b/Content/Student/UI/PauseMenu.uasset" 433
"../../../J005627b/Content/Student/Blueprints/MyPlayerController.uasset" 434
"../../../J005627b/Content/Student/Blueprints/PlayerAnimationBlueprint.uasset" 435
"../../../J005627b/Content/Student/Blueprints/SoundAttenuation.uasset" 436
"../../../J005627b/Content/Student/Blueprints/BaseWeapon.uasset" 437
"../../../J005627b/Content/Mannequin/Character/Materials/M_UE4Man_Body.uasset" 438
"../../../J005627b/Content/Mannequin/Character/Mesh/SK_Mannequin.uasset" 439
"../../../J005627b/Content/Student/Assets/AssaultRifle_PhysicsAsset.uasset" 440
"../../../J005627b/Content/Student/Assets/Grenade_Launcher_Skeleton.uasset" 441
"../../../J005627b/Content/Student/Assets/AssaultRifle.uasset" 442
"../../../J005627b/Content/Student/Blueprints/MyCharacter.uasset" 443
"../../../J005627b/Content/Student/Blueprints/Pickups/BasePickup.uasset" 444
"../../../J005627b/Content/Student/Assets/StaticMeshes/AmmoBox.uasset" 445
"../../../J005627b/Content/Student/UI/Icons/Bullets.uasset" 446
"../../../J005627b/Content/Student/Blueprints/Pickups/BulletsPickup.uasset" 447
"../../../J005627b/Content/Student/Assets/StaticMeshes/GrenadeAmmoBox.uasset" 448
"../../../J005627b/Content/Student/UI/Icons/Grenades.uasset" 449
"../../../J005627b/Content/Student/Blueprints/Pickups/GrenadesPickup.uasset" 450
"../../../J005627b/Content/Student/Assets/Textures/HealthPickip_Albedo.uasset" 451
"../../../J005627b/Content/Student/Assets/Materials/HealthPickup.uasset" 452
"../../../J005627b/Content/Student/Assets/StaticMeshes/Health_Pickup.uasset" 453
"../../../J005627b/Content/Student/UI/Icons/HealthPack.uasset" 454
"../../../J005627b/Content/Student/Blueprints/Pickups/HealthPickup.uasset" 455
"../../../J005627b/Content/Student/UI/Icons/MetalSheets.uasset" 456
"../../../J005627b/Content/Student/Blueprints/Pickups/MetalSheetsPickup.uasset" 457
"../../../J005627b/Content/StarterContent/Textures/T_Metal_Copper_D.uasset" 458
"../../../J005627b/Content/StarterContent/Textures/T_Metal_Gold_N.uasset" 459
"../../../J005627b/Content/StarterContent/Materials/M_Metal_Copper.uasset" 460
"../../../J005627b/Content/Student/Assets/StaticMeshes/Resources_Pipes.uasset" 461
"../../../J005627b/Content/Student/UI/Icons/Pipes.uasset" 462
"../../../J005627b/Content/Student/Blueprints/Pickups/PipesPickup.uasset" 463
"../../../J005627b/Content/Student/UI/Icons/Springs.uasset" 464
"../../../J005627b/Content/Student/Blueprints/Pickups/SpringsPickup.uasset" 465
"../../../J005627b/Content/Student/UI/FloatingHealthBar.uasset" 466
"../../../J005627b/Content/Student/Blueprints/Enemies/EnemyCharacter.uasset" 467
"../../../Engine/Content/BasicShapes/BasicShapeMaterial.uasset" 468
"../../../Engine/Content/BasicShapes/Sphere.uasset" 469
"../../../J005627b/Content/Student/Blueprints/Core.uasset" 470
"../../../J005627b/Content/Student/Assets/Textures/Spline.uasset" 471
"../../../J005627b/Content/Student/Assets/Materials/EnemyPathSpline.uasset" 472
"../../../J005627b/Content/Student/Assets/StaticMeshes/SplineMesh.uasset" 473
"../../../J005627b/Content/Student/Blueprints/Enemies/EnemySpawnPoint.uasset" 474
"../../../J005627b/Content/Student/Blueprints/Enemies/EnemyManager.uasset" 475
"../../../J005627b/Content/Student/Assets/Materials/TurretBase.uasset" 476
"../../../J005627b/Content/Student/Assets/StaticMeshes/Turret_Base.uasset" 477
"../../../J005627b/Content/Student/Assets/StaticMeshes/Turret_Holder.uasset" 478
"../../../J005627b/Content/Student/Blueprints/Turrets/BaseTurret.uasset" 479
"../../../Engine/Content/EngineDamageTypes/DmgTypeBP_Environmental.uasset" 480
"../../../J005627b/Content/Student/SoundEffects/GunShot.uasset" 481
"../../../J005627b/Content/Student/Blueprints/Turrets/Turret_MiniGun.uasset" 482
"../../../J005627b/Content/Student/Blueprints/Turrets/Turret_RailGun.uasset" 483
"../../../J005627b/Content/Student/UI/Buttons/Cursor.uasset" 484
"../../../J005627b/Content/Student/UI/DefaultCursor.uasset" 485
"../../../J005627b/Content/Student/UI/Buttons/Button_Hovered.uasset" 486
"../../../J005627b/Content/Student/UI/Buttons/Button_Normal.uasset" 487
"../../../J005627b/Content/Student/UI/ModeSelect.uasset" 488
"../../../J005627b/Content/Student/UI/OptionsMenu.uasset" 489
"../../../J005627b/Content/Student/UI/MenuScreen.uasset" 490
"../../../Engine/Plugins/2D/Paper2D/Content/DummySprite.uasset" 491
"../../../Engine/Plugins/2D/Paper2D/Content/DefaultPaperTerrainMaterial.uasset" 492
"../../../Engine/Plugins/2D/Paper2D/Content/DefaultSpriteMaterial.uasset" 493
"../../../Engine/Plugins/2D/Paper2D/Content/MaskedUnlitSpriteMaterial.uasset" 494
"../../../Engine/Plugins/2D/Paper2D/Content/OpaqueUnlitSpriteMaterial.uasset" 495
"../../../Engine/Content/Maps/Entry.umap" 496
"../../../Engine/Content/EngineSky/C_Sky_Cloud_Color.uasset" 497
"../../../Engine/Content/EngineSky/C_Sky_Horizon_Color.uasset" 498
"../../../Engine/Content/EngineSky/C_Sky_Zenith_Color.uasset" 499
"../../../Engine/Content/EngineSky/T_Sky_Blue.uasset" 500
"../../../Engine/Content/EngineSky/T_Sky_Clouds_M.uasset" 501
"../../../Engine/Content/EngineSky/T_Sky_Stars.uasset" 502
"../../../Engine/Content/EngineSky/M_Sky_Panning_Clouds2.uasset" 503
"../../../Engine/Content/EngineSky/SM_SkySphere.uasset" 504
"../../../Engine/Content/EngineSky/BP_Sky_Sphere.uasset" 505
"../../../J005627b/Content/Student/Blueprints/MenuScreenPawn.uasset" 506
"../../../J005627b/Content/Student/Levels/MenuScreen.umap" 507
