Log file open, 01/24/18 16:04:58
LogWindows: Failed to load 'aqProf.dll' (GetLastError=126)
LogWindows: File 'aqProf.dll' does not exist
LogWindows: Failed to load 'VtuneApi.dll' (GetLastError=126)
LogWindows: File 'VtuneApi.dll' does not exist
LogWindows: Failed to load 'VtuneApi32e.dll' (GetLastError=126)
LogWindows: File 'VtuneApi32e.dll' does not exist
LogInit: Display: Running engine for game: J005627b
LogPlatformFile: Not using cached read wrapper
LogInit: Display: RandInit(-718849923) SRandInit(-718849923).
LogTaskGraph: Started task graph with 5 named threads and 14 total threads with 3 sets of task threads.
LogStats: Stats thread started at 5.688271
LogD3D11RHI: Aftermath initialized
LogPluginManager: Mounting plugin Paper2D
LogPluginManager: Mounting plugin LightPropagationVolume
LogPluginManager: Mounting plugin CodeLiteSourceCodeAccess
LogPluginManager: Mounting plugin GitSourceControl
LogPluginManager: Mounting plugin KDevelopSourceCodeAccess
LogPluginManager: Mounting plugin NullSourceCodeAccess
LogPluginManager: Mounting plugin PerforceSourceControl
LogPluginManager: Mounting plugin SubversionSourceControl
LogPluginManager: Mounting plugin UObjectPlugin
LogPluginManager: Mounting plugin VisualStudioSourceCodeAccess
LogPluginManager: Mounting plugin XCodeSourceCodeAccess
LogPluginManager: Mounting plugin AssetManagerEditor
LogPluginManager: Mounting plugin AudioCapture
LogPluginManager: Mounting plugin FacialAnimation
LogPluginManager: Mounting plugin GameplayTagsEditor
LogPluginManager: Mounting plugin MobileLauncherProfileWizard
LogPluginManager: Mounting plugin PluginBrowser
LogPluginManager: Mounting plugin SpeedTreeImporter
LogPluginManager: Mounting plugin AlembicImporter
LogPluginManager: Mounting plugin CharacterAI
LogPluginManager: Mounting plugin HTML5Networking
LogPluginManager: Mounting plugin AndroidMedia
LogPluginManager: Mounting plugin AvfMedia
LogPluginManager: Mounting plugin MediaPlayerEditor
LogPluginManager: Mounting plugin WmfMedia
LogPluginManager: Mounting plugin TcpMessaging
LogPluginManager: Mounting plugin UdpMessaging
LogPluginManager: Mounting plugin LevelSequenceEditor
LogPluginManager: Mounting plugin MatineeToLevelSequence
LogPluginManager: Mounting plugin OnlineSubsystemGooglePlay
LogPluginManager: Mounting plugin OnlineSubsystemIOS
LogPluginManager: Mounting plugin OnlineSubsystem
LogPluginManager: Mounting plugin OnlineSubsystemNull
LogPluginManager: Mounting plugin OnlineSubsystemUtils
LogPluginManager: Mounting plugin AndroidDeviceProfileSelector
LogPluginManager: Mounting plugin AndroidMoviePlayer
LogPluginManager: Mounting plugin AndroidPermission
LogPluginManager: Mounting plugin AppleMoviePlayer
LogPluginManager: Mounting plugin ArchVisCharacter
LogPluginManager: Mounting plugin CableComponent
LogPluginManager: Mounting plugin CustomMeshComponent
LogPluginManager: Mounting plugin ExampleDeviceProfileSelector
LogPluginManager: Mounting plugin GoogleCloudMessaging
LogPluginManager: Mounting plugin ImmediatePhysics
LogPluginManager: Mounting plugin IOSDeviceProfileSelector
LogPluginManager: Mounting plugin LinuxDeviceProfileSelector
LogPluginManager: Mounting plugin LocationServicesBPLibrary
LogPluginManager: Mounting plugin MobilePatchingUtils
LogPluginManager: Mounting plugin OculusVR
LogPluginManager: Mounting plugin PhysXVehicles
LogPluginManager: Mounting plugin ProceduralMeshComponent
LogPluginManager: Mounting plugin RuntimePhysXCooking
LogPluginManager: Mounting plugin SteamVR
LogPluginManager: Mounting plugin WindowsMoviePlayer
LogInit: Using libcurl 7.47.1
LogInit:  - built for x86_64-pc-win32
LogInit:  - supports SSL with OpenSSL/1.0.2g
LogInit:  - supports HTTP deflate (compression) using libz 1.2.8
LogInit:  - other features:
LogInit:      CURL_VERSION_SSL
LogInit:      CURL_VERSION_LIBZ
LogInit:      CURL_VERSION_IPV6
LogInit:      CURL_VERSION_ASYNCHDNS
LogInit:      CURL_VERSION_LARGEFILE
LogInit:      CURL_VERSION_IDN
LogInit:  CurlRequestOptions (configurable via config and command line):
LogInit:  - bVerifyPeer = false  - Libcurl will NOT verify peer certificate
LogInit:  - bUseHttpProxy = false  - Libcurl will NOT use HTTP proxy
LogInit:  - bDontReuseConnections = false  - Libcurl will reuse connections
LogInit:  - CertBundlePath = nullptr  - Libcurl will use whatever was configured at build time.
LogInit: Build: ++UE4+Release-4.17-CL-3658906
LogInit: Engine Version: 4.17.2-3658906+++UE4+Release-4.17
LogInit: Compatible Engine Version: 4.17.0-3573198+++UE4+Release-4.17
LogInit: Net CL: 3573198
LogDevObjectVersion: Number of dev versions registered: 16
LogDevObjectVersion:   Dev-Blueprints (B0D832E4-1F89-4F0D-ACCF-7EB736FD4AA2): 10
LogDevObjectVersion:   Dev-Build (E1C64328-A22C-4D53-A36C-8E866417BD8C): 0
LogDevObjectVersion:   Dev-Core (375EC13C-06E4-48FB-B500-84F0262A717E): 2
LogDevObjectVersion:   Dev-Editor (E4B068ED-F494-42E9-A231-DA0B2E46BB41): 20
LogDevObjectVersion:   Dev-Framework (CFFC743F-43B0-4480-9391-14DF171D2073): 28
LogDevObjectVersion:   Dev-Mobile (B02B49B5-BB20-44E9-A304-32B752E40360): 0
LogDevObjectVersion:   Dev-Networking (A4E4105C-59A1-49B5-A7C5-40C4547EDFEE): 0
LogDevObjectVersion:   Dev-Online (39C831C9-5AE6-47DC-9A44-9C173E1C8E7C): 0
LogDevObjectVersion:   Dev-Physics (78F01B33-EBEA-4F98-B9B4-84EACCB95AA2): 0
LogDevObjectVersion:   Dev-Platform (6631380F-2D4D-43E0-8009-CF276956A95A): 0
LogDevObjectVersion:   Dev-Rendering (12F88B9F-8875-4AFC-A67C-D90C383ABD29): 19
LogDevObjectVersion:   Dev-Sequencer (7B5AE74C-D270-4C10-A958-57980B212A5A): 4
LogDevObjectVersion:   Dev-VR (D7296918-1DD6-4BDD-9DE2-64A83CC13884): 0
LogDevObjectVersion:   Dev-LoadTimes (C2A15278-BFE7-4AFE-6C17-90FF531DF755): 1
LogDevObjectVersion:   Private-Geometry (6EACA3D4-40EC-4CC1-B786-8BED09428FC5): 1
LogDevObjectVersion:   Dev-AnimPhys (29E575DD-E0A3-4627-9D10-D276232CDCEA): 7
LogInit: Compiled (64-bit): Sep 22 2017 13:47:16
LogInit: Compiled with Visual C++: 19.00.24215.01
LogInit: Build Configuration: Development
LogInit: Branch Name: ++UE4+Release-4.17
LogInit: Command line:  
LogInit: Base directory: E:/Unreal Tournament/UE_4.17/Engine/Binaries/Win64/
LogInit: Installed Engine Build: 1
LogInit: Presizing for max 8388607 objects, including 0 objects not considered by GC, pre-allocating 0 bytes for permanent pool.
LogInit: Object subsystem initialized
[2018.01.24-16.05.00:890][  0]LogInit: Selected Device Profile: [Windows]
[2018.01.24-16.05.00:890][  0]LogInit: Applying CVar settings loaded from the selected device profile: [Windows]
[2018.01.24-16.05.00:989][  0]LogInit: Computer: FLUKIERJUPITER
[2018.01.24-16.05.00:989][  0]LogInit: User: Thomas
[2018.01.24-16.05.00:989][  0]LogInit: CPU Page size=4096, Cores=4
[2018.01.24-16.05.00:989][  0]LogInit: High frequency timer resolution =3.320312 MHz
[2018.01.24-16.05.00:989][  0]LogMemory: Memory total: Physical=15.9GB (16GB approx)
[2018.01.24-16.05.00:989][  0]LogMemory: Platform Memory Stats for Windows
[2018.01.24-16.05.00:989][  0]LogMemory: Process Physical Memory: 279.36 MB used, 279.36 MB peak
[2018.01.24-16.05.00:989][  0]LogMemory: Process Virtual Memory: 290.12 MB used, 290.12 MB peak
[2018.01.24-16.05.00:989][  0]LogMemory: Physical Memory: 4818.14 MB used,  11509.79 MB free, 16327.93 MB total
[2018.01.24-16.05.00:989][  0]LogMemory: Virtual Memory: 717.52 MB used,  11509.79 MB free, 134217728.00 MB total
[2018.01.24-16.05.02:628][  0]LogInit: Using OS detected language (en-GB).
[2018.01.24-16.05.02:628][  0]LogInit: Using OS detected locale (en-GB).
[2018.01.24-16.05.03:186][  0]LogTextLocalizationManager: No specific localization for 'en-GB' exists, so the 'en' localization will be used.
[2018.01.24-16.05.11:702][  0]LogD3D11RHI: D3D11 adapters:
[2018.01.24-16.05.11:748][  0]LogD3D11RHI:    0. 'NVIDIA GeForce GTX 1080' (Feature Level 11_0)
[2018.01.24-16.05.11:748][  0]LogD3D11RHI:       8079/0/8163 MB DedicatedVideo/DedicatedSystem/SharedSystem, Outputs:2, VendorId:0x10de
[2018.01.24-16.05.11:750][  0]LogD3D11RHI:    1. 'Microsoft Basic Render Driver' (Feature Level 11_0)
[2018.01.24-16.05.11:750][  0]LogD3D11RHI:       0/0/8163 MB DedicatedVideo/DedicatedSystem/SharedSystem, Outputs:0, VendorId:0x1414
[2018.01.24-16.05.11:750][  0]LogD3D11RHI: Chosen D3D11 Adapter: 0
[2018.01.24-16.05.11:755][  0]LogD3D11RHI: Creating new Direct3DDevice
[2018.01.24-16.05.11:755][  0]LogD3D11RHI:     GPU DeviceId: 0x1b80 (for the marketing name, search the web for "GPU Device Id")
[2018.01.24-16.05.11:755][  0]LogWindows: EnumDisplayDevices:
[2018.01.24-16.05.11:755][  0]LogWindows:    0. 'NVIDIA GeForce GTX 1080' (P:0 D:1)
[2018.01.24-16.05.11:755][  0]LogWindows:    1. 'NVIDIA GeForce GTX 1080' (P:1 D:1)
[2018.01.24-16.05.11:755][  0]LogWindows:    2. 'NVIDIA GeForce GTX 1080' (P:0 D:0)
[2018.01.24-16.05.11:755][  0]LogWindows:    3. 'NVIDIA GeForce GTX 1080' (P:0 D:0)
[2018.01.24-16.05.11:755][  0]LogWindows: DebugString: GetVideoDriverDetailsInvalid PrimaryIsNotTheChoosenAdapter GetVideoDriverDetailsInvalid PrimaryIsNotTheChoosenAdapter GetVideoDriverDetailsInvalid PrimaryIsNotTheChoosenAdapter GetVideoDriverDetailsInvalid PrimaryIsNotTheChoosenAdapter FoundDriverCount:0 
[2018.01.24-16.05.11:755][  0]LogD3D11RHI:     Adapter Name: NVIDIA GeForce GTX 1080
[2018.01.24-16.05.11:755][  0]LogD3D11RHI:   Driver Version: Unknown (internal:Unknown, unified:Unknown)
[2018.01.24-16.05.11:755][  0]LogD3D11RHI:      Driver Date: Unknown
[2018.01.24-16.05.11:755][  0]LogRHI: Texture pool is 1361 MB (70% of 1945 MB)
[2018.01.24-16.05.11:776][  0]LogD3D11RHI: Async texture creation enabled
[2018.01.24-16.05.11:793][  0]LogD3D11RHI: GPU Timing Frequency: 1000.000000 (Debug: 2 2)
[2018.01.24-16.05.11:837][  0]LogShaderCompilers: Guid format shader working directory is -67 characters bigger than the processId version (F:/Documents/OneDrive - Staffordshire University/University Work/Advanced 3D Games Engines and Scripting/J005627b/Intermediate/Shaders/WorkingDirectory/10936/).
[2018.01.24-16.05.11:837][  0]LogShaderCompilers: Cleaned the shader compiler working directory 'C:/Users/Thomas/AppData/Local/Temp/UnrealShaderWorkingDir/59BC8BF240A43BC3B952539623758C6B/'.
[2018.01.24-16.05.11:837][  0]LogShaderCompilers: Display: Using Local Shader Compiler.
[2018.01.24-16.05.16:098][  0]LogTemp: Display: Loaded TP AllDesktopTargetPlatform
[2018.01.24-16.05.16:129][  0]LogTemp: Display: Loaded TP MacClientTargetPlatform
[2018.01.24-16.05.16:160][  0]LogTemp: Display: Loaded TP MacNoEditorTargetPlatform
[2018.01.24-16.05.16:191][  0]LogTemp: Display: Loaded TP MacServerTargetPlatform
[2018.01.24-16.05.16:246][  0]LogTemp: Display: Loaded TP MacTargetPlatform
[2018.01.24-16.05.16:277][  0]LogTemp: Display: Loaded TP WindowsClientTargetPlatform
[2018.01.24-16.05.16:309][  0]LogTemp: Display: Loaded TP WindowsNoEditorTargetPlatform
[2018.01.24-16.05.16:341][  0]LogTemp: Display: Loaded TP WindowsServerTargetPlatform
[2018.01.24-16.05.16:367][  0]LogTemp: Display: Loaded TP WindowsTargetPlatform
[2018.01.24-16.05.16:425][  0]LogTemp: Display: Loaded TP AndroidTargetPlatform
[2018.01.24-16.05.16:456][  0]LogTemp: Display: Loaded TP Android_ASTCTargetPlatform
[2018.01.24-16.05.16:487][  0]LogTemp: Display: Loaded TP Android_ATCTargetPlatform
[2018.01.24-16.05.16:517][  0]LogTemp: Display: Loaded TP Android_DXTTargetPlatform
[2018.01.24-16.05.16:548][  0]LogTemp: Display: Loaded TP Android_ETC1TargetPlatform
[2018.01.24-16.05.16:578][  0]LogTemp: Display: Loaded TP Android_ETC2TargetPlatform
[2018.01.24-16.05.16:638][  0]LogTemp: Display: Loaded TP Android_MultiTargetPlatform
[2018.01.24-16.05.16:638][  0]LogTemp: Display: Loaded TP Android_PVRTCTargetPlatform
[2018.01.24-16.05.16:660][  0]LogTemp: Display: Loaded TP HTML5TargetPlatform
[2018.01.24-16.05.16:838][  0]LogTemp: Display: Loaded TP IOSTargetPlatform
[2018.01.24-16.05.16:856][  0]LogTemp: Display: Loaded TP TVOSTargetPlatform
[2018.01.24-16.05.16:887][  0]LogTemp: Display: Loaded TP LinuxClientTargetPlatform
[2018.01.24-16.05.16:917][  0]LogTemp: Display: Loaded TP LinuxNoEditorTargetPlatform
[2018.01.24-16.05.16:948][  0]LogTemp: Display: Loaded TP LinuxServerTargetPlatform
[2018.01.24-16.05.16:982][  0]LogTemp: Display: Loaded TP LinuxTargetPlatform
[2018.01.24-16.05.16:982][  0]LogTargetPlatformManager: Display: Building Assets For Windows
[2018.01.24-16.05.18:842][  0]LogDerivedDataCache: Display: Max Cache Size: 512 MB
[2018.01.24-16.05.19:214][  0]LogDerivedDataCache: Loaded boot cache 0.37s 92MB C:/Users/Thomas/AppData/Local/UnrealEngine/4.17/DerivedDataCache/Boot.ddc.
[2018.01.24-16.05.19:214][  0]LogDerivedDataCache: Display: Loaded Boot cache: C:/Users/Thomas/AppData/Local/UnrealEngine/4.17/DerivedDataCache/Boot.ddc
[2018.01.24-16.05.19:215][  0]LogDerivedDataCache: FDerivedDataBackendGraph:  Pak pak cache file F:/Documents/OneDrive - Staffordshire University/University Work/Advanced 3D Games Engines and Scripting/J005627b/DerivedDataCache/DDC.ddp not found, will not use a pak cache.
[2018.01.24-16.05.19:215][  0]LogDerivedDataCache: Unable to find inner node Pak for hierarchical cache Hierarchy.
[2018.01.24-16.05.19:215][  0]LogDerivedDataCache: FDerivedDataBackendGraph:  CompressedPak pak cache file F:/Documents/OneDrive - Staffordshire University/University Work/Advanced 3D Games Engines and Scripting/J005627b/DerivedDataCache/Compressed.ddp not found, will not use a pak cache.
[2018.01.24-16.05.19:215][  0]LogDerivedDataCache: Unable to find inner node CompressedPak for hierarchical cache Hierarchy.
[2018.01.24-16.05.19:557][  0]LogDerivedDataCache: Display: Pak cache opened for reading ../../../Engine/DerivedDataCache/Compressed.ddp.
[2018.01.24-16.05.19:569][  0]LogDerivedDataCache: Using Local data cache path C:/Users/Thomas/AppData/Local/UnrealEngine/Common/DerivedDataCache: Writable
[2018.01.24-16.05.19:608][  0]LogMaterial: Verifying Global Shaders for PCD3D_SM5
[2018.01.24-16.05.19:608][  0]LogSlate: Using Freetype 2.6.0
[2018.01.24-16.05.19:751][  0]LogSlate: SlateFontCache - WITH_FREETYPE: 1, WITH_HARFBUZZ: 1
[2018.01.24-16.05.19:751][  0]LogSlate: SlateFontCache - WITH_FREETYPE: 1, WITH_HARFBUZZ: 1
[2018.01.24-16.05.27:047][  0]LogAssetRegistry: FAssetRegistry took 0.0246 seconds to start up
[2018.01.24-16.05.27:614][  0]LogInit: Selected Device Profile: [Windows]
[2018.01.24-16.05.32:024][  0]LogContentStreaming: Texture pool size is 0.00 MB
[2018.01.24-16.05.34:361][  0]LogSimplygon: Simplygon DLL not present - disabling.
[2018.01.24-16.05.34:454][  0]LogMeshReduction: Using SimplygonSwarm for distributed automatic mesh merging
[2018.01.24-16.05.34:469][  0]LogMeshReduction: Using QuadricMeshReduction for automatic static mesh reduction
[2018.01.24-16.05.34:488][  0]LogMeshReduction: No automatic skeletal mesh reduction module available
[2018.01.24-16.05.34:488][  0]LogMeshReduction: No automatic mesh merging module available
[2018.01.24-16.05.34:488][  0]LogMeshMerging: No automatic mesh merging module available
[2018.01.24-16.05.39:413][  0]LogNetVersion: J005627b , NetCL: 3573198, EngineNetVer: 2, GameNetVer: 0 (Checksum: 778622900)
[2018.01.24-16.05.40:349][  0]LogPackageLocalizationCache: Processed 5 localized package path(s) for 2 prioritized culture(s) in 0.039519 seconds
[2018.01.24-16.05.40:355][  0]LogUObjectArray: 35825 objects as part of root set at end of initial load.
[2018.01.24-16.05.40:355][  0]LogUObjectAllocator: 7529104 out of 0 bytes used by permanent object pool.
[2018.01.24-16.05.40:355][  0]LogUObjectArray: CloseDisregardForGC: 0/0 objects in disregard for GC pool
[2018.01.24-16.05.40:386][  0]LogInit: WinSock: version 1.1 (2.2), MaxSocks=32767, MaxUdp=65467
[2018.01.24-16.06.10:157][  0]LogTcpMessaging: Initializing TcpMessaging bridge
[2018.01.24-16.06.10:254][  0]LogUdpMessaging: Initializing bridge on interface 0.0.0.0:0 to multicast group 230.0.0.1:6666.
[2018.01.24-16.06.12:404][  0]LogMaterial: Uniform references updated for custom material expression Custom.
[2018.01.24-16.06.13:631][  0]SourceControl: Source control is disabled
[2018.01.24-16.06.13:631][  0]SourceControl: Source control is disabled
[2018.01.24-16.06.13:760][  0]SourceControl: Source control is disabled
[2018.01.24-16.06.13:798][  0]SourceControl: Source control is disabled
[2018.01.24-16.06.14:772][  0]LogAndroidPermission: UAndroidPermissionCallbackProxy::GetInstance
[2018.01.24-16.06.14:959][  0]LogOcInput: OculusInput pre-init called
[2018.01.24-16.06.15:559][  0]LogEngine: Initializing Engine...
[2018.01.24-16.06.15:561][  0]LogHMD: Failed to initialize OpenVR with code 100
[2018.01.24-16.06.18:018][  0]LogStats: UGameplayTagsManager::ConstructGameplayTagTree: Construct from data asset -  0.000 s
[2018.01.24-16.06.18:018][  0]LogStats: UGameplayTagsManager::ConstructGameplayTagTree: GameplayTagTreeChangedEvent.Broadcast -  0.000 s
[2018.01.24-16.06.18:128][  0]LogAIModule: Creating AISystem for world Untitled
[2018.01.24-16.06.18:140][  0]LogInit: XAudio2 using 'Speakers (Realtek High Definition Audio)' : 2 channels at 48 kHz using 32 bits per sample (channel mask 0x3)
[2018.01.24-16.06.18:165][  0]LogInit: FAudioDevice initialized.
[2018.01.24-16.06.18:256][  0]LogDerivedDataCache: Saved boot cache 0.09s 105MB C:/Users/Thomas/AppData/Local/UnrealEngine/4.17/DerivedDataCache/Boot.ddc.
[2018.01.24-16.06.18:266][  0]LogInit: Texture streaming: Enabled
[2018.01.24-16.06.18:346][  0]LogEngineSessionManager: EngineSessionManager initialized
[2018.01.24-16.06.18:785][  0]LogWindowsTextInputMethodSystem: Display: IME system now deactivated.
[2018.01.24-16.06.18:810][  0]LogInit: Transaction tracking system initialized
[2018.01.24-16.06.19:104][  0]BlueprintLog: New page: Editor Load
[2018.01.24-16.06.20:667][  0]LocalizationService: Localization service is disabled
[2018.01.24-16.06.21:864][  0]LogLinker: Warning: Can't find file '/Game/InventorySystem/InventoryTutorial'
[2018.01.24-16.06.21:864][  0]LogLinker: Warning: Can't find file '/Game/InventorySystem/InventoryTutorial'
[2018.01.24-16.06.21:864][  0]LogUObjectGlobals: Warning: Failed to find object 'Class /Game/InventorySystem/InventoryTutorial.InventoryTutorial_C'
[2018.01.24-16.06.22:274][  0]LogConsoleResponse: Display: 
[2018.01.24-16.06.27:093][  0]LogCook: Display: Max memory allowance for cook 16384mb min free memory 0mb
[2018.01.24-16.06.27:093][  0]LogCook: Display: Mobile HDR setting 1
[2018.01.24-16.06.27:093][  0]LogGameplayTags: Display: UGameplayTagsManager::DoneAddingNativeTags. DelegateIsBound: 0
[2018.01.24-16.06.28:376][  0]LogFileCache: Scanning file cache for directory 'F:/Documents/OneDrive - Staffordshire University/University Work/Advanced 3D Games Engines and Scripting/J005627b/Content/' took 0.02s
[2018.01.24-16.06.30:999][  0]SourceControl: Source control is disabled
[2018.01.24-16.06.30:999][  0]LogEditorServer: Warning: Can't find file 'F:/Documents/OneDrive - Staffordshire University/University Work/Advanced 3D Games Engines and Scripting/J005627b/Content/ThirdPersonBP/Maps/ThirdPersonExampleMap.umap'
[2018.01.24-16.06.31:000][  0]Cmd: MAP CHECKDEP NOCLEARLOG
[2018.01.24-16.06.31:028][  0]MapCheck: Map check complete: 0 Error(s), 0 Warning(s), took 28.297ms to complete.
[2018.01.24-16.06.31:028][  0]LogFileHelpers: Loading map 'ThirdPersonExampleMap' took 0.029
[2018.01.24-16.06.31:996][  0]LogCollectionManager: Loaded 0 collections in 0.000699 seconds
[2018.01.24-16.06.32:055][  0]LogFileCache: Scanning file cache for directory 'F:/Documents/OneDrive - Staffordshire University/University Work/Advanced 3D Games Engines and Scripting/J005627b/Saved/Collections/' took 0.01s
[2018.01.24-16.06.32:055][  0]LogFileCache: Scanning file cache for directory 'F:/Documents/OneDrive - Staffordshire University/University Work/Advanced 3D Games Engines and Scripting/J005627b/Content/Developers/Thomas/Collections/' took 0.01s
[2018.01.24-16.06.32:055][  0]LogFileCache: Scanning file cache for directory 'F:/Documents/OneDrive - Staffordshire University/University Work/Advanced 3D Games Engines and Scripting/J005627b/Content/Collections/' took 0.01s
[2018.01.24-16.06.32:055][  0]LogCollectionManager: Rebuilt the GUID cache for 0 collections in 0.000000 seconds
[2018.01.24-16.06.32:062][  0]LogContentBrowser: Native class hierarchy populated in 0.0068 seconds. Added 2387 classes and 502 folders.
[2018.01.24-16.06.32:096][  0]LogContentBrowser: Native class hierarchy updated for 'WidgetCarousel' in 0.0006 seconds. Added 0 classes and 0 folders.
[2018.01.24-16.06.34:047][  0]LogContentBrowser: Native class hierarchy updated for 'AddContentDialog' in 0.0005 seconds. Added 0 classes and 0 folders.
[2018.01.24-16.06.36:160][  0]LogTemp: Executing iPhonePackager certificates Engine -bundlename com.YourCompany.J005627b
[2018.01.24-16.06.36:160][  0]LogTemp: CWD: E:\Unreal Tournament\UE_4.17\Engine\Binaries\DotNET\IOS
[2018.01.24-16.06.36:160][  0]LogTemp: Initial Dir: E:\Unreal Tournament\UE_4.17
[2018.01.24-16.06.36:160][  0]LogTemp: Env CWD: E:\Unreal Tournament\UE_4.17\Engine\Binaries\DotNET\IOS
[2018.01.24-16.06.36:160][  0]LogTemp: BranchPath = FLUKIERJUPITER/E/Unreal Tournament/UE_4.17/Engine/Binaries --- GameBranchPath = FLUKIERJUPITER/E/Unreal Tournament/UE_4.17/Engine/Binaries
[2018.01.24-16.06.36:160][  0]LogTemp: IPP ERROR: Could not find provision directory 'C:\Users\Thomas\AppData\Local/Apple Computer/MobileDevice/Provisioning Profiles/'.
[2018.01.24-16.06.36:160][  0]LogSlate: Took 0.026076 seconds to synchronously load lazily loaded font '../../../Engine/Content/Slate/Fonts/Roboto-Regular.ttf' (155K)
[2018.01.24-16.06.36:175][  0]LogSlate: Took 0.013062 seconds to synchronously load lazily loaded font '../../../Engine/Content/Slate/Fonts/Roboto-Bold.ttf' (160K)
[2018.01.24-16.06.36:189][  0]LogSlate: Took 0.010047 seconds to synchronously load lazily loaded font '../../../Engine/Content/Editor/Slate/Fonts/FontAwesome.ttf' (139K)
[2018.01.24-16.06.36:447][  0]LogRenderer: Reallocating scene render targets to support 1616x860 Format 10 NumSamples 1 (Frame:1).
[2018.01.24-16.06.36:608][  0]LogContentBrowser: Native class hierarchy updated for 'HierarchicalLODOutliner' in 0.0006 seconds. Added 1 classes and 2 folders.
[2018.01.24-16.06.36:609][  0]LogLoad: (Engine Initialization) Total time: 120.18 seconds
[2018.01.24-16.06.36:609][  0]LogLoad: (Engine Initialization) Total Blueprint compile time: 0.00 seconds
[2018.01.24-16.06.36:609][  0]LogExternalProfiler: Found external profiler: VSPerf
[2018.01.24-16.06.36:609][  0]LogExternalProfiler: Using external profiler: VSPerf
[2018.01.24-16.06.36:640][  0]LogContentStreaming: Texture pool size now 1000 MB
[2018.01.24-16.06.36:720][  1]LogAssetRegistry: Asset discovery search completed in 69.6946 seconds
[2018.01.24-16.06.36:721][  1]LogCollectionManager: Rebuilt the object cache for 0 collections in 0.000000 seconds (found 0 objects)
[2018.01.24-16.06.36:721][  1]LogCollectionManager: Fixed up redirectors for 0 collections in 0.000042 seconds (updated 0 objects)
[2018.01.24-16.06.37:664][ 57]LogSlate: Took 0.004519 seconds to synchronously load lazily loaded font '../../../Engine/Content/Slate/Fonts/Roboto-Light.ttf' (159K)
[2018.01.24-16.08.17:287][660]LogTemp: Repeating last play command: Selected Viewport
[2018.01.24-16.08.17:464][660]LogPlayLevel: PlayLevel: No blueprints needed recompiling
[2018.01.24-16.08.17:465][660]PIE: New page: PIE session: Untitled_0 (24 Jan 2018 16:08:17)
[2018.01.24-16.08.17:542][660]LogPlayLevel: Creating play world package: /Temp/UEDPIE_0_Untitled_0
[2018.01.24-16.08.17:543][660]LogPlayLevel: PIE: StaticDuplicateObject took: (0.000479s)
[2018.01.24-16.08.17:543][660]LogAIModule: Creating AISystem for world Untitled
[2018.01.24-16.08.17:543][660]LogPlayLevel: PIE: World Init took: (0.000526s)
[2018.01.24-16.08.17:543][660]LogPlayLevel: PIE: Created PIE world by copying editor world from /Temp/Untitled_0.Untitled to /Temp/UEDPIE_0_Untitled_0.Untitled (0.001230s)
[2018.01.24-16.08.17:556][660]LogInit: XAudio2 using 'Speakers (Realtek High Definition Audio)' : 2 channels at 48 kHz using 32 bits per sample (channel mask 0x3)
[2018.01.24-16.08.17:568][660]LogInit: FAudioDevice initialized.
[2018.01.24-16.08.19:972][660]LogLoad: Game class is 'MenuScreenGameMode_C'
[2018.01.24-16.08.19:974][660]LogWorld: Bringing World /Temp/UEDPIE_0_Untitled_0.Untitled up for play (max tick rate 0) at 2018.01.24-16.08.19
[2018.01.24-16.08.19:974][660]LogWorld: Bringing up level for play took: 0.000768
[2018.01.24-16.08.19:999][660]LogContentBrowser: Native class hierarchy updated for 'MovieSceneCapture' in 0.0006 seconds. Added 11 classes and 0 folders.
[2018.01.24-16.08.20:002][660]PIE: Play in editor start time for /Temp/UEDPIE_0_Untitled_0 2.107
[2018.01.24-16.08.22:126][788]LogNet: Browse: /Game/Student/Levels/ThirdPersonExampleMap
[2018.01.24-16.08.22:141][788]LogLoad: LoadMap: /Game/Student/Levels/ThirdPersonExampleMap
[2018.01.24-16.08.22:157][788]Cmd: MEM
[2018.01.24-16.08.22:167][788]LogMemory: Platform Memory Stats for Windows
[2018.01.24-16.08.22:167][788]LogMemory: Process Physical Memory: 1169.43 MB used, 1359.43 MB peak
[2018.01.24-16.08.22:167][788]LogMemory: Process Virtual Memory: 1953.07 MB used, 2051.25 MB peak
[2018.01.24-16.08.22:167][788]LogMemory: Physical Memory: 6153.95 MB used,  10173.99 MB free, 16327.93 MB total
[2018.01.24-16.08.22:167][788]LogMemory: Virtual Memory: 2848.16 MB used,  10173.99 MB free, 134217728.00 MB total
[2018.01.24-16.08.22:167][788]LogMemory: 
[2018.01.24-16.08.22:167][788]Allocator Stats for TBB: (not implemented)
[2018.01.24-16.08.22:917][788]LogLinker: Display: CreateExport: Failed to load Parent for Function /Game/Student/Blueprints/Pickups/BulletsPickup.BulletsPickup_C:UserConstructionScript; removing parent information, but keeping function
[2018.01.24-16.08.22:939][788]LogLinker: Display: CreateExport: Failed to load Parent for Function /Game/Student/Blueprints/Pickups/GrenadesPickup.GrenadesPickup_C:UserConstructionScript; removing parent information, but keeping function
[2018.01.24-16.08.23:102][788]LogLinker: Display: CreateExport: Failed to load Parent for Function /Game/Student/Blueprints/Pickups/MetalSheetsPickup.MetalSheetsPickup_C:UserConstructionScript; removing parent information, but keeping function
[2018.01.24-16.08.23:148][788]LogLinker: Display: CreateExport: Failed to load Parent for Function /Game/Student/Blueprints/Pickups/PipesPickup.PipesPickup_C:UserConstructionScript; removing parent information, but keeping function
[2018.01.24-16.08.26:097][788]LogAIModule: Creating AISystem for world ThirdPersonExampleMap
[2018.01.24-16.08.26:097][788]LogLoad: Game class is 'GamePlayGameMode_C'
[2018.01.24-16.08.26:115][788]LogWorld: Bringing World /Game/Student/Levels/UEDPIE_0_ThirdPersonExampleMap.ThirdPersonExampleMap up for play (max tick rate 0) at 2018.01.24-16.08.26
[2018.01.24-16.08.26:116][788]LogWorld: Bringing up level for play took: 0.018276
[2018.01.24-16.08.26:120][788]LogLoad: Took 3.980461 seconds to LoadMap(/Game/Student/Levels/ThirdPersonExampleMap)
[2018.01.24-16.11.28:030][697]LogBlueprintUserMessages: [InventoryComponent] Inventory Full
[2018.01.24-16.11.52:963][193]LogBlueprintUserMessages: [InventoryComponent] Inventory Full
[2018.01.24-16.12.20:456][731]LogSlate: Took 0.000148 seconds to synchronously load lazily loaded font '../../../Engine/Content/Slate/Fonts/Roboto-Light.ttf' (159K)
[2018.01.24-16.12.20:881][731]LogAIModule: Creating AISystem for world ThirdPersonExampleMap
[2018.01.24-16.12.20:960][731]LightingResults: New page: Lighting Build
[2018.01.24-16.12.20:983][731]LogContentBrowser: Native class hierarchy updated for 'StatsViewer' in 0.0005 seconds. Added 5 classes and 0 folders.
[2018.01.24-16.12.20:984][731]LoadErrors: New page: Loading map: ThirdPersonExampleMap.umap
[2018.01.24-16.12.20:984][731]MapCheck: New page: Map Check
[2018.01.24-16.12.20:984][731]LightingResults: New page: Lighting Build
[2018.01.24-16.12.21:082][731]LogEditorServer: Finished looking for orphan Actors (0.000 secs)
[2018.01.24-16.12.21:160][731]Cmd: MAP CHECKDEP NOCLEARLOG
[2018.01.24-16.12.21:225][731]MapCheck: Map check complete: 0 Error(s), 0 Warning(s), took 64.773ms to complete.
[2018.01.24-16.12.21:225][731]LogFileHelpers: Loading map 'ThirdPersonExampleMap' took 0.266
[2018.01.24-16.41.42:973][177]LogContentBrowser: Native class hierarchy updated for 'BlueprintGraph' in 0.0010 seconds. Added 113 classes and 0 folders.
[2018.01.24-16.41.43:647][177]LogSlate: Took 0.002841 seconds to synchronously load lazily loaded font '../../../Engine/Content/Slate/Fonts/Roboto-Regular.ttf' (155K)
[2018.01.24-16.41.44:055][177]LogSlate: Took 0.024409 seconds to synchronously load lazily loaded font '../../../Engine/Content/Editor/Slate/Fonts/Roboto-BoldCondensed.ttf' (158K)
[2018.01.24-16.41.44:192][178]LogSlate: Took 0.016860 seconds to synchronously load lazily loaded font '../../../Engine/Content/Editor/Slate/Fonts/Roboto-Italic.ttf' (157K)
[2018.01.24-16.43.51:158][999]LogFileHelpers: Editor autosave (incl. sublevels) for '/Game/Student/Levels/ThirdPersonExampleMap' took 0.021
[2018.01.24-16.43.51:159][999]OBJ SavePackage: Generating thumbnails for [0] asset(s) in package [/Game/Student/Blueprints/GameModes/GamePlayGameMode] ([1] browsable assets)...
[2018.01.24-16.43.51:159][999]OBJ SavePackage: Finished generating thumbnails for package [/Game/Student/Blueprints/GameModes/GamePlayGameMode]
[2018.01.24-16.43.51:199][999]LogSavePackage: Save=29.83ms
[2018.01.24-16.43.51:199][999]LogSavePackage: Moving 'F:/Documents/OneDrive - Staffordshire University/University Work/Advanced 3D Games Engines and Scripting/J005627b/Saved/GamePlayGameMode_Auto1044872E54AC96714EC5453AE8BF8FEBB.tmp' to 'F:/Documents/OneDrive - Staffordshire University/University Work/Advanced 3D Games Engines and Scripting/J005627b/Saved/Autosaves/Game/Student/Blueprints/GameModes/GamePlayGameMode_Auto1.uasset'
[2018.01.24-16.43.51:200][999]LogSavePackage: Display: Finished SavePackage F:/Documents/OneDrive - Staffordshire University/University Work/Advanced 3D Games Engines and Scripting/J005627b/Saved/Autosaves/Game/Student/Blueprints/GameModes/GamePlayGameMode_Auto1.uasset
[2018.01.24-16.43.51:200][999]LogFileHelpers: Auto-saving content packages took 0.041
[2018.01.24-16.47.09:855][343]BlueprintLog: New page: Compile GamePlayGameMode
[2018.01.24-16.47.10:091][343]LogSavePackage: Save=35.77ms
[2018.01.24-16.47.10:091][343]LogSavePackage: Moving 'F:/Documents/OneDrive - Staffordshire University/University Work/Advanced 3D Games Engines and Scripting/J005627b/Saved/GamePlayGameMode8E9313404013DC65B7A161A9C2E237FE.tmp' to 'F:/Documents/OneDrive - Staffordshire University/University Work/Advanced 3D Games Engines and Scripting/J005627b/Content/Student/Blueprints/GameModes/GamePlayGameMode.uasset'
[2018.01.24-16.47.10:095][343]LogSavePackage: Display: Finished SavePackage F:/Documents/OneDrive - Staffordshire University/University Work/Advanced 3D Games Engines and Scripting/J005627b/Content/Student/Blueprints/GameModes/GamePlayGameMode.uasset
[2018.01.24-16.53.58:558][992]LogFileHelpers: Editor autosave (incl. sublevels) for '/Game/Student/Levels/ThirdPersonExampleMap' took 0.021
[2018.01.24-16.53.58:559][992]OBJ SavePackage: Generating thumbnails for [0] asset(s) in package [/Game/Student/Blueprints/GameModes/GamePlayGameMode] ([1] browsable assets)...
[2018.01.24-16.53.58:559][992]OBJ SavePackage: Finished generating thumbnails for package [/Game/Student/Blueprints/GameModes/GamePlayGameMode]
[2018.01.24-16.53.58:608][992]LogSavePackage: Save=38.90ms
[2018.01.24-16.53.58:608][992]LogSavePackage: Moving 'F:/Documents/OneDrive - Staffordshire University/University Work/Advanced 3D Games Engines and Scripting/J005627b/Saved/GamePlayGameMode_Auto2129340BB446370AE3BC3C4B5E69B09DF.tmp' to 'F:/Documents/OneDrive - Staffordshire University/University Work/Advanced 3D Games Engines and Scripting/J005627b/Saved/Autosaves/Game/Student/Blueprints/GameModes/GamePlayGameMode_Auto2.uasset'
[2018.01.24-16.53.58:609][992]LogSavePackage: Display: Finished SavePackage F:/Documents/OneDrive - Staffordshire University/University Work/Advanced 3D Games Engines and Scripting/J005627b/Saved/Autosaves/Game/Student/Blueprints/GameModes/GamePlayGameMode_Auto2.uasset
[2018.01.24-16.53.58:609][992]LogFileHelpers: Auto-saving content packages took 0.050
[2018.01.24-17.03.56:697][857]LogSlate: Took 0.023015 seconds to synchronously load lazily loaded font '../../../Engine/Content/Editor/Slate/Fonts/Roboto-BoldCondensedItalic.ttf' (160K)
[2018.01.24-17.06.35:735][867]LogFileHelpers: Editor autosave (incl. sublevels) for '/Game/Student/Levels/ThirdPersonExampleMap' took 0.033
[2018.01.24-17.06.35:736][867]OBJ SavePackage: Generating thumbnails for [0] asset(s) in package [/Game/Student/Blueprints/GameModes/GamePlayGameMode] ([1] browsable assets)...
[2018.01.24-17.06.35:736][867]OBJ SavePackage: Finished generating thumbnails for package [/Game/Student/Blueprints/GameModes/GamePlayGameMode]
[2018.01.24-17.06.35:811][867]LogSavePackage: Save=64.14ms
[2018.01.24-17.06.35:811][867]LogSavePackage: Moving 'F:/Documents/OneDrive - Staffordshire University/University Work/Advanced 3D Games Engines and Scripting/J005627b/Saved/GamePlayGameMode_Auto37B86224A4AFABA54AEA58C826D98A0CB.tmp' to 'F:/Documents/OneDrive - Staffordshire University/University Work/Advanced 3D Games Engines and Scripting/J005627b/Saved/Autosaves/Game/Student/Blueprints/GameModes/GamePlayGameMode_Auto3.uasset'
[2018.01.24-17.06.35:812][867]LogSavePackage: Display: Finished SavePackage F:/Documents/OneDrive - Staffordshire University/University Work/Advanced 3D Games Engines and Scripting/J005627b/Saved/Autosaves/Game/Student/Blueprints/GameModes/GamePlayGameMode_Auto3.uasset
[2018.01.24-17.06.35:812][867]LogFileHelpers: Auto-saving content packages took 0.075
[2018.01.24-17.09.17:992][651]BlueprintLog: New page: Compile GamePlayGameMode
[2018.01.24-17.09.18:269][651]LogSavePackage: Save=63.92ms
[2018.01.24-17.09.18:269][651]LogSavePackage: Moving 'F:/Documents/OneDrive - Staffordshire University/University Work/Advanced 3D Games Engines and Scripting/J005627b/Saved/GamePlayGameMode2A462C59436E692F706B948E7093D64D.tmp' to 'F:/Documents/OneDrive - Staffordshire University/University Work/Advanced 3D Games Engines and Scripting/J005627b/Content/Student/Blueprints/GameModes/GamePlayGameMode.uasset'
[2018.01.24-17.09.18:273][651]LogSavePackage: Display: Finished SavePackage F:/Documents/OneDrive - Staffordshire University/University Work/Advanced 3D Games Engines and Scripting/J005627b/Content/Student/Blueprints/GameModes/GamePlayGameMode.uasset
[2018.01.24-18.33.09:986][897]LogAudio: Warning: Current Audio Device with ID {0.0.0.00000000}.{dfcf6aad-8b96-4b0a-a5ac-1b2e9ce77bd9} was removed. Shutting down audio device.
[2018.01.24-20.57.43:995][918]LogAudio: Warning: Current Audio Device with ID {0.0.0.00000000}.{dfcf6aad-8b96-4b0a-a5ac-1b2e9ce77bd9} was removed. Shutting down audio device.
[2018.01.24-21.29.28:969][397]LogWindowsTextInputMethodSystem: Display: IME system now deactivated.
[2018.01.24-21.29.29:306][398]Cmd: QUIT_EDITOR
[2018.01.24-21.29.30:291][398]LogExit: Preparing to exit.
[2018.01.24-21.29.31:207][398]LogExit: Editor shut down
[2018.01.24-21.29.31:230][398]LogExit: Transaction tracking system shut down
[2018.01.24-21.29.31:481][398]LogDirectoryWatcher: A directory notification for '../../../Engine/Content/' was aborted.
[2018.01.24-21.29.31:481][398]LogDirectoryWatcher: A directory notification for 'F:/Documents/OneDrive - Staffordshire University/University Work/Advanced 3D Games Engines and Scripting/J005627b/Content/' was aborted.
[2018.01.24-21.29.31:481][398]LogDirectoryWatcher: A directory notification for '../../../Engine/Plugins/2D/Paper2D/Content/' was aborted.
[2018.01.24-21.29.31:481][398]LogDirectoryWatcher: A directory notification for '../../../Engine/Plugins/Runtime/Oculus/OculusVR/Content/' was aborted.
[2018.01.24-21.29.31:481][398]LogDirectoryWatcher: A directory notification for '../../../Engine/Plugins/Runtime/Steam/SteamVR/Content/' was aborted.
[2018.01.24-21.29.31:778][398]LogExit: Object subsystem successfully closed.
[2018.01.24-21.29.31:800][398]LogD3D11RHI: Shutdown
[2018.01.24-21.29.31:800][398]LogD3D11RHI: CleanupD3DDevice
[2018.01.24-21.29.31:894][398]LogD3D11RHI: ~FD3D11DynamicRHI
[2018.01.24-21.29.31:902][398]LogModuleManager: Shutting down and abandoning module BlueprintGraph (538)
[2018.01.24-21.29.31:902][398]LogModuleManager: Shutting down and abandoning module BlueprintProfiler (536)
[2018.01.24-21.29.31:902][398]LogModuleManager: Shutting down and abandoning module StatsViewer (534)
[2018.01.24-21.29.31:902][398]LogModuleManager: Shutting down and abandoning module MovieSceneCapture (532)
[2018.01.24-21.29.31:902][398]LogModuleManager: Shutting down and abandoning module HierarchicalLODOutliner (530)
[2018.01.24-21.29.31:902][398]LogModuleManager: Shutting down and abandoning module ExternalImagePicker (528)
[2018.01.24-21.29.31:902][398]LogModuleManager: Shutting down and abandoning module AddContentDialog (526)
[2018.01.24-21.29.31:902][398]LogDirectoryWatcher: A directory notification for 'E:/Unreal Tournament/UE_4.17/FeaturePacks/' was aborted.
[2018.01.24-21.29.31:908][398]LogModuleManager: Shutting down and abandoning module WidgetCarousel (525)
[2018.01.24-21.29.31:908][398]LogModuleManager: Shutting down and abandoning module EditorWidgets (522)
[2018.01.24-21.29.31:908][398]LogModuleManager: Shutting down and abandoning module CollectionManager (520)
[2018.01.24-21.29.31:908][398]LogDirectoryWatcher: A directory notification for 'F:/Documents/OneDrive - Staffordshire University/University Work/Advanced 3D Games Engines and Scripting/J005627b/Content/Collections/' was aborted.
[2018.01.24-21.29.31:908][398]LogDirectoryWatcher: A directory notification for 'F:/Documents/OneDrive - Staffordshire University/University Work/Advanced 3D Games Engines and Scripting/J005627b/Content/Developers/Thomas/Collections/' was aborted.
[2018.01.24-21.29.31:908][398]LogDirectoryWatcher: A directory notification for 'F:/Documents/OneDrive - Staffordshire University/University Work/Advanced 3D Games Engines and Scripting/J005627b/Saved/Collections/' was aborted.
[2018.01.24-21.29.31:908][398]LogModuleManager: Shutting down and abandoning module SceneOutliner (518)
[2018.01.24-21.29.31:908][398]LogModuleManager: Shutting down and abandoning module FoliageEdit (516)
[2018.01.24-21.29.31:908][398]LogModuleManager: Shutting down and abandoning module LandscapeEditor (514)
[2018.01.24-21.29.31:909][398]LogModuleManager: Shutting down and abandoning module MeshPaintMode (512)
[2018.01.24-21.29.31:909][398]LogModuleManager: Shutting down and abandoning module SceneDepthPickerMode (510)
[2018.01.24-21.29.31:909][398]LogModuleManager: Shutting down and abandoning module ActorPickerMode (508)
[2018.01.24-21.29.31:909][398]LogModuleManager: Shutting down and abandoning module GeometryMode (506)
[2018.01.24-21.29.31:909][398]LogModuleManager: Shutting down and abandoning module TextureAlignMode (504)
[2018.01.24-21.29.31:909][398]LogModuleManager: Shutting down and abandoning module BspMode (502)
[2018.01.24-21.29.31:909][398]LogModuleManager: Shutting down and abandoning module PIEPreviewDeviceProfileSelector (500)
[2018.01.24-21.29.31:909][398]LogModuleManager: Shutting down and abandoning module HardwareSurvey (498)
[2018.01.24-21.29.31:909][398]LogModuleManager: Shutting down and abandoning module SequenceRecorderSections (496)
[2018.01.24-21.29.31:909][398]LogModuleManager: Shutting down and abandoning module AutomationWorker (494)
[2018.01.24-21.29.31:909][398]LogModuleManager: Shutting down and abandoning module MatineeToLevelSequence (492)
[2018.01.24-21.29.31:909][398]LogModuleManager: Shutting down and abandoning module LevelSequenceEditor (490)
[2018.01.24-21.29.31:909][398]LogModuleManager: Shutting down and abandoning module PlacementMode (489)
[2018.01.24-21.29.31:909][398]LogModuleManager: Shutting down and abandoning module WmfMediaFactory (486)
[2018.01.24-21.29.31:909][398]LogModuleManager: Shutting down and abandoning module WmfMediaEditor (484)
[2018.01.24-21.29.31:909][398]LogModuleManager: Shutting down and abandoning module AvfMediaFactory (482)
[2018.01.24-21.29.31:909][398]LogModuleManager: Shutting down and abandoning module AvfMediaEditor (480)
[2018.01.24-21.29.31:909][398]LogModuleManager: Shutting down and abandoning module AndroidMediaFactory (478)
[2018.01.24-21.29.31:909][398]LogModuleManager: Shutting down and abandoning module Media (477)
[2018.01.24-21.29.31:909][398]LogModuleManager: Shutting down and abandoning module AndroidMediaEditor (474)
[2018.01.24-21.29.31:909][398]LogModuleManager: Shutting down and abandoning module CharacterAI (472)
[2018.01.24-21.29.31:909][398]LogModuleManager: Shutting down and abandoning module AudioCapture (470)
[2018.01.24-21.29.31:909][398]LogModuleManager: Shutting down and abandoning module SequenceRecorder (469)
[2018.01.24-21.29.31:909][398]LogModuleManager: Shutting down and abandoning module SmartSnapping (466)
[2018.01.24-21.29.31:909][398]LogModuleManager: Shutting down and abandoning module SessionServices (464)
[2018.01.24-21.29.31:909][398]LogModuleManager: Shutting down and abandoning module ViewportSnapping (462)
[2018.01.24-21.29.31:909][398]LogModuleManager: Shutting down and abandoning module ViewportInteraction (460)
[2018.01.24-21.29.31:909][398]LogModuleManager: Shutting down and abandoning module ClothPainter (458)
[2018.01.24-21.29.31:909][398]LogModuleManager: Shutting down and abandoning module LogVisualizer (456)
[2018.01.24-21.29.31:909][398]LogModuleManager: Shutting down and abandoning module IntroTutorials (454)
[2018.01.24-21.29.31:909][398]LogModuleManager: Shutting down and abandoning module GameProjectGeneration (453)
[2018.01.24-21.29.31:909][398]LogModuleManager: Shutting down and abandoning module IOSPlatformEditor (450)
[2018.01.24-21.29.31:909][398]LogModuleManager: Shutting down and abandoning module HTML5PlatformEditor (448)
[2018.01.24-21.29.31:909][398]LogModuleManager: Shutting down and abandoning module AndroidPlatformEditor (446)
[2018.01.24-21.29.31:909][398]LogModuleManager: Shutting down and abandoning module AndroidDeviceDetection (445)
[2018.01.24-21.29.31:923][398]LogModuleManager: Shutting down and abandoning module WindowsPlatformEditor (442)
[2018.01.24-21.29.31:924][398]LogModuleManager: Shutting down and abandoning module IOSRuntimeSettings (440)
[2018.01.24-21.29.31:924][398]LogModuleManager: Shutting down and abandoning module AndroidRuntimeSettings (438)
[2018.01.24-21.29.31:924][398]LogModuleManager: Shutting down and abandoning module InputBindingEditor (436)
[2018.01.24-21.29.31:924][398]LogModuleManager: Shutting down and abandoning module MergeActors (434)
[2018.01.24-21.29.31:924][398]LogModuleManager: Shutting down and abandoning module SizeMap (432)
[2018.01.24-21.29.31:924][398]LogModuleManager: Shutting down and abandoning module TreeMap (430)
[2018.01.24-21.29.31:924][398]LogModuleManager: Shutting down and abandoning module ReferenceViewer (428)
[2018.01.24-21.29.31:924][398]LogModuleManager: Shutting down and abandoning module LocalizationDashboard (426)
[2018.01.24-21.29.31:924][398]LogModuleManager: Shutting down and abandoning module LocalizationService (425)
[2018.01.24-21.29.31:924][398]LogModuleManager: Shutting down and abandoning module HardwareTargeting (422)
[2018.01.24-21.29.31:924][398]LogModuleManager: Shutting down and abandoning module DeviceProfileEditor (420)
[2018.01.24-21.29.31:924][398]LogModuleManager: Shutting down and abandoning module UndoHistory (418)
[2018.01.24-21.29.31:924][398]LogModuleManager: Shutting down and abandoning module XmlParser (416)
[2018.01.24-21.29.31:924][398]LogModuleManager: Shutting down and abandoning module Blutility (414)
[2018.01.24-21.29.31:924][398]LogModuleManager: Shutting down and abandoning module ProjectSettingsViewer (412)
[2018.01.24-21.29.31:924][398]LogModuleManager: Shutting down and abandoning module ProjectTargetPlatformEditor (411)
[2018.01.24-21.29.31:924][398]LogModuleManager: Shutting down and abandoning module EditorSettingsViewer (408)
[2018.01.24-21.29.31:924][398]LogModuleManager: Shutting down and abandoning module SettingsEditor (406)
[2018.01.24-21.29.31:924][398]LogModuleManager: Shutting down and abandoning module ProjectLauncher (404)
[2018.01.24-21.29.31:924][398]LogModuleManager: Shutting down and abandoning module SessionFrontend (402)
[2018.01.24-21.29.31:924][398]LogModuleManager: Shutting down and abandoning module ProfilerClient (400)
[2018.01.24-21.29.31:924][398]LogModuleManager: Shutting down and abandoning module DeviceManager (398)
[2018.01.24-21.29.31:924][398]LogModuleManager: Shutting down and abandoning module TargetDeviceServices (397)
[2018.01.24-21.29.31:980][398]LogModuleManager: Shutting down and abandoning module AutomationController (394)
[2018.01.24-21.29.31:980][398]LogModuleManager: Shutting down and abandoning module AutomationWindow (392)
[2018.01.24-21.29.31:980][398]LogModuleManager: Shutting down and abandoning module Layers (390)
[2018.01.24-21.29.31:980][398]LogModuleManager: Shutting down and abandoning module ComponentVisualizers (388)
[2018.01.24-21.29.31:980][398]LogModuleManager: Shutting down and abandoning module DetailCustomizations (386)
[2018.01.24-21.29.31:980][398]LogModuleManager: Shutting down and abandoning module PackagesDialog (384)
[2018.01.24-21.29.31:980][398]LogModuleManager: Shutting down and abandoning module Persona (382)
[2018.01.24-21.29.31:980][398]LogModuleManager: Shutting down and abandoning module AdvancedPreviewScene (381)
[2018.01.24-21.29.31:980][398]LogModuleManager: Shutting down and abandoning module AnimGraph (379)
[2018.01.24-21.29.31:980][398]LogModuleManager: Shutting down and abandoning module Kismet (376)
[2018.01.24-21.29.31:989][398]LogModuleManager: Shutting down and abandoning module ClassViewer (374)
[2018.01.24-21.29.31:989][398]LogModuleManager: Shutting down and abandoning module Toolbox (372)
[2018.01.24-21.29.31:989][398]LogModuleManager: Shutting down and abandoning module ModuleUI (370)
[2018.01.24-21.29.31:989][398]LogModuleManager: Shutting down and abandoning module MovieSceneTools (368)
[2018.01.24-21.29.31:989][398]LogModuleManager: Shutting down and abandoning module OutputLog (366)
[2018.01.24-21.29.31:989][398]LogModuleManager: Shutting down and abandoning module GammaUI (364)
[2018.01.24-21.29.31:989][398]LogModuleManager: Shutting down and abandoning module Documentation (362)
[2018.01.24-21.29.31:994][398]LogModuleManager: Shutting down and abandoning module MovieSceneTracks (360)
[2018.01.24-21.29.31:994][398]LogModuleManager: Shutting down and abandoning module MovieScene (358)
[2018.01.24-21.29.31:994][398]LogModuleManager: Shutting down and abandoning module Niagara (356)
[2018.01.24-21.29.31:994][398]LogModuleManager: Shutting down and abandoning module NiagaraEditor (355)
[2018.01.24-21.29.31:994][398]LogModuleManager: Shutting down and abandoning module StreamingPauseRendering (352)
[2018.01.24-21.29.31:994][398]LogModuleManager: Shutting down and abandoning module LauncherPlatform (350)
[2018.01.24-21.29.31:994][398]LogModuleManager: Shutting down and abandoning module AnalyticsET (348)
[2018.01.24-21.29.31:994][398]LogModuleManager: Shutting down and abandoning module PortalServices (346)
[2018.01.24-21.29.31:994][398]LogModuleManager: Shutting down and abandoning module PortalRpc (344)
[2018.01.24-21.29.31:994][398]LogModuleManager: Shutting down and abandoning module MessagingRpc (342)
[2018.01.24-21.29.31:994][398]LogModuleManager: Shutting down and abandoning module AIModule (340)
[2018.01.24-21.29.31:994][398]LogModuleManager: Shutting down and abandoning module GameplayDebugger (339)
[2018.01.24-21.29.31:994][398]LogModuleManager: Shutting down and abandoning module AITestSuite (337)
[2018.01.24-21.29.31:994][398]LogModuleManager: Shutting down and abandoning module ProfilerService (334)
[2018.01.24-21.29.32:119][398]LogModuleManager: Shutting down and abandoning module TaskGraph (332)
[2018.01.24-21.29.32:119][398]LogModuleManager: Shutting down and abandoning module SteamVRController (330)
[2018.01.24-21.29.32:119][398]LogModuleManager: Shutting down and abandoning module ProceduralMeshComponentEditor (328)
[2018.01.24-21.29.32:119][398]LogModuleManager: Shutting down and abandoning module ProceduralMeshComponent (326)
[2018.01.24-21.29.32:119][398]LogModuleManager: Shutting down and abandoning module OculusInput (324)
[2018.01.24-21.29.32:119][398]LogModuleManager: Shutting down and abandoning module MobilePatchingUtils (322)
[2018.01.24-21.29.32:119][398]LogModuleManager: Shutting down and abandoning module CustomMeshComponent (320)
[2018.01.24-21.29.32:119][398]LogModuleManager: Shutting down and abandoning module CableComponent (318)
[2018.01.24-21.29.32:119][398]LogModuleManager: Shutting down and abandoning module ArchVisCharacter (316)
[2018.01.24-21.29.32:119][398]LogModuleManager: Shutting down and abandoning module AndroidPermission (314)
[2018.01.24-21.29.32:119][398]LogModuleManager: Shutting down and abandoning module MediaPlayerEditor (310)
[2018.01.24-21.29.32:119][398]LogModuleManager: Shutting down and abandoning module HTML5Networking (308)
[2018.01.24-21.29.32:119][398]LogModuleManager: Shutting down and abandoning module AlembicImporter (306)
[2018.01.24-21.29.32:119][398]LogModuleManager: Shutting down and abandoning module AlembicLibrary (305)
[2018.01.24-21.29.32:120][398]LogModuleManager: Shutting down and abandoning module GeometryCache (304)
[2018.01.24-21.29.32:120][398]LogModuleManager: Shutting down and abandoning module GeometryCacheEd (303)
[2018.01.24-21.29.32:120][398]LogModuleManager: Shutting down and abandoning module SpeedTreeImporter (298)
[2018.01.24-21.29.32:120][398]LogModuleManager: Shutting down and abandoning module PluginBrowser (296)
[2018.01.24-21.29.32:120][398]LogModuleManager: Shutting down and abandoning module MobileLauncherProfileWizard (294)
[2018.01.24-21.29.32:120][398]LogModuleManager: Shutting down and abandoning module VisualStudioSourceCodeAccess (292)
[2018.01.24-21.29.32:120][398]LogModuleManager: Shutting down and abandoning module DesktopPlatform (291)
[2018.01.24-21.29.32:120][398]LogModuleManager: Shutting down and abandoning module UObjectPlugin (288)
[2018.01.24-21.29.32:120][398]LogModuleManager: Shutting down and abandoning module SubversionSourceControl (286)
[2018.01.24-21.29.32:120][398]LogModuleManager: Shutting down and abandoning module PerforceSourceControl (284)
[2018.01.24-21.29.32:120][398]LogModuleManager: Shutting down and abandoning module GitSourceControl (282)
[2018.01.24-21.29.32:120][398]LogModuleManager: Shutting down and abandoning module SourceControl (281)
[2018.01.24-21.29.32:120][398]LogModuleManager: Shutting down and abandoning module LightPropagationVolumeEditor (278)
[2018.01.24-21.29.32:120][398]LogModuleManager: Shutting down and abandoning module PaperTiledImporter (276)
[2018.01.24-21.29.32:120][398]LogModuleManager: Shutting down and abandoning module PaperSpriteSheetImporter (274)
[2018.01.24-21.29.32:120][398]LogModuleManager: Shutting down and abandoning module Paper2DEditor (272)
[2018.01.24-21.29.32:120][398]LogModuleManager: Shutting down and abandoning module MeshPaint (271)
[2018.01.24-21.29.32:120][398]LogModuleManager: Shutting down and abandoning module LevelEditor (269)
[2018.01.24-21.29.32:121][398]LogModuleManager: Shutting down and abandoning module PixelInspectorModule (268)
[2018.01.24-21.29.32:121][398]LogModuleManager: Shutting down and abandoning module MainFrame (266)
[2018.01.24-21.29.32:121][398]LogModuleManager: Shutting down and abandoning module HotReload (265)
[2018.01.24-21.29.32:122][398]LogModuleManager: Shutting down and abandoning module RuntimePhysXCooking (260)
[2018.01.24-21.29.32:122][398]LogModuleManager: Shutting down and abandoning module PhysXVehiclesEditor (258)
[2018.01.24-21.29.32:122][398]LogModuleManager: Shutting down and abandoning module PhysXVehicles (256)
[2018.01.24-21.29.32:122][398]LogModuleManager: Shutting down and abandoning module OculusEditor (254)
[2018.01.24-21.29.32:122][398]LogModuleManager: Shutting down and abandoning module LocationServicesBPLibrary (252)
[2018.01.24-21.29.32:122][398]LogModuleManager: Shutting down and abandoning module ImmediatePhysicsEditor (250)
[2018.01.24-21.29.32:122][398]LogModuleManager: Shutting down and abandoning module ImmediatePhysics (248)
[2018.01.24-21.29.32:122][398]LogModuleManager: Shutting down and abandoning module UdpMessaging (246)
[2018.01.24-21.29.32:223][398]LogModuleManager: Shutting down and abandoning module TcpMessaging (244)
[2018.01.24-21.29.32:323][398]LogModuleManager: Shutting down and abandoning module GameplayTagsEditor (242)
[2018.01.24-21.29.32:323][398]LogModuleManager: Shutting down and abandoning module FacialAnimationEditor (240)
[2018.01.24-21.29.32:323][398]LogModuleManager: Shutting down and abandoning module FacialAnimation (238)
[2018.01.24-21.29.32:323][398]LogModuleManager: Shutting down and abandoning module AssetManagerEditor (236)
[2018.01.24-21.29.32:323][398]LogModuleManager: Shutting down and abandoning module GraphEditor (235)
[2018.01.24-21.29.32:323][398]LogModuleManager: Shutting down and abandoning module ContentBrowser (233)
[2018.01.24-21.29.32:324][398]LogModuleManager: Shutting down and abandoning module LightPropagationVolumeRuntime (230)
[2018.01.24-21.29.32:324][398]LogModuleManager: Shutting down and abandoning module Paper2D (228)
[2018.01.24-21.29.32:324][398]LogModuleManager: Shutting down and abandoning module WindowsMoviePlayer (226)
[2018.01.24-21.29.32:324][398]LogModuleManager: Shutting down and abandoning module WmfMedia (224)
[2018.01.24-21.29.32:326][398]LogModuleManager: Shutting down and abandoning module PacketHandler (222)
[2018.01.24-21.29.32:326][398]LogModuleManager: Shutting down and abandoning module ClothingSystemEditor (220)
[2018.01.24-21.29.32:326][398]LogModuleManager: Shutting down and abandoning module ClothingSystemRuntime (218)
[2018.01.24-21.29.32:326][398]LogModuleManager: Shutting down and abandoning module Overlay (216)
[2018.01.24-21.29.32:326][398]LogModuleManager: Shutting down and abandoning module OverlayEditor (215)
[2018.01.24-21.29.32:326][398]LogModuleManager: Shutting down and abandoning module MediaAssets (212)
[2018.01.24-21.29.32:326][398]LogModuleManager: Shutting down and abandoning module VREditor (210)
[2018.01.24-21.29.32:326][398]LogModuleManager: Shutting down and abandoning module StringTableEditor (208)
[2018.01.24-21.29.32:326][398]LogModuleManager: Shutting down and abandoning module GameplayTasksEditor (206)
[2018.01.24-21.29.32:326][398]LogModuleManager: Shutting down and abandoning module BehaviorTreeEditor (204)
[2018.01.24-21.29.32:326][398]LogModuleManager: Shutting down and abandoning module FunctionalTesting (202)
[2018.01.24-21.29.32:326][398]LogModuleManager: Shutting down and abandoning module CollisionAnalyzer (200)
[2018.01.24-21.29.32:326][398]LogModuleManager: Shutting down and abandoning module WorkspaceMenuStructure (199)
[2018.01.24-21.29.32:326][398]LogModuleManager: Shutting down and abandoning module UMG (196)
[2018.01.24-21.29.32:327][398]LogModuleManager: Shutting down and abandoning module UMGEditor (195)
[2018.01.24-21.29.32:327][398]LogModuleManager: Shutting down and abandoning module Sequencer (194)
[2018.01.24-21.29.32:327][398]LogModuleManager: Shutting down and abandoning module MessageLog (191)
[2018.01.24-21.29.32:327][398]LogModuleManager: Shutting down and abandoning module SlateReflector (186)
[2018.01.24-21.29.32:327][398]LogModuleManager: Shutting down and abandoning module Slate (184)
[2018.01.24-21.29.32:327][398]LogModuleManager: Shutting down and abandoning module EditorStyle (182)
[2018.01.24-21.29.32:329][398]LogModuleManager: Shutting down and abandoning module MRMesh (180)
[2018.01.24-21.29.32:329][398]LogModuleManager: Shutting down and abandoning module SourceCodeAccess (178)
[2018.01.24-21.29.32:329][398]LogModuleManager: Shutting down and abandoning module HeadMountedDisplay (176)
[2018.01.24-21.29.32:329][398]LogModuleManager: Shutting down and abandoning module XAudio2 (174)
[2018.01.24-21.29.32:329][398]LogModuleManager: Shutting down and abandoning module Networking (172)
[2018.01.24-21.29.32:329][398]LogModuleManager: Shutting down and abandoning module Core (168)
[2018.01.24-21.29.32:329][398]LogModuleManager: Shutting down and abandoning module KismetCompiler (164)
[2018.01.24-21.29.32:329][398]LogModuleManager: Shutting down and abandoning module LevelSequence (162)
[2018.01.24-21.29.32:329][398]LogModuleManager: Shutting down and abandoning module MeshUtilities (160)
[2018.01.24-21.29.32:329][398]LogModuleManager: Shutting down and abandoning module MeshMergeUtilities (159)
[2018.01.24-21.29.32:329][398]LogModuleManager: Shutting down and abandoning module MeshReductionInterface (158)
[2018.01.24-21.29.32:329][398]LogModuleManager: Shutting down and abandoning module SimplygonSwarm (157)
[2018.01.24-21.29.32:329][398]LogModuleManager: Shutting down and abandoning module SimplygonMeshReduction (155)
[2018.01.24-21.29.32:329][398]LogModuleManager: Shutting down and abandoning module QuadricMeshReduction (153)
[2018.01.24-21.29.32:329][398]LogModuleManager: Shutting down and abandoning module MaterialBaking (149)
[2018.01.24-21.29.32:329][398]LogModuleManager: Shutting down and abandoning module DirectoryWatcher (146)
[2018.01.24-21.29.32:333][398]LogModuleManager: Shutting down and abandoning module DerivedDataCache (144)
[2018.01.24-21.29.32:337][398]LogDerivedDataCache: Shutdown
[2018.01.24-21.29.32:337][398]LogModuleManager: Shutting down and abandoning module TargetPlatform (142)
[2018.01.24-21.29.32:337][398]LogModuleManager: Shutting down and abandoning module VulkanShaderFormat (141)
[2018.01.24-21.29.32:337][398]LogModuleManager: Shutting down and abandoning module ShaderFormatVectorVM (139)
[2018.01.24-21.29.32:337][398]LogModuleManager: Shutting down and abandoning module ShaderFormatOpenGL (137)
[2018.01.24-21.29.32:337][398]LogModuleManager: Shutting down and abandoning module ShaderFormatD3D (135)
[2018.01.24-21.29.32:337][398]LogModuleManager: Shutting down and abandoning module MetalShaderFormat (133)
[2018.01.24-21.29.32:337][398]LogModuleManager: Shutting down and abandoning module TextureFormatUncompressed (131)
[2018.01.24-21.29.32:337][398]LogModuleManager: Shutting down and abandoning module TextureFormatPVR (129)
[2018.01.24-21.29.32:337][398]LogModuleManager: Shutting down and abandoning module TextureFormatDXT (127)
[2018.01.24-21.29.32:337][398]LogModuleManager: Shutting down and abandoning module TextureFormatIntelISPCTexComp (125)
[2018.01.24-21.29.32:337][398]LogModuleManager: Shutting down and abandoning module TextureFormatASTC (123)
[2018.01.24-21.29.32:338][398]LogModuleManager: Shutting down and abandoning module ImageWrapper (122)
[2018.01.24-21.29.32:338][398]LogModuleManager: Shutting down and abandoning module TextureFormatAndroid (119)
[2018.01.24-21.29.32:338][398]LogModuleManager: Shutting down and abandoning module AudioFormatOpus (117)
[2018.01.24-21.29.32:338][398]LogModuleManager: Shutting down and abandoning module AudioFormatOgg (115)
[2018.01.24-21.29.32:338][398]LogModuleManager: Shutting down and abandoning module AudioFormatADPCM (113)
[2018.01.24-21.29.32:338][398]LogModuleManager: Shutting down and abandoning module LinuxTargetPlatform (111)
[2018.01.24-21.29.32:338][398]LogModuleManager: Shutting down and abandoning module LinuxServerTargetPlatform (109)
[2018.01.24-21.29.32:338][398]LogModuleManager: Shutting down and abandoning module LinuxNoEditorTargetPlatform (107)
[2018.01.24-21.29.32:338][398]LogModuleManager: Shutting down and abandoning module LinuxClientTargetPlatform (105)
[2018.01.24-21.29.32:338][398]LogModuleManager: Shutting down and abandoning module TVOSTargetPlatform (103)
[2018.01.24-21.29.32:338][398]LogModuleManager: Shutting down and abandoning module Messaging (101)
[2018.01.24-21.29.32:338][398]LogModuleManager: Shutting down and abandoning module IOSTargetPlatform (99)
[2018.01.24-21.29.32:338][398]LogModuleManager: Shutting down and abandoning module HTML5TargetPlatform (97)
[2018.01.24-21.29.32:338][398]LogModuleManager: Shutting down and abandoning module Android_PVRTCTargetPlatform (95)
[2018.01.24-21.29.32:338][398]LogModuleManager: Shutting down and abandoning module Android_MultiTargetPlatform (93)
[2018.01.24-21.29.32:338][398]LogModuleManager: Shutting down and abandoning module Android_ETC2TargetPlatform (91)
[2018.01.24-21.29.32:338][398]LogModuleManager: Shutting down and abandoning module Android_ETC1TargetPlatform (89)
[2018.01.24-21.29.32:338][398]LogModuleManager: Shutting down and abandoning module Android_DXTTargetPlatform (87)
[2018.01.24-21.29.32:338][398]LogModuleManager: Shutting down and abandoning module Android_ATCTargetPlatform (85)
[2018.01.24-21.29.32:338][398]LogModuleManager: Shutting down and abandoning module Android_ASTCTargetPlatform (83)
[2018.01.24-21.29.32:338][398]LogModuleManager: Shutting down and abandoning module AndroidTargetPlatform (81)
[2018.01.24-21.29.32:338][398]LogModuleManager: Shutting down and abandoning module WindowsTargetPlatform (79)
[2018.01.24-21.29.32:338][398]LogModuleManager: Shutting down and abandoning module WindowsServerTargetPlatform (77)
[2018.01.24-21.29.32:338][398]LogModuleManager: Shutting down and abandoning module WindowsNoEditorTargetPlatform (75)
[2018.01.24-21.29.32:338][398]LogModuleManager: Shutting down and abandoning module WindowsClientTargetPlatform (73)
[2018.01.24-21.29.32:338][398]LogModuleManager: Shutting down and abandoning module MacTargetPlatform (71)
[2018.01.24-21.29.32:338][398]LogModuleManager: Shutting down and abandoning module MacServerTargetPlatform (69)
[2018.01.24-21.29.32:338][398]LogModuleManager: Shutting down and abandoning module MacNoEditorTargetPlatform (67)
[2018.01.24-21.29.32:338][398]LogModuleManager: Shutting down and abandoning module MacClientTargetPlatform (65)
[2018.01.24-21.29.32:338][398]LogModuleManager: Shutting down and abandoning module AllDesktopTargetPlatform (63)
[2018.01.24-21.29.32:338][398]LogModuleManager: Shutting down and abandoning module InputCore (60)
[2018.01.24-21.29.32:338][398]LogModuleManager: Shutting down and abandoning module Settings (58)
[2018.01.24-21.29.32:338][398]LogModuleManager: Shutting down and abandoning module PhysXCooking (56)
[2018.01.24-21.29.32:338][398]LogModuleManager: Shutting down and abandoning module SteamVR (54)
[2018.01.24-21.29.32:338][398]LogModuleManager: Shutting down and abandoning module OculusHMD (52)
[2018.01.24-21.29.32:338][398]LogModuleManager: Shutting down and abandoning module ExampleDeviceProfileSelector (50)
[2018.01.24-21.29.32:338][398]LogModuleManager: Shutting down and abandoning module OnlineBlueprintSupport (48)
[2018.01.24-21.29.32:338][398]LogModuleManager: Shutting down and abandoning module OnlineSubsystem (44)
[2018.01.24-21.29.32:338][398]LogOnline: Display: Unloading online subsystem: NULL
[2018.01.24-21.29.32:338][398]LogModuleManager: Shutting down and abandoning module XMPP (43)
[2018.01.24-21.29.32:338][398]LogModuleManager: Shutting down and abandoning module HTTP (41)
[2018.01.24-21.29.32:338][398]LogHttp: Display: Http module shutting down, but needs to wait on 1 outstanding Http requests:
[2018.01.24-21.29.32:338][398]LogHttp: Display: 	verb=[POST] url=[https://datarouter.ol.epicgames.com/datarouter/api/v1/public/data?SessionID=%7B6CE40A26-454A-5736-5516-47ACB8102525%7D&AppID=UEEditor.Rocket.Release&AppVersion=4.17.2-3658906%2B%2B%2BUE4%2BRelease-4.17&UserID=27b63fd84e8cc787e1d72083e8de8453%7Cd18b0a8e02424bb3bfa93a5d9ff5cf62%7C2502e40e-5044-4101-b0f9-9991a05148e2&AppEnvironment=datacollector-binary&UploadType=eteventstream] status=Processing
[2018.01.24-21.29.32:344][398]LogModuleManager: Shutting down and abandoning module SSL (40)
[2018.01.24-21.29.32:346][398]LogModuleManager: Shutting down and abandoning module AnimationModifiers (36)
[2018.01.24-21.29.32:346][398]LogModuleManager: Shutting down and abandoning module PropertyEditor (35)
[2018.01.24-21.29.32:346][398]LogModuleManager: Shutting down and abandoning module AudioEditor (32)
[2018.01.24-21.29.32:346][398]LogModuleManager: Shutting down and abandoning module TextureCompressor (30)
[2018.01.24-21.29.32:346][398]LogModuleManager: Shutting down and abandoning module ShaderCore (28)
[2018.01.24-21.29.32:346][398]LogModuleManager: Shutting down and abandoning module Landscape (26)
[2018.01.24-21.29.32:346][398]LogModuleManager: Shutting down and abandoning module SlateRHIRenderer (24)
[2018.01.24-21.29.32:351][398]LogModuleManager: Shutting down and abandoning module OpenGLDrv (22)
[2018.01.24-21.29.32:351][398]LogModuleManager: Shutting down and abandoning module D3D11RHI (20)
[2018.01.24-21.29.32:351][398]LogModuleManager: Shutting down and abandoning module AnimGraphRuntime (18)
[2018.01.24-21.29.32:351][398]LogModuleManager: Shutting down and abandoning module Renderer (16)
[2018.01.24-21.29.32:351][398]LogModuleManager: Shutting down and abandoning module Engine (14)
[2018.01.24-21.29.32:351][398]LogModuleManager: Shutting down and abandoning module CoreUObject (12)
[2018.01.24-21.29.32:351][398]LogModuleManager: Shutting down and abandoning module NetworkFile (10)
[2018.01.24-21.29.32:351][398]LogModuleManager: Shutting down and abandoning module CookedIterativeFile (8)
[2018.01.24-21.29.32:351][398]LogModuleManager: Shutting down and abandoning module StreamingFile (6)
[2018.01.24-21.29.32:352][398]LogModuleManager: Shutting down and abandoning module SandboxFile (4)
[2018.01.24-21.29.32:352][398]LogModuleManager: Shutting down and abandoning module PakFile (2)
[2018.01.24-21.29.32:354][398]LogExit: Exiting.
[2018.01.24-21.29.32:375][398]Log file closed, 01/24/18 21:29:32
