Log file open, 01/25/18 00:52:46
LogWindows: Failed to load 'aqProf.dll' (GetLastError=126)
LogWindows: File 'aqProf.dll' does not exist
LogWindows: Failed to load 'VtuneApi.dll' (GetLastError=126)
LogWindows: File 'VtuneApi.dll' does not exist
LogWindows: Failed to load 'VtuneApi32e.dll' (GetLastError=126)
LogWindows: File 'VtuneApi32e.dll' does not exist
LogInit: Display: Running engine for game: J005627b
LogPlatformFile: Not using cached read wrapper
LogInit: Display: RandInit(1394555368) SRandInit(1394555368).
LogTaskGraph: Started task graph with 5 named threads and 14 total threads with 3 sets of task threads.
LogStats: Stats thread started at 2.996643
LogD3D11RHI: Aftermath initialized
LogPluginManager: Mounting plugin Paper2D
LogPluginManager: Mounting plugin LightPropagationVolume
LogPluginManager: Mounting plugin CodeLiteSourceCodeAccess
LogPluginManager: Mounting plugin GitSourceControl
LogPluginManager: Mounting plugin KDevelopSourceCodeAccess
LogPluginManager: Mounting plugin NullSourceCodeAccess
LogPluginManager: Mounting plugin PerforceSourceControl
LogPluginManager: Mounting plugin SubversionSourceControl
LogPluginManager: Mounting plugin UObjectPlugin
LogPluginManager: Mounting plugin VisualStudioSourceCodeAccess
LogPluginManager: Mounting plugin XCodeSourceCodeAccess
LogPluginManager: Mounting plugin AssetManagerEditor
LogPluginManager: Mounting plugin AudioCapture
LogPluginManager: Mounting plugin FacialAnimation
LogPluginManager: Mounting plugin GameplayTagsEditor
LogPluginManager: Mounting plugin MobileLauncherProfileWizard
LogPluginManager: Mounting plugin PluginBrowser
LogPluginManager: Mounting plugin SpeedTreeImporter
LogPluginManager: Mounting plugin AlembicImporter
LogPluginManager: Mounting plugin CharacterAI
LogPluginManager: Mounting plugin HTML5Networking
LogPluginManager: Mounting plugin AndroidMedia
LogPluginManager: Mounting plugin AvfMedia
LogPluginManager: Mounting plugin MediaPlayerEditor
LogPluginManager: Mounting plugin WmfMedia
LogPluginManager: Mounting plugin TcpMessaging
LogPluginManager: Mounting plugin UdpMessaging
LogPluginManager: Mounting plugin LevelSequenceEditor
LogPluginManager: Mounting plugin MatineeToLevelSequence
LogPluginManager: Mounting plugin OnlineSubsystemGooglePlay
LogPluginManager: Mounting plugin OnlineSubsystemIOS
LogPluginManager: Mounting plugin OnlineSubsystem
LogPluginManager: Mounting plugin OnlineSubsystemNull
LogPluginManager: Mounting plugin OnlineSubsystemUtils
LogPluginManager: Mounting plugin AndroidDeviceProfileSelector
LogPluginManager: Mounting plugin AndroidMoviePlayer
LogPluginManager: Mounting plugin AndroidPermission
LogPluginManager: Mounting plugin AppleMoviePlayer
LogPluginManager: Mounting plugin ArchVisCharacter
LogPluginManager: Mounting plugin CableComponent
LogPluginManager: Mounting plugin CustomMeshComponent
LogPluginManager: Mounting plugin ExampleDeviceProfileSelector
LogPluginManager: Mounting plugin GoogleCloudMessaging
LogPluginManager: Mounting plugin ImmediatePhysics
LogPluginManager: Mounting plugin IOSDeviceProfileSelector
LogPluginManager: Mounting plugin LinuxDeviceProfileSelector
LogPluginManager: Mounting plugin LocationServicesBPLibrary
LogPluginManager: Mounting plugin MobilePatchingUtils
LogPluginManager: Mounting plugin OculusVR
LogPluginManager: Mounting plugin PhysXVehicles
LogPluginManager: Mounting plugin ProceduralMeshComponent
LogPluginManager: Mounting plugin RuntimePhysXCooking
LogPluginManager: Mounting plugin SteamVR
LogPluginManager: Mounting plugin WindowsMoviePlayer
LogInit: Using libcurl 7.47.1
LogInit:  - built for x86_64-pc-win32
LogInit:  - supports SSL with OpenSSL/1.0.2g
LogInit:  - supports HTTP deflate (compression) using libz 1.2.8
LogInit:  - other features:
LogInit:      CURL_VERSION_SSL
LogInit:      CURL_VERSION_LIBZ
LogInit:      CURL_VERSION_IPV6
LogInit:      CURL_VERSION_ASYNCHDNS
LogInit:      CURL_VERSION_LARGEFILE
LogInit:      CURL_VERSION_IDN
LogInit:  CurlRequestOptions (configurable via config and command line):
LogInit:  - bVerifyPeer = false  - Libcurl will NOT verify peer certificate
LogInit:  - bUseHttpProxy = false  - Libcurl will NOT use HTTP proxy
LogInit:  - bDontReuseConnections = false  - Libcurl will reuse connections
LogInit:  - CertBundlePath = nullptr  - Libcurl will use whatever was configured at build time.
LogInit: Build: ++UE4+Release-4.17-CL-3658906
LogInit: Engine Version: 4.17.2-3658906+++UE4+Release-4.17
LogInit: Compatible Engine Version: 4.17.0-3573198+++UE4+Release-4.17
LogInit: Net CL: 3573198
LogDevObjectVersion: Number of dev versions registered: 16
LogDevObjectVersion:   Dev-Blueprints (B0D832E4-1F89-4F0D-ACCF-7EB736FD4AA2): 10
LogDevObjectVersion:   Dev-Build (E1C64328-A22C-4D53-A36C-8E866417BD8C): 0
LogDevObjectVersion:   Dev-Core (375EC13C-06E4-48FB-B500-84F0262A717E): 2
LogDevObjectVersion:   Dev-Editor (E4B068ED-F494-42E9-A231-DA0B2E46BB41): 20
LogDevObjectVersion:   Dev-Framework (CFFC743F-43B0-4480-9391-14DF171D2073): 28
LogDevObjectVersion:   Dev-Mobile (B02B49B5-BB20-44E9-A304-32B752E40360): 0
LogDevObjectVersion:   Dev-Networking (A4E4105C-59A1-49B5-A7C5-40C4547EDFEE): 0
LogDevObjectVersion:   Dev-Online (39C831C9-5AE6-47DC-9A44-9C173E1C8E7C): 0
LogDevObjectVersion:   Dev-Physics (78F01B33-EBEA-4F98-B9B4-84EACCB95AA2): 0
LogDevObjectVersion:   Dev-Platform (6631380F-2D4D-43E0-8009-CF276956A95A): 0
LogDevObjectVersion:   Dev-Rendering (12F88B9F-8875-4AFC-A67C-D90C383ABD29): 19
LogDevObjectVersion:   Dev-Sequencer (7B5AE74C-D270-4C10-A958-57980B212A5A): 4
LogDevObjectVersion:   Dev-VR (D7296918-1DD6-4BDD-9DE2-64A83CC13884): 0
LogDevObjectVersion:   Dev-LoadTimes (C2A15278-BFE7-4AFE-6C17-90FF531DF755): 1
LogDevObjectVersion:   Private-Geometry (6EACA3D4-40EC-4CC1-B786-8BED09428FC5): 1
LogDevObjectVersion:   Dev-AnimPhys (29E575DD-E0A3-4627-9D10-D276232CDCEA): 7
LogInit: Compiled (64-bit): Sep 22 2017 13:47:16
LogInit: Compiled with Visual C++: 19.00.24215.01
LogInit: Build Configuration: Development
LogInit: Branch Name: ++UE4+Release-4.17
LogInit: Command line:  
LogInit: Base directory: E:/Unreal Tournament/UE_4.17/Engine/Binaries/Win64/
LogInit: Installed Engine Build: 1
LogInit: Presizing for max 8388607 objects, including 0 objects not considered by GC, pre-allocating 0 bytes for permanent pool.
LogInit: Object subsystem initialized
[2018.01.25-00.52.47:916][  0]LogInit: Selected Device Profile: [Windows]
[2018.01.25-00.52.47:916][  0]LogInit: Applying CVar settings loaded from the selected device profile: [Windows]
[2018.01.25-00.52.47:989][  0]LogInit: Computer: FLUKIERJUPITER
[2018.01.25-00.52.47:989][  0]LogInit: User: Thomas
[2018.01.25-00.52.47:989][  0]LogInit: CPU Page size=4096, Cores=4
[2018.01.25-00.52.47:989][  0]LogInit: High frequency timer resolution =3.320312 MHz
[2018.01.25-00.52.47:989][  0]LogMemory: Memory total: Physical=15.9GB (16GB approx)
[2018.01.25-00.52.47:989][  0]LogMemory: Platform Memory Stats for Windows
[2018.01.25-00.52.47:989][  0]LogMemory: Process Physical Memory: 279.97 MB used, 279.97 MB peak
[2018.01.25-00.52.47:989][  0]LogMemory: Process Virtual Memory: 286.22 MB used, 286.22 MB peak
[2018.01.25-00.52.47:989][  0]LogMemory: Physical Memory: 4228.95 MB used,  12098.99 MB free, 16327.93 MB total
[2018.01.25-00.52.47:989][  0]LogMemory: Virtual Memory: 713.52 MB used,  12098.99 MB free, 134217728.00 MB total
[2018.01.25-00.52.50:278][  0]LogInit: Using OS detected language (en-GB).
[2018.01.25-00.52.50:278][  0]LogInit: Using OS detected locale (en-GB).
[2018.01.25-00.52.50:585][  0]LogTextLocalizationManager: No specific localization for 'en-GB' exists, so the 'en' localization will be used.
[2018.01.25-00.52.58:387][  0]LogD3D11RHI: D3D11 adapters:
[2018.01.25-00.52.58:436][  0]LogD3D11RHI:    0. 'NVIDIA GeForce GTX 1080' (Feature Level 11_0)
[2018.01.25-00.52.58:436][  0]LogD3D11RHI:       8079/0/8163 MB DedicatedVideo/DedicatedSystem/SharedSystem, Outputs:2, VendorId:0x10de
[2018.01.25-00.52.58:438][  0]LogD3D11RHI:    1. 'Microsoft Basic Render Driver' (Feature Level 11_0)
[2018.01.25-00.52.58:438][  0]LogD3D11RHI:       0/0/8163 MB DedicatedVideo/DedicatedSystem/SharedSystem, Outputs:0, VendorId:0x1414
[2018.01.25-00.52.58:438][  0]LogD3D11RHI: Chosen D3D11 Adapter: 0
[2018.01.25-00.52.58:445][  0]LogD3D11RHI: Creating new Direct3DDevice
[2018.01.25-00.52.58:445][  0]LogD3D11RHI:     GPU DeviceId: 0x1b80 (for the marketing name, search the web for "GPU Device Id")
[2018.01.25-00.52.58:445][  0]LogWindows: EnumDisplayDevices:
[2018.01.25-00.52.58:445][  0]LogWindows:    0. 'NVIDIA GeForce GTX 1080' (P:0 D:1)
[2018.01.25-00.52.58:445][  0]LogWindows:    1. 'NVIDIA GeForce GTX 1080' (P:1 D:1)
[2018.01.25-00.52.58:445][  0]LogWindows:    2. 'NVIDIA GeForce GTX 1080' (P:0 D:0)
[2018.01.25-00.52.58:445][  0]LogWindows:    3. 'NVIDIA GeForce GTX 1080' (P:0 D:0)
[2018.01.25-00.52.58:445][  0]LogWindows: DebugString: GetVideoDriverDetailsInvalid PrimaryIsNotTheChoosenAdapter GetVideoDriverDetailsInvalid PrimaryIsNotTheChoosenAdapter GetVideoDriverDetailsInvalid PrimaryIsNotTheChoosenAdapter GetVideoDriverDetailsInvalid PrimaryIsNotTheChoosenAdapter FoundDriverCount:0 
[2018.01.25-00.52.58:445][  0]LogD3D11RHI:     Adapter Name: NVIDIA GeForce GTX 1080
[2018.01.25-00.52.58:445][  0]LogD3D11RHI:   Driver Version: Unknown (internal:Unknown, unified:Unknown)
[2018.01.25-00.52.58:445][  0]LogD3D11RHI:      Driver Date: Unknown
[2018.01.25-00.52.58:445][  0]LogRHI: Texture pool is 1361 MB (70% of 1945 MB)
[2018.01.25-00.52.58:470][  0]LogD3D11RHI: Async texture creation enabled
[2018.01.25-00.52.58:516][  0]LogD3D11RHI: GPU Timing Frequency: 1000.000000 (Debug: 2 2)
[2018.01.25-00.52.58:607][  0]LogShaderCompilers: Guid format shader working directory is -66 characters bigger than the processId version (F:/Documents/OneDrive - Staffordshire University/University Work/Advanced 3D Games Engines and Scripting/J005627b/Intermediate/Shaders/WorkingDirectory/7916/).
[2018.01.25-00.52.58:607][  0]LogShaderCompilers: Cleaned the shader compiler working directory 'C:/Users/Thomas/AppData/Local/Temp/UnrealShaderWorkingDir/856A3C7242A04115D510209758CEA2DF/'.
[2018.01.25-00.52.58:607][  0]LogShaderCompilers: Display: Using Local Shader Compiler.
[2018.01.25-00.53.01:457][  0]LogTemp: Display: Loaded TP AllDesktopTargetPlatform
[2018.01.25-00.53.01:489][  0]LogTemp: Display: Loaded TP MacClientTargetPlatform
[2018.01.25-00.53.01:521][  0]LogTemp: Display: Loaded TP MacNoEditorTargetPlatform
[2018.01.25-00.53.01:553][  0]LogTemp: Display: Loaded TP MacServerTargetPlatform
[2018.01.25-00.53.01:604][  0]LogTemp: Display: Loaded TP MacTargetPlatform
[2018.01.25-00.53.01:637][  0]LogTemp: Display: Loaded TP WindowsClientTargetPlatform
[2018.01.25-00.53.01:669][  0]LogTemp: Display: Loaded TP WindowsNoEditorTargetPlatform
[2018.01.25-00.53.01:702][  0]LogTemp: Display: Loaded TP WindowsServerTargetPlatform
[2018.01.25-00.53.01:728][  0]LogTemp: Display: Loaded TP WindowsTargetPlatform
[2018.01.25-00.53.01:776][  0]LogTemp: Display: Loaded TP AndroidTargetPlatform
[2018.01.25-00.53.01:807][  0]LogTemp: Display: Loaded TP Android_ASTCTargetPlatform
[2018.01.25-00.53.01:838][  0]LogTemp: Display: Loaded TP Android_ATCTargetPlatform
[2018.01.25-00.53.01:869][  0]LogTemp: Display: Loaded TP Android_DXTTargetPlatform
[2018.01.25-00.53.01:900][  0]LogTemp: Display: Loaded TP Android_ETC1TargetPlatform
[2018.01.25-00.53.01:932][  0]LogTemp: Display: Loaded TP Android_ETC2TargetPlatform
[2018.01.25-00.53.01:995][  0]LogTemp: Display: Loaded TP Android_MultiTargetPlatform
[2018.01.25-00.53.01:995][  0]LogTemp: Display: Loaded TP Android_PVRTCTargetPlatform
[2018.01.25-00.53.02:018][  0]LogTemp: Display: Loaded TP HTML5TargetPlatform
[2018.01.25-00.53.02:189][  0]LogTemp: Display: Loaded TP IOSTargetPlatform
[2018.01.25-00.53.02:209][  0]LogTemp: Display: Loaded TP TVOSTargetPlatform
[2018.01.25-00.53.02:250][  0]LogTemp: Display: Loaded TP LinuxClientTargetPlatform
[2018.01.25-00.53.02:280][  0]LogTemp: Display: Loaded TP LinuxNoEditorTargetPlatform
[2018.01.25-00.53.02:312][  0]LogTemp: Display: Loaded TP LinuxServerTargetPlatform
[2018.01.25-00.53.02:347][  0]LogTemp: Display: Loaded TP LinuxTargetPlatform
[2018.01.25-00.53.02:347][  0]LogTargetPlatformManager: Display: Building Assets For Windows
[2018.01.25-00.53.04:069][  0]LogDerivedDataCache: Display: Max Cache Size: 512 MB
[2018.01.25-00.53.04:533][  0]LogDerivedDataCache: Loaded boot cache 0.46s 105MB C:/Users/Thomas/AppData/Local/UnrealEngine/4.17/DerivedDataCache/Boot.ddc.
[2018.01.25-00.53.04:533][  0]LogDerivedDataCache: Display: Loaded Boot cache: C:/Users/Thomas/AppData/Local/UnrealEngine/4.17/DerivedDataCache/Boot.ddc
[2018.01.25-00.53.04:533][  0]LogDerivedDataCache: FDerivedDataBackendGraph:  Pak pak cache file F:/Documents/OneDrive - Staffordshire University/University Work/Advanced 3D Games Engines and Scripting/J005627b/DerivedDataCache/DDC.ddp not found, will not use a pak cache.
[2018.01.25-00.53.04:533][  0]LogDerivedDataCache: Unable to find inner node Pak for hierarchical cache Hierarchy.
[2018.01.25-00.53.04:533][  0]LogDerivedDataCache: FDerivedDataBackendGraph:  CompressedPak pak cache file F:/Documents/OneDrive - Staffordshire University/University Work/Advanced 3D Games Engines and Scripting/J005627b/DerivedDataCache/Compressed.ddp not found, will not use a pak cache.
[2018.01.25-00.53.04:533][  0]LogDerivedDataCache: Unable to find inner node CompressedPak for hierarchical cache Hierarchy.
[2018.01.25-00.53.04:623][  0]LogDerivedDataCache: Display: Pak cache opened for reading ../../../Engine/DerivedDataCache/Compressed.ddp.
[2018.01.25-00.53.04:635][  0]LogDerivedDataCache: Using Local data cache path C:/Users/Thomas/AppData/Local/UnrealEngine/Common/DerivedDataCache: Writable
[2018.01.25-00.53.04:644][  0]LogMaterial: Verifying Global Shaders for PCD3D_SM5
[2018.01.25-00.53.04:644][  0]LogSlate: Using Freetype 2.6.0
[2018.01.25-00.53.04:904][  0]LogSlate: SlateFontCache - WITH_FREETYPE: 1, WITH_HARFBUZZ: 1
[2018.01.25-00.53.04:904][  0]LogSlate: SlateFontCache - WITH_FREETYPE: 1, WITH_HARFBUZZ: 1
[2018.01.25-00.53.11:085][  0]LogAssetRegistry: FAssetRegistry took 0.0253 seconds to start up
[2018.01.25-00.53.11:602][  0]LogInit: Selected Device Profile: [Windows]
[2018.01.25-00.53.15:549][  0]LogContentStreaming: Texture pool size is 0.00 MB
[2018.01.25-00.53.17:051][  0]LogSimplygon: Simplygon DLL not present - disabling.
[2018.01.25-00.53.17:270][  0]LogMeshReduction: Using SimplygonSwarm for distributed automatic mesh merging
[2018.01.25-00.53.17:303][  0]LogMeshReduction: Using QuadricMeshReduction for automatic static mesh reduction
[2018.01.25-00.53.17:344][  0]LogMeshReduction: No automatic skeletal mesh reduction module available
[2018.01.25-00.53.17:344][  0]LogMeshReduction: No automatic mesh merging module available
[2018.01.25-00.53.17:344][  0]LogMeshMerging: No automatic mesh merging module available
[2018.01.25-00.53.21:429][  0]LogNetVersion: J005627b , NetCL: 3573198, EngineNetVer: 2, GameNetVer: 0 (Checksum: 778622900)
[2018.01.25-00.53.22:273][  0]LogPackageLocalizationCache: Processed 5 localized package path(s) for 2 prioritized culture(s) in 0.045401 seconds
[2018.01.25-00.53.22:279][  0]LogUObjectArray: 35825 objects as part of root set at end of initial load.
[2018.01.25-00.53.22:279][  0]LogUObjectAllocator: 7529104 out of 0 bytes used by permanent object pool.
[2018.01.25-00.53.22:279][  0]LogUObjectArray: CloseDisregardForGC: 0/0 objects in disregard for GC pool
[2018.01.25-00.53.22:313][  0]LogInit: WinSock: version 1.1 (2.2), MaxSocks=32767, MaxUdp=65467
[2018.01.25-00.53.46:172][  0]LogTcpMessaging: Initializing TcpMessaging bridge
[2018.01.25-00.53.46:207][  0]LogUdpMessaging: Initializing bridge on interface 0.0.0.0:0 to multicast group 230.0.0.1:6666.
[2018.01.25-00.53.47:544][  0]LogMaterial: Uniform references updated for custom material expression Custom.
[2018.01.25-00.53.48:164][  0]SourceControl: Source control is disabled
[2018.01.25-00.53.48:164][  0]SourceControl: Source control is disabled
[2018.01.25-00.53.48:392][  0]SourceControl: Source control is disabled
[2018.01.25-00.53.48:504][  0]SourceControl: Source control is disabled
[2018.01.25-00.53.49:530][  0]LogAndroidPermission: UAndroidPermissionCallbackProxy::GetInstance
[2018.01.25-00.53.49:710][  0]LogOcInput: OculusInput pre-init called
[2018.01.25-00.53.50:249][  0]LogEngine: Initializing Engine...
[2018.01.25-00.53.50:250][  0]LogHMD: Failed to initialize OpenVR with code 100
[2018.01.25-00.53.51:383][  0]LogStats: UGameplayTagsManager::ConstructGameplayTagTree: Construct from data asset -  0.000 s
[2018.01.25-00.53.51:383][  0]LogStats: UGameplayTagsManager::ConstructGameplayTagTree: GameplayTagTreeChangedEvent.Broadcast -  0.000 s
[2018.01.25-00.53.51:938][  0]LogAIModule: Creating AISystem for world Untitled
[2018.01.25-00.53.51:954][  0]LogInit: XAudio2 using 'Speakers (Realtek High Definition Audio)' : 2 channels at 48 kHz using 32 bits per sample (channel mask 0x3)
[2018.01.25-00.53.51:981][  0]LogInit: FAudioDevice initialized.
[2018.01.25-00.53.52:078][  0]LogDerivedDataCache: Saved boot cache 0.10s 105MB C:/Users/Thomas/AppData/Local/UnrealEngine/4.17/DerivedDataCache/Boot.ddc.
[2018.01.25-00.53.52:094][  0]LogInit: Texture streaming: Enabled
[2018.01.25-00.53.52:197][  0]LogEngineSessionManager: EngineSessionManager initialized
[2018.01.25-00.53.52:625][  0]LogInit: Transaction tracking system initialized
[2018.01.25-00.53.52:889][  0]BlueprintLog: New page: Editor Load
[2018.01.25-00.53.54:266][  0]LocalizationService: Localization service is disabled
[2018.01.25-00.53.55:472][  0]LogLinker: Warning: Can't find file '/Game/InventorySystem/InventoryTutorial'
[2018.01.25-00.53.55:472][  0]LogLinker: Warning: Can't find file '/Game/InventorySystem/InventoryTutorial'
[2018.01.25-00.53.55:472][  0]LogUObjectGlobals: Warning: Failed to find object 'Class /Game/InventorySystem/InventoryTutorial.InventoryTutorial_C'
[2018.01.25-00.53.55:870][  0]LogConsoleResponse: Display: 
[2018.01.25-00.54.00:468][  0]LogCook: Display: Max memory allowance for cook 16384mb min free memory 0mb
[2018.01.25-00.54.00:468][  0]LogCook: Display: Mobile HDR setting 1
[2018.01.25-00.54.00:468][  0]LogGameplayTags: Display: UGameplayTagsManager::DoneAddingNativeTags. DelegateIsBound: 0
[2018.01.25-00.54.01:680][  0]LogFileCache: Scanning file cache for directory 'F:/Documents/OneDrive - Staffordshire University/University Work/Advanced 3D Games Engines and Scripting/J005627b/Content/' took 0.02s
[2018.01.25-00.54.04:317][  0]SourceControl: Source control is disabled
[2018.01.25-00.54.04:402][  0]LightingResults: New page: Lighting Build
[2018.01.25-00.54.04:425][  0]MapCheck: New page: Map Check
[2018.01.25-00.54.04:425][  0]LightingResults: New page: Lighting Build
[2018.01.25-00.54.07:027][  0]LogLinker: Display: CreateExport: Failed to load Parent for Function /Game/Student/Blueprints/Pickups/BulletsPickup.BulletsPickup_C:UserConstructionScript; removing parent information, but keeping function
[2018.01.25-00.54.07:049][  0]LogLinker: Display: CreateExport: Failed to load Parent for Function /Game/Student/Blueprints/Pickups/GrenadesPickup.GrenadesPickup_C:UserConstructionScript; removing parent information, but keeping function
[2018.01.25-00.54.07:246][  0]LogLinker: Display: CreateExport: Failed to load Parent for Function /Game/Student/Blueprints/Pickups/MetalSheetsPickup.MetalSheetsPickup_C:UserConstructionScript; removing parent information, but keeping function
[2018.01.25-00.54.07:292][  0]LogLinker: Display: CreateExport: Failed to load Parent for Function /Game/Student/Blueprints/Pickups/PipesPickup.PipesPickup_C:UserConstructionScript; removing parent information, but keeping function
[2018.01.25-00.54.08:786][  0]LogAIModule: Creating AISystem for world ThirdPersonExampleMap
[2018.01.25-00.54.08:804][  0]LogEditorServer: Finished looking for orphan Actors (0.000 secs)
[2018.01.25-00.54.08:893][  0]Cmd: MAP CHECKDEP NOCLEARLOG
[2018.01.25-00.54.08:942][  0]MapCheck: Map check complete: 0 Error(s), 0 Warning(s), took 48.575ms to complete.
[2018.01.25-00.54.08:943][  0]LogFileHelpers: Loading map 'ThirdPersonExampleMap' took 4.625
[2018.01.25-00.54.09:148][  0]LogCollectionManager: Loaded 0 collections in 0.000736 seconds
[2018.01.25-00.54.09:208][  0]LogFileCache: Scanning file cache for directory 'F:/Documents/OneDrive - Staffordshire University/University Work/Advanced 3D Games Engines and Scripting/J005627b/Saved/Collections/' took 0.01s
[2018.01.25-00.54.09:208][  0]LogFileCache: Scanning file cache for directory 'F:/Documents/OneDrive - Staffordshire University/University Work/Advanced 3D Games Engines and Scripting/J005627b/Content/Developers/Thomas/Collections/' took 0.01s
[2018.01.25-00.54.09:208][  0]LogFileCache: Scanning file cache for directory 'F:/Documents/OneDrive - Staffordshire University/University Work/Advanced 3D Games Engines and Scripting/J005627b/Content/Collections/' took 0.01s
[2018.01.25-00.54.09:208][  0]LogCollectionManager: Rebuilt the GUID cache for 0 collections in 0.000000 seconds
[2018.01.25-00.54.09:215][  0]LogContentBrowser: Native class hierarchy populated in 0.0070 seconds. Added 2387 classes and 502 folders.
[2018.01.25-00.54.09:254][  0]LogContentBrowser: Native class hierarchy updated for 'WidgetCarousel' in 0.0005 seconds. Added 0 classes and 0 folders.
[2018.01.25-00.54.09:463][  0]LogContentBrowser: Native class hierarchy updated for 'AddContentDialog' in 0.0005 seconds. Added 0 classes and 0 folders.
[2018.01.25-00.54.11:384][  0]LogTemp: Executing iPhonePackager certificates Engine -bundlename com.YourCompany.J005627b
[2018.01.25-00.54.11:384][  0]LogTemp: CWD: E:\Unreal Tournament\UE_4.17\Engine\Binaries\DotNET\IOS
[2018.01.25-00.54.11:384][  0]LogTemp: Initial Dir: E:\Unreal Tournament\UE_4.17
[2018.01.25-00.54.11:384][  0]LogTemp: Env CWD: E:\Unreal Tournament\UE_4.17\Engine\Binaries\DotNET\IOS
[2018.01.25-00.54.11:384][  0]LogTemp: BranchPath = FLUKIERJUPITER/E/Unreal Tournament/UE_4.17/Engine/Binaries --- GameBranchPath = FLUKIERJUPITER/E/Unreal Tournament/UE_4.17/Engine/Binaries
[2018.01.25-00.54.11:384][  0]LogTemp: IPP ERROR: Could not find provision directory 'C:\Users\Thomas\AppData\Local/Apple Computer/MobileDevice/Provisioning Profiles/'.
[2018.01.25-00.54.11:384][  0]LogSlate: Took 0.012345 seconds to synchronously load lazily loaded font '../../../Engine/Content/Slate/Fonts/Roboto-Regular.ttf' (155K)
[2018.01.25-00.54.11:400][  0]LogSlate: Took 0.013540 seconds to synchronously load lazily loaded font '../../../Engine/Content/Slate/Fonts/Roboto-Bold.ttf' (160K)
[2018.01.25-00.54.11:413][  0]LogSlate: Took 0.009050 seconds to synchronously load lazily loaded font '../../../Engine/Content/Editor/Slate/Fonts/FontAwesome.ttf' (139K)
[2018.01.25-00.54.11:663][  0]LogRenderer: Reallocating scene render targets to support 1616x860 Format 10 NumSamples 1 (Frame:1).
[2018.01.25-00.54.11:892][  0]LogContentBrowser: Native class hierarchy updated for 'HierarchicalLODOutliner' in 0.0005 seconds. Added 1 classes and 2 folders.
[2018.01.25-00.54.11:892][  0]LogLoad: (Engine Initialization) Total time: 100.54 seconds
[2018.01.25-00.54.11:892][  0]LogLoad: (Engine Initialization) Total Blueprint compile time: 0.00 seconds
[2018.01.25-00.54.11:893][  0]LogExternalProfiler: Found external profiler: VSPerf
[2018.01.25-00.54.11:893][  0]LogExternalProfiler: Using external profiler: VSPerf
[2018.01.25-00.54.12:260][  0]LogContentStreaming: Texture pool size now 1000 MB
[2018.01.25-00.54.12:574][  1]LogAssetRegistry: Asset discovery search completed in 61.5100 seconds
[2018.01.25-00.54.12:575][  1]LogCollectionManager: Rebuilt the object cache for 0 collections in 0.000001 seconds (found 0 objects)
[2018.01.25-00.54.12:575][  1]LogCollectionManager: Fixed up redirectors for 0 collections in 0.000048 seconds (updated 0 objects)
[2018.01.25-00.54.13:234][  3]LogSlate: Took 0.000190 seconds to synchronously load lazily loaded font '../../../Engine/Content/Slate/Fonts/Roboto-Light.ttf' (159K)
[2018.01.25-00.54.57:185][219]LogTemp: Repeating last play command: Selected Viewport
[2018.01.25-00.54.57:379][219]LogBlueprintUserMessages: Early PlayInEditor Detection: Level '/Game/Student/Levels/ThirdPersonExampleMap.ThirdPersonExampleMap:PersistentLevel' has LevelScriptBlueprint '/Game/Student/Levels/ThirdPersonExampleMap.ThirdPersonExampleMap:PersistentLevel.ThirdPersonExampleMap' with GeneratedClass '/Game/Student/Levels/ThirdPersonExampleMap.ThirdPersonExampleMap_C' with ClassGeneratedBy '/Game/Student/Levels/ThirdPersonExampleMap.ThirdPersonExampleMap:PersistentLevel.ThirdPersonExampleMap'
[2018.01.25-00.54.57:379][219]LogPlayLevel: PlayLevel: No blueprints needed recompiling
[2018.01.25-00.54.57:379][219]PIE: New page: PIE session: ThirdPersonExampleMap (25 Jan 2018 00:54:57)
[2018.01.25-00.54.57:380][219]LogPlayLevel: Creating play world package: /Game/Student/Levels/UEDPIE_0_ThirdPersonExampleMap
[2018.01.25-00.54.57:395][219]LogPlayLevel: PIE: StaticDuplicateObject took: (0.015690s)
[2018.01.25-00.54.57:396][219]LogAIModule: Creating AISystem for world ThirdPersonExampleMap
[2018.01.25-00.54.57:396][219]LogPlayLevel: PIE: World Init took: (0.000945s)
[2018.01.25-00.54.57:397][219]LogPlayLevel: PIE: Created PIE world by copying editor world from /Game/Student/Levels/ThirdPersonExampleMap.ThirdPersonExampleMap to /Game/Student/Levels/UEDPIE_0_ThirdPersonExampleMap.ThirdPersonExampleMap (0.017040s)
[2018.01.25-00.54.57:416][219]LogInit: XAudio2 using 'Speakers (Realtek High Definition Audio)' : 2 channels at 48 kHz using 32 bits per sample (channel mask 0x3)
[2018.01.25-00.54.57:428][219]LogInit: FAudioDevice initialized.
[2018.01.25-00.54.57:469][219]LogLoad: Game class is 'GamePlayGameMode_C'
[2018.01.25-00.54.57:473][219]LogWorld: Bringing World /Game/Student/Levels/UEDPIE_0_ThirdPersonExampleMap.ThirdPersonExampleMap up for play (max tick rate 0) at 2018.01.25-00.54.57
[2018.01.25-00.54.57:474][219]LogWorld: Bringing up level for play took: 0.004142
[2018.01.25-00.54.57:498][219]LogContentBrowser: Native class hierarchy updated for 'MovieSceneCapture' in 0.0005 seconds. Added 11 classes and 0 folders.
[2018.01.25-00.54.57:501][219]PIE: Play in editor start time for /Game/Student/Levels/UEDPIE_0_ThirdPersonExampleMap 0.902
[2018.01.25-00.54.57:501][219]LogBlueprintUserMessages: Late PlayInEditor Detection: Level '/Game/Student/Levels/ThirdPersonExampleMap.ThirdPersonExampleMap:PersistentLevel' has LevelScriptBlueprint '/Game/Student/Levels/ThirdPersonExampleMap.ThirdPersonExampleMap:PersistentLevel.ThirdPersonExampleMap' with GeneratedClass '/Game/Student/Levels/ThirdPersonExampleMap.ThirdPersonExampleMap_C' with ClassGeneratedBy '/Game/Student/Levels/ThirdPersonExampleMap.ThirdPersonExampleMap:PersistentLevel.ThirdPersonExampleMap'
[2018.01.25-00.55.06:363][748]LogBlueprintUserMessages: Early EndPlayMap Detection: Level '/Game/Student/Levels/ThirdPersonExampleMap.ThirdPersonExampleMap:PersistentLevel' has LevelScriptBlueprint '/Game/Student/Levels/ThirdPersonExampleMap.ThirdPersonExampleMap:PersistentLevel.ThirdPersonExampleMap' with GeneratedClass '/Game/Student/Levels/ThirdPersonExampleMap.ThirdPersonExampleMap_C' with ClassGeneratedBy '/Game/Student/Levels/ThirdPersonExampleMap.ThirdPersonExampleMap:PersistentLevel.ThirdPersonExampleMap'
[2018.01.25-00.55.06:409][748]LogBlueprintUserMessages: Late EndPlayMap Detection: Level '/Game/Student/Levels/ThirdPersonExampleMap.ThirdPersonExampleMap:PersistentLevel' has LevelScriptBlueprint '/Game/Student/Levels/ThirdPersonExampleMap.ThirdPersonExampleMap:PersistentLevel.ThirdPersonExampleMap' with GeneratedClass '/Game/Student/Levels/ThirdPersonExampleMap.ThirdPersonExampleMap_C' with ClassGeneratedBy '/Game/Student/Levels/ThirdPersonExampleMap.ThirdPersonExampleMap:PersistentLevel.ThirdPersonExampleMap'
[2018.01.25-00.56.18:284][262]LogTemp: Repeating last play command: Selected Viewport
[2018.01.25-00.56.18:302][262]LogBlueprintUserMessages: Early PlayInEditor Detection: Level '/Game/Student/Levels/ThirdPersonExampleMap.ThirdPersonExampleMap:PersistentLevel' has LevelScriptBlueprint '/Game/Student/Levels/ThirdPersonExampleMap.ThirdPersonExampleMap:PersistentLevel.ThirdPersonExampleMap' with GeneratedClass '/Game/Student/Levels/ThirdPersonExampleMap.ThirdPersonExampleMap_C' with ClassGeneratedBy '/Game/Student/Levels/ThirdPersonExampleMap.ThirdPersonExampleMap:PersistentLevel.ThirdPersonExampleMap'
[2018.01.25-00.56.18:302][262]LogPlayLevel: PlayLevel: No blueprints needed recompiling
[2018.01.25-00.56.18:302][262]PIE: New page: PIE session: ThirdPersonExampleMap (25 Jan 2018 00:56:18)
[2018.01.25-00.56.18:318][262]LogPlayLevel: Creating play world package: /Game/Student/Levels/UEDPIE_0_ThirdPersonExampleMap
[2018.01.25-00.56.18:334][262]LogPlayLevel: PIE: StaticDuplicateObject took: (0.015819s)
[2018.01.25-00.56.18:335][262]LogAIModule: Creating AISystem for world ThirdPersonExampleMap
[2018.01.25-00.56.18:335][262]LogPlayLevel: PIE: World Init took: (0.000659s)
[2018.01.25-00.56.18:335][262]LogPlayLevel: PIE: Created PIE world by copying editor world from /Game/Student/Levels/ThirdPersonExampleMap.ThirdPersonExampleMap to /Game/Student/Levels/UEDPIE_0_ThirdPersonExampleMap.ThirdPersonExampleMap (0.016749s)
[2018.01.25-00.56.18:354][262]LogInit: XAudio2 using 'Speakers (Realtek High Definition Audio)' : 2 channels at 48 kHz using 32 bits per sample (channel mask 0x3)
[2018.01.25-00.56.18:366][262]LogInit: FAudioDevice initialized.
[2018.01.25-00.56.18:397][262]LogLoad: Game class is 'GamePlayGameMode_C'
[2018.01.25-00.56.18:400][262]LogWorld: Bringing World /Game/Student/Levels/UEDPIE_0_ThirdPersonExampleMap.ThirdPersonExampleMap up for play (max tick rate 0) at 2018.01.25-00.56.18
[2018.01.25-00.56.18:401][262]LogWorld: Bringing up level for play took: 0.003755
[2018.01.25-00.56.18:404][262]PIE: Play in editor start time for /Game/Student/Levels/UEDPIE_0_ThirdPersonExampleMap -0.196
[2018.01.25-00.56.18:404][262]LogBlueprintUserMessages: Late PlayInEditor Detection: Level '/Game/Student/Levels/ThirdPersonExampleMap.ThirdPersonExampleMap:PersistentLevel' has LevelScriptBlueprint '/Game/Student/Levels/ThirdPersonExampleMap.ThirdPersonExampleMap:PersistentLevel.ThirdPersonExampleMap' with GeneratedClass '/Game/Student/Levels/ThirdPersonExampleMap.ThirdPersonExampleMap_C' with ClassGeneratedBy '/Game/Student/Levels/ThirdPersonExampleMap.ThirdPersonExampleMap:PersistentLevel.ThirdPersonExampleMap'
[2018.01.25-00.56.20:772][405]LogNet: Browse: /Game/Student/Levels/MenuScreen
[2018.01.25-00.56.20:788][405]LogLoad: LoadMap: /Game/Student/Levels/MenuScreen
[2018.01.25-00.56.20:802][405]Cmd: MEM
[2018.01.25-00.56.20:811][405]LogMemory: Platform Memory Stats for Windows
[2018.01.25-00.56.20:811][405]LogMemory: Process Physical Memory: 1291.45 MB used, 1526.12 MB peak
[2018.01.25-00.56.20:811][405]LogMemory: Process Virtual Memory: 2225.59 MB used, 2441.27 MB peak
[2018.01.25-00.56.20:811][405]LogMemory: Physical Memory: 6509.83 MB used,  9818.11 MB free, 16327.93 MB total
[2018.01.25-00.56.20:811][405]LogMemory: Virtual Memory: 3183.41 MB used,  9818.11 MB free, 134217728.00 MB total
[2018.01.25-00.56.20:811][405]LogMemory: 
[2018.01.25-00.56.20:811][405]Allocator Stats for TBB: (not implemented)
[2018.01.25-00.56.22:134][405]LogAIModule: Creating AISystem for world MenuScreen
[2018.01.25-00.56.22:134][405]LogLoad: Game class is 'MenuScreenGameMode_C'
[2018.01.25-00.56.22:138][405]LogWorld: Bringing World /Game/Student/Levels/UEDPIE_0_MenuScreen.MenuScreen up for play (max tick rate 0) at 2018.01.25-00.56.22
[2018.01.25-00.56.22:138][405]LogWorld: Bringing up level for play took: 0.003278
[2018.01.25-00.56.22:138][405]LogGameMode: FindPlayerStart: PATHS NOT DEFINED or NO PLAYERSTART with positive rating
[2018.01.25-00.56.22:141][405]LogLoad: Took 1.353090 seconds to LoadMap(/Game/Student/Levels/MenuScreen)
[2018.01.25-00.56.26:095][643]LogNet: Browse: /Game/Student/Levels/ThirdPersonExampleMap
[2018.01.25-00.56.26:112][643]LogLoad: LoadMap: /Game/Student/Levels/ThirdPersonExampleMap
[2018.01.25-00.56.26:122][643]Cmd: MEM
[2018.01.25-00.56.26:131][643]LogMemory: Platform Memory Stats for Windows
[2018.01.25-00.56.26:131][643]LogMemory: Process Physical Memory: 1443.07 MB used, 1526.12 MB peak
[2018.01.25-00.56.26:131][643]LogMemory: Process Virtual Memory: 2269.04 MB used, 2644.06 MB peak
[2018.01.25-00.56.26:131][643]LogMemory: Physical Memory: 6613.16 MB used,  9714.78 MB free, 16327.93 MB total
[2018.01.25-00.56.26:131][643]LogMemory: Virtual Memory: 3311.29 MB used,  9714.78 MB free, 134217728.00 MB total
[2018.01.25-00.56.26:131][643]LogMemory: 
[2018.01.25-00.56.26:131][643]Allocator Stats for TBB: (not implemented)
[2018.01.25-00.56.26:131][643]LogPlayLevel: Creating play world package: /Game/Student/Levels/UEDPIE_0_ThirdPersonExampleMap
[2018.01.25-00.56.26:146][643]LogPlayLevel: PIE: StaticDuplicateObject took: (0.014733s)
[2018.01.25-00.56.26:146][643]LogAIModule: Creating AISystem for world ThirdPersonExampleMap
[2018.01.25-00.56.26:146][643]LogPlayLevel: PIE: World Init took: (0.000738s)
[2018.01.25-00.56.26:147][643]LogPlayLevel: PIE: Created PIE world by copying editor world from /Game/Student/Levels/ThirdPersonExampleMap.ThirdPersonExampleMap to /Game/Student/Levels/UEDPIE_0_ThirdPersonExampleMap.ThirdPersonExampleMap (0.015751s)
[2018.01.25-00.56.26:147][643]LogLoad: Game class is 'GamePlayGameMode_C'
[2018.01.25-00.56.26:158][643]LogWorld: Bringing World /Game/Student/Levels/UEDPIE_0_ThirdPersonExampleMap.ThirdPersonExampleMap up for play (max tick rate 0) at 2018.01.25-00.56.26
[2018.01.25-00.56.26:158][643]LogWorld: Bringing up level for play took: 0.011379
[2018.01.25-00.56.26:161][643]LogLoad: Took 0.049297 seconds to LoadMap(/Game/Student/Levels/UEDPIE_0_ThirdPersonExampleMap)
[2018.01.25-00.56.30:862][926]LogBlueprintUserMessages: Early EndPlayMap Detection: Level '/Game/Student/Levels/ThirdPersonExampleMap.ThirdPersonExampleMap:PersistentLevel' has LevelScriptBlueprint '/Game/Student/Levels/ThirdPersonExampleMap.ThirdPersonExampleMap:PersistentLevel.ThirdPersonExampleMap' with GeneratedClass '/Game/Student/Levels/ThirdPersonExampleMap.ThirdPersonExampleMap_C' with ClassGeneratedBy '/Game/Student/Levels/ThirdPersonExampleMap.ThirdPersonExampleMap:PersistentLevel.ThirdPersonExampleMap'
[2018.01.25-00.56.30:924][926]LogBlueprintUserMessages: Late EndPlayMap Detection: Level '/Game/Student/Levels/ThirdPersonExampleMap.ThirdPersonExampleMap:PersistentLevel' has LevelScriptBlueprint '/Game/Student/Levels/ThirdPersonExampleMap.ThirdPersonExampleMap:PersistentLevel.ThirdPersonExampleMap' with GeneratedClass '/Game/Student/Levels/ThirdPersonExampleMap.ThirdPersonExampleMap_C' with ClassGeneratedBy '/Game/Student/Levels/ThirdPersonExampleMap.ThirdPersonExampleMap:PersistentLevel.ThirdPersonExampleMap'
[2018.01.25-00.56.39:488][ 37]LogWindowsTextInputMethodSystem: Display: IME system now deactivated.
[2018.01.25-00.56.39:657][ 38]Cmd: QUIT_EDITOR
[2018.01.25-00.56.40:332][ 38]LogExit: Preparing to exit.
[2018.01.25-00.56.41:419][ 38]LogExit: Editor shut down
[2018.01.25-00.56.41:423][ 38]LogExit: Transaction tracking system shut down
[2018.01.25-00.56.41:676][ 38]LogDirectoryWatcher: A directory notification for '../../../Engine/Content/' was aborted.
[2018.01.25-00.56.41:676][ 38]LogDirectoryWatcher: A directory notification for 'F:/Documents/OneDrive - Staffordshire University/University Work/Advanced 3D Games Engines and Scripting/J005627b/Content/' was aborted.
[2018.01.25-00.56.41:676][ 38]LogDirectoryWatcher: A directory notification for '../../../Engine/Plugins/2D/Paper2D/Content/' was aborted.
[2018.01.25-00.56.41:676][ 38]LogDirectoryWatcher: A directory notification for '../../../Engine/Plugins/Runtime/Oculus/OculusVR/Content/' was aborted.
[2018.01.25-00.56.41:676][ 38]LogDirectoryWatcher: A directory notification for '../../../Engine/Plugins/Runtime/Steam/SteamVR/Content/' was aborted.
[2018.01.25-00.56.41:740][ 38]LogExit: Object subsystem successfully closed.
[2018.01.25-00.56.41:773][ 38]LogD3D11RHI: Shutdown
[2018.01.25-00.56.41:773][ 38]LogD3D11RHI: CleanupD3DDevice
[2018.01.25-00.56.41:842][ 38]LogD3D11RHI: ~FD3D11DynamicRHI
[2018.01.25-00.56.41:849][ 38]LogModuleManager: Shutting down and abandoning module MovieSceneCapture (534)
[2018.01.25-00.56.41:849][ 38]LogModuleManager: Shutting down and abandoning module HierarchicalLODOutliner (532)
[2018.01.25-00.56.41:849][ 38]LogModuleManager: Shutting down and abandoning module ExternalImagePicker (530)
[2018.01.25-00.56.41:849][ 38]LogModuleManager: Shutting down and abandoning module AddContentDialog (528)
[2018.01.25-00.56.41:849][ 38]LogDirectoryWatcher: A directory notification for 'E:/Unreal Tournament/UE_4.17/FeaturePacks/' was aborted.
[2018.01.25-00.56.41:850][ 38]LogModuleManager: Shutting down and abandoning module WidgetCarousel (527)
[2018.01.25-00.56.41:850][ 38]LogModuleManager: Shutting down and abandoning module EditorWidgets (524)
[2018.01.25-00.56.41:850][ 38]LogModuleManager: Shutting down and abandoning module CollectionManager (522)
[2018.01.25-00.56.41:850][ 38]LogDirectoryWatcher: A directory notification for 'F:/Documents/OneDrive - Staffordshire University/University Work/Advanced 3D Games Engines and Scripting/J005627b/Content/Collections/' was aborted.
[2018.01.25-00.56.41:850][ 38]LogDirectoryWatcher: A directory notification for 'F:/Documents/OneDrive - Staffordshire University/University Work/Advanced 3D Games Engines and Scripting/J005627b/Content/Developers/Thomas/Collections/' was aborted.
[2018.01.25-00.56.41:850][ 38]LogDirectoryWatcher: A directory notification for 'F:/Documents/OneDrive - Staffordshire University/University Work/Advanced 3D Games Engines and Scripting/J005627b/Saved/Collections/' was aborted.
[2018.01.25-00.56.41:850][ 38]LogModuleManager: Shutting down and abandoning module SceneOutliner (520)
[2018.01.25-00.56.41:850][ 38]LogModuleManager: Shutting down and abandoning module StatsViewer (518)
[2018.01.25-00.56.41:850][ 38]LogModuleManager: Shutting down and abandoning module FoliageEdit (516)
[2018.01.25-00.56.41:850][ 38]LogModuleManager: Shutting down and abandoning module LandscapeEditor (514)
[2018.01.25-00.56.41:850][ 38]LogModuleManager: Shutting down and abandoning module MeshPaintMode (512)
[2018.01.25-00.56.41:850][ 38]LogModuleManager: Shutting down and abandoning module SceneDepthPickerMode (510)
[2018.01.25-00.56.41:850][ 38]LogModuleManager: Shutting down and abandoning module ActorPickerMode (508)
[2018.01.25-00.56.41:850][ 38]LogModuleManager: Shutting down and abandoning module GeometryMode (506)
[2018.01.25-00.56.41:850][ 38]LogModuleManager: Shutting down and abandoning module TextureAlignMode (504)
[2018.01.25-00.56.41:850][ 38]LogModuleManager: Shutting down and abandoning module BspMode (502)
[2018.01.25-00.56.41:850][ 38]LogModuleManager: Shutting down and abandoning module PIEPreviewDeviceProfileSelector (500)
[2018.01.25-00.56.41:850][ 38]LogModuleManager: Shutting down and abandoning module HardwareSurvey (498)
[2018.01.25-00.56.41:850][ 38]LogModuleManager: Shutting down and abandoning module SequenceRecorderSections (496)
[2018.01.25-00.56.41:850][ 38]LogModuleManager: Shutting down and abandoning module AutomationWorker (494)
[2018.01.25-00.56.41:850][ 38]LogModuleManager: Shutting down and abandoning module MatineeToLevelSequence (492)
[2018.01.25-00.56.41:850][ 38]LogModuleManager: Shutting down and abandoning module LevelSequenceEditor (490)
[2018.01.25-00.56.41:850][ 38]LogModuleManager: Shutting down and abandoning module PlacementMode (489)
[2018.01.25-00.56.41:850][ 38]LogModuleManager: Shutting down and abandoning module WmfMediaFactory (486)
[2018.01.25-00.56.41:850][ 38]LogModuleManager: Shutting down and abandoning module WmfMediaEditor (484)
[2018.01.25-00.56.41:850][ 38]LogModuleManager: Shutting down and abandoning module AvfMediaFactory (482)
[2018.01.25-00.56.41:850][ 38]LogModuleManager: Shutting down and abandoning module AvfMediaEditor (480)
[2018.01.25-00.56.41:850][ 38]LogModuleManager: Shutting down and abandoning module AndroidMediaFactory (478)
[2018.01.25-00.56.41:851][ 38]LogModuleManager: Shutting down and abandoning module Media (477)
[2018.01.25-00.56.41:851][ 38]LogModuleManager: Shutting down and abandoning module AndroidMediaEditor (474)
[2018.01.25-00.56.41:851][ 38]LogModuleManager: Shutting down and abandoning module CharacterAI (472)
[2018.01.25-00.56.41:851][ 38]LogModuleManager: Shutting down and abandoning module AudioCapture (470)
[2018.01.25-00.56.41:851][ 38]LogModuleManager: Shutting down and abandoning module SequenceRecorder (469)
[2018.01.25-00.56.41:851][ 38]LogModuleManager: Shutting down and abandoning module SmartSnapping (466)
[2018.01.25-00.56.41:851][ 38]LogModuleManager: Shutting down and abandoning module SessionServices (464)
[2018.01.25-00.56.41:851][ 38]LogModuleManager: Shutting down and abandoning module ViewportSnapping (462)
[2018.01.25-00.56.41:851][ 38]LogModuleManager: Shutting down and abandoning module ViewportInteraction (460)
[2018.01.25-00.56.41:851][ 38]LogModuleManager: Shutting down and abandoning module ClothPainter (458)
[2018.01.25-00.56.41:851][ 38]LogModuleManager: Shutting down and abandoning module LogVisualizer (456)
[2018.01.25-00.56.41:851][ 38]LogModuleManager: Shutting down and abandoning module IntroTutorials (454)
[2018.01.25-00.56.41:851][ 38]LogModuleManager: Shutting down and abandoning module GameProjectGeneration (453)
[2018.01.25-00.56.41:851][ 38]LogModuleManager: Shutting down and abandoning module IOSPlatformEditor (450)
[2018.01.25-00.56.41:851][ 38]LogModuleManager: Shutting down and abandoning module HTML5PlatformEditor (448)
[2018.01.25-00.56.41:851][ 38]LogModuleManager: Shutting down and abandoning module AndroidPlatformEditor (446)
[2018.01.25-00.56.41:851][ 38]LogModuleManager: Shutting down and abandoning module AndroidDeviceDetection (445)
[2018.01.25-00.56.42:785][ 38]LogModuleManager: Shutting down and abandoning module WindowsPlatformEditor (442)
[2018.01.25-00.56.42:785][ 38]LogModuleManager: Shutting down and abandoning module IOSRuntimeSettings (440)
[2018.01.25-00.56.42:785][ 38]LogModuleManager: Shutting down and abandoning module AndroidRuntimeSettings (438)
[2018.01.25-00.56.42:785][ 38]LogModuleManager: Shutting down and abandoning module InputBindingEditor (436)
[2018.01.25-00.56.42:785][ 38]LogModuleManager: Shutting down and abandoning module MergeActors (434)
[2018.01.25-00.56.42:785][ 38]LogModuleManager: Shutting down and abandoning module SizeMap (432)
[2018.01.25-00.56.42:785][ 38]LogModuleManager: Shutting down and abandoning module TreeMap (430)
[2018.01.25-00.56.42:785][ 38]LogModuleManager: Shutting down and abandoning module ReferenceViewer (428)
[2018.01.25-00.56.42:785][ 38]LogModuleManager: Shutting down and abandoning module LocalizationDashboard (426)
[2018.01.25-00.56.42:785][ 38]LogModuleManager: Shutting down and abandoning module LocalizationService (425)
[2018.01.25-00.56.42:785][ 38]LogModuleManager: Shutting down and abandoning module HardwareTargeting (422)
[2018.01.25-00.56.42:785][ 38]LogModuleManager: Shutting down and abandoning module DeviceProfileEditor (420)
[2018.01.25-00.56.42:785][ 38]LogModuleManager: Shutting down and abandoning module UndoHistory (418)
[2018.01.25-00.56.42:785][ 38]LogModuleManager: Shutting down and abandoning module XmlParser (416)
[2018.01.25-00.56.42:785][ 38]LogModuleManager: Shutting down and abandoning module Blutility (414)
[2018.01.25-00.56.42:785][ 38]LogModuleManager: Shutting down and abandoning module ProjectSettingsViewer (412)
[2018.01.25-00.56.42:785][ 38]LogModuleManager: Shutting down and abandoning module ProjectTargetPlatformEditor (411)
[2018.01.25-00.56.42:785][ 38]LogModuleManager: Shutting down and abandoning module EditorSettingsViewer (408)
[2018.01.25-00.56.42:786][ 38]LogModuleManager: Shutting down and abandoning module SettingsEditor (406)
[2018.01.25-00.56.42:786][ 38]LogModuleManager: Shutting down and abandoning module ProjectLauncher (404)
[2018.01.25-00.56.42:786][ 38]LogModuleManager: Shutting down and abandoning module SessionFrontend (402)
[2018.01.25-00.56.42:786][ 38]LogModuleManager: Shutting down and abandoning module ProfilerClient (400)
[2018.01.25-00.56.42:786][ 38]LogModuleManager: Shutting down and abandoning module DeviceManager (398)
[2018.01.25-00.56.42:786][ 38]LogModuleManager: Shutting down and abandoning module TargetDeviceServices (397)
[2018.01.25-00.56.42:840][ 38]LogModuleManager: Shutting down and abandoning module AutomationController (394)
[2018.01.25-00.56.42:840][ 38]LogModuleManager: Shutting down and abandoning module AutomationWindow (392)
[2018.01.25-00.56.42:840][ 38]LogModuleManager: Shutting down and abandoning module Layers (390)
[2018.01.25-00.56.42:840][ 38]LogModuleManager: Shutting down and abandoning module ComponentVisualizers (388)
[2018.01.25-00.56.42:840][ 38]LogModuleManager: Shutting down and abandoning module DetailCustomizations (386)
[2018.01.25-00.56.42:840][ 38]LogModuleManager: Shutting down and abandoning module PackagesDialog (384)
[2018.01.25-00.56.42:840][ 38]LogModuleManager: Shutting down and abandoning module Persona (382)
[2018.01.25-00.56.42:840][ 38]LogModuleManager: Shutting down and abandoning module AdvancedPreviewScene (381)
[2018.01.25-00.56.42:840][ 38]LogModuleManager: Shutting down and abandoning module AnimGraph (379)
[2018.01.25-00.56.42:840][ 38]LogModuleManager: Shutting down and abandoning module Kismet (376)
[2018.01.25-00.56.42:843][ 38]LogModuleManager: Shutting down and abandoning module ClassViewer (374)
[2018.01.25-00.56.42:843][ 38]LogModuleManager: Shutting down and abandoning module Toolbox (372)
[2018.01.25-00.56.42:843][ 38]LogModuleManager: Shutting down and abandoning module ModuleUI (370)
[2018.01.25-00.56.42:843][ 38]LogModuleManager: Shutting down and abandoning module MovieSceneTools (368)
[2018.01.25-00.56.42:843][ 38]LogModuleManager: Shutting down and abandoning module OutputLog (366)
[2018.01.25-00.56.42:843][ 38]LogModuleManager: Shutting down and abandoning module GammaUI (364)
[2018.01.25-00.56.42:843][ 38]LogModuleManager: Shutting down and abandoning module Documentation (362)
[2018.01.25-00.56.42:843][ 38]LogModuleManager: Shutting down and abandoning module MovieSceneTracks (360)
[2018.01.25-00.56.42:843][ 38]LogModuleManager: Shutting down and abandoning module MovieScene (358)
[2018.01.25-00.56.42:843][ 38]LogModuleManager: Shutting down and abandoning module Niagara (356)
[2018.01.25-00.56.42:843][ 38]LogModuleManager: Shutting down and abandoning module NiagaraEditor (355)
[2018.01.25-00.56.42:843][ 38]LogModuleManager: Shutting down and abandoning module StreamingPauseRendering (352)
[2018.01.25-00.56.42:843][ 38]LogModuleManager: Shutting down and abandoning module LauncherPlatform (350)
[2018.01.25-00.56.42:843][ 38]LogModuleManager: Shutting down and abandoning module AnalyticsET (348)
[2018.01.25-00.56.42:843][ 38]LogModuleManager: Shutting down and abandoning module PortalServices (346)
[2018.01.25-00.56.42:843][ 38]LogModuleManager: Shutting down and abandoning module PortalRpc (344)
[2018.01.25-00.56.42:843][ 38]LogModuleManager: Shutting down and abandoning module MessagingRpc (342)
[2018.01.25-00.56.42:843][ 38]LogModuleManager: Shutting down and abandoning module AIModule (340)
[2018.01.25-00.56.42:843][ 38]LogModuleManager: Shutting down and abandoning module GameplayDebugger (339)
[2018.01.25-00.56.42:843][ 38]LogModuleManager: Shutting down and abandoning module AITestSuite (337)
[2018.01.25-00.56.42:843][ 38]LogModuleManager: Shutting down and abandoning module ProfilerService (334)
[2018.01.25-00.56.42:862][ 38]LogModuleManager: Shutting down and abandoning module TaskGraph (332)
[2018.01.25-00.56.42:862][ 38]LogModuleManager: Shutting down and abandoning module SteamVRController (330)
[2018.01.25-00.56.42:862][ 38]LogModuleManager: Shutting down and abandoning module ProceduralMeshComponentEditor (328)
[2018.01.25-00.56.42:862][ 38]LogModuleManager: Shutting down and abandoning module ProceduralMeshComponent (326)
[2018.01.25-00.56.42:862][ 38]LogModuleManager: Shutting down and abandoning module OculusInput (324)
[2018.01.25-00.56.42:862][ 38]LogModuleManager: Shutting down and abandoning module MobilePatchingUtils (322)
[2018.01.25-00.56.42:862][ 38]LogModuleManager: Shutting down and abandoning module CustomMeshComponent (320)
[2018.01.25-00.56.42:862][ 38]LogModuleManager: Shutting down and abandoning module CableComponent (318)
[2018.01.25-00.56.42:862][ 38]LogModuleManager: Shutting down and abandoning module ArchVisCharacter (316)
[2018.01.25-00.56.42:862][ 38]LogModuleManager: Shutting down and abandoning module AndroidPermission (314)
[2018.01.25-00.56.42:862][ 38]LogModuleManager: Shutting down and abandoning module MediaPlayerEditor (310)
[2018.01.25-00.56.42:862][ 38]LogModuleManager: Shutting down and abandoning module HTML5Networking (308)
[2018.01.25-00.56.42:862][ 38]LogModuleManager: Shutting down and abandoning module AlembicImporter (306)
[2018.01.25-00.56.42:862][ 38]LogModuleManager: Shutting down and abandoning module AlembicLibrary (305)
[2018.01.25-00.56.42:862][ 38]LogModuleManager: Shutting down and abandoning module GeometryCache (304)
[2018.01.25-00.56.42:862][ 38]LogModuleManager: Shutting down and abandoning module GeometryCacheEd (303)
[2018.01.25-00.56.42:862][ 38]LogModuleManager: Shutting down and abandoning module SpeedTreeImporter (298)
[2018.01.25-00.56.42:862][ 38]LogModuleManager: Shutting down and abandoning module PluginBrowser (296)
[2018.01.25-00.56.42:862][ 38]LogModuleManager: Shutting down and abandoning module MobileLauncherProfileWizard (294)
[2018.01.25-00.56.42:862][ 38]LogModuleManager: Shutting down and abandoning module VisualStudioSourceCodeAccess (292)
[2018.01.25-00.56.42:862][ 38]LogModuleManager: Shutting down and abandoning module DesktopPlatform (291)
[2018.01.25-00.56.42:862][ 38]LogModuleManager: Shutting down and abandoning module UObjectPlugin (288)
[2018.01.25-00.56.42:862][ 38]LogModuleManager: Shutting down and abandoning module SubversionSourceControl (286)
[2018.01.25-00.56.42:862][ 38]LogModuleManager: Shutting down and abandoning module PerforceSourceControl (284)
[2018.01.25-00.56.42:862][ 38]LogModuleManager: Shutting down and abandoning module GitSourceControl (282)
[2018.01.25-00.56.42:863][ 38]LogModuleManager: Shutting down and abandoning module SourceControl (281)
[2018.01.25-00.56.42:863][ 38]LogModuleManager: Shutting down and abandoning module LightPropagationVolumeEditor (278)
[2018.01.25-00.56.42:863][ 38]LogModuleManager: Shutting down and abandoning module PaperTiledImporter (276)
[2018.01.25-00.56.42:863][ 38]LogModuleManager: Shutting down and abandoning module PaperSpriteSheetImporter (274)
[2018.01.25-00.56.42:863][ 38]LogModuleManager: Shutting down and abandoning module Paper2DEditor (272)
[2018.01.25-00.56.42:863][ 38]LogModuleManager: Shutting down and abandoning module MeshPaint (271)
[2018.01.25-00.56.42:863][ 38]LogModuleManager: Shutting down and abandoning module LevelEditor (269)
[2018.01.25-00.56.42:863][ 38]LogModuleManager: Shutting down and abandoning module PixelInspectorModule (268)
[2018.01.25-00.56.42:863][ 38]LogModuleManager: Shutting down and abandoning module MainFrame (266)
[2018.01.25-00.56.42:863][ 38]LogModuleManager: Shutting down and abandoning module HotReload (265)
[2018.01.25-00.56.42:864][ 38]LogModuleManager: Shutting down and abandoning module RuntimePhysXCooking (260)
[2018.01.25-00.56.42:864][ 38]LogModuleManager: Shutting down and abandoning module PhysXVehiclesEditor (258)
[2018.01.25-00.56.42:864][ 38]LogModuleManager: Shutting down and abandoning module PhysXVehicles (256)
[2018.01.25-00.56.42:864][ 38]LogModuleManager: Shutting down and abandoning module OculusEditor (254)
[2018.01.25-00.56.42:864][ 38]LogModuleManager: Shutting down and abandoning module LocationServicesBPLibrary (252)
[2018.01.25-00.56.42:864][ 38]LogModuleManager: Shutting down and abandoning module ImmediatePhysicsEditor (250)
[2018.01.25-00.56.42:864][ 38]LogModuleManager: Shutting down and abandoning module ImmediatePhysics (248)
[2018.01.25-00.56.42:864][ 38]LogModuleManager: Shutting down and abandoning module UdpMessaging (246)
[2018.01.25-00.56.42:965][ 38]LogModuleManager: Shutting down and abandoning module TcpMessaging (244)
[2018.01.25-00.56.43:065][ 38]LogModuleManager: Shutting down and abandoning module GameplayTagsEditor (242)
[2018.01.25-00.56.43:065][ 38]LogModuleManager: Shutting down and abandoning module FacialAnimationEditor (240)
[2018.01.25-00.56.43:065][ 38]LogModuleManager: Shutting down and abandoning module FacialAnimation (238)
[2018.01.25-00.56.43:065][ 38]LogModuleManager: Shutting down and abandoning module AssetManagerEditor (236)
[2018.01.25-00.56.43:065][ 38]LogModuleManager: Shutting down and abandoning module GraphEditor (235)
[2018.01.25-00.56.43:065][ 38]LogModuleManager: Shutting down and abandoning module ContentBrowser (233)
[2018.01.25-00.56.43:066][ 38]LogModuleManager: Shutting down and abandoning module LightPropagationVolumeRuntime (230)
[2018.01.25-00.56.43:066][ 38]LogModuleManager: Shutting down and abandoning module Paper2D (228)
[2018.01.25-00.56.43:066][ 38]LogModuleManager: Shutting down and abandoning module WindowsMoviePlayer (226)
[2018.01.25-00.56.43:066][ 38]LogModuleManager: Shutting down and abandoning module WmfMedia (224)
[2018.01.25-00.56.43:067][ 38]LogModuleManager: Shutting down and abandoning module PacketHandler (222)
[2018.01.25-00.56.43:067][ 38]LogModuleManager: Shutting down and abandoning module ClothingSystemEditor (220)
[2018.01.25-00.56.43:067][ 38]LogModuleManager: Shutting down and abandoning module ClothingSystemRuntime (218)
[2018.01.25-00.56.43:083][ 38]LogModuleManager: Shutting down and abandoning module Overlay (216)
[2018.01.25-00.56.43:083][ 38]LogModuleManager: Shutting down and abandoning module OverlayEditor (215)
[2018.01.25-00.56.43:083][ 38]LogModuleManager: Shutting down and abandoning module MediaAssets (212)
[2018.01.25-00.56.43:083][ 38]LogModuleManager: Shutting down and abandoning module VREditor (210)
[2018.01.25-00.56.43:083][ 38]LogModuleManager: Shutting down and abandoning module StringTableEditor (208)
[2018.01.25-00.56.43:083][ 38]LogModuleManager: Shutting down and abandoning module GameplayTasksEditor (206)
[2018.01.25-00.56.43:083][ 38]LogModuleManager: Shutting down and abandoning module BehaviorTreeEditor (204)
[2018.01.25-00.56.43:083][ 38]LogModuleManager: Shutting down and abandoning module FunctionalTesting (202)
[2018.01.25-00.56.43:083][ 38]LogModuleManager: Shutting down and abandoning module CollisionAnalyzer (200)
[2018.01.25-00.56.43:083][ 38]LogModuleManager: Shutting down and abandoning module WorkspaceMenuStructure (199)
[2018.01.25-00.56.43:083][ 38]LogModuleManager: Shutting down and abandoning module UMG (196)
[2018.01.25-00.56.43:083][ 38]LogModuleManager: Shutting down and abandoning module UMGEditor (195)
[2018.01.25-00.56.43:083][ 38]LogModuleManager: Shutting down and abandoning module Sequencer (194)
[2018.01.25-00.56.43:083][ 38]LogModuleManager: Shutting down and abandoning module MessageLog (191)
[2018.01.25-00.56.43:083][ 38]LogModuleManager: Shutting down and abandoning module SlateReflector (186)
[2018.01.25-00.56.43:084][ 38]LogModuleManager: Shutting down and abandoning module Slate (184)
[2018.01.25-00.56.43:084][ 38]LogModuleManager: Shutting down and abandoning module EditorStyle (182)
[2018.01.25-00.56.43:085][ 38]LogModuleManager: Shutting down and abandoning module MRMesh (180)
[2018.01.25-00.56.43:085][ 38]LogModuleManager: Shutting down and abandoning module SourceCodeAccess (178)
[2018.01.25-00.56.43:085][ 38]LogModuleManager: Shutting down and abandoning module HeadMountedDisplay (176)
[2018.01.25-00.56.43:085][ 38]LogModuleManager: Shutting down and abandoning module XAudio2 (174)
[2018.01.25-00.56.43:085][ 38]LogModuleManager: Shutting down and abandoning module Networking (172)
[2018.01.25-00.56.43:085][ 38]LogModuleManager: Shutting down and abandoning module Core (168)
[2018.01.25-00.56.43:085][ 38]LogModuleManager: Shutting down and abandoning module KismetCompiler (164)
[2018.01.25-00.56.43:085][ 38]LogModuleManager: Shutting down and abandoning module LevelSequence (162)
[2018.01.25-00.56.43:085][ 38]LogModuleManager: Shutting down and abandoning module MeshUtilities (160)
[2018.01.25-00.56.43:085][ 38]LogModuleManager: Shutting down and abandoning module MeshMergeUtilities (159)
[2018.01.25-00.56.43:085][ 38]LogModuleManager: Shutting down and abandoning module MeshReductionInterface (158)
[2018.01.25-00.56.43:085][ 38]LogModuleManager: Shutting down and abandoning module SimplygonSwarm (157)
[2018.01.25-00.56.43:085][ 38]LogModuleManager: Shutting down and abandoning module SimplygonMeshReduction (155)
[2018.01.25-00.56.43:085][ 38]LogModuleManager: Shutting down and abandoning module QuadricMeshReduction (153)
[2018.01.25-00.56.43:085][ 38]LogModuleManager: Shutting down and abandoning module MaterialBaking (149)
[2018.01.25-00.56.43:085][ 38]LogModuleManager: Shutting down and abandoning module DirectoryWatcher (146)
[2018.01.25-00.56.43:085][ 38]LogModuleManager: Shutting down and abandoning module DerivedDataCache (144)
[2018.01.25-00.56.43:106][ 38]LogDerivedDataCache: Shutdown
[2018.01.25-00.56.43:106][ 38]LogModuleManager: Shutting down and abandoning module TargetPlatform (142)
[2018.01.25-00.56.43:106][ 38]LogModuleManager: Shutting down and abandoning module VulkanShaderFormat (141)
[2018.01.25-00.56.43:106][ 38]LogModuleManager: Shutting down and abandoning module ShaderFormatVectorVM (139)
[2018.01.25-00.56.43:106][ 38]LogModuleManager: Shutting down and abandoning module ShaderFormatOpenGL (137)
[2018.01.25-00.56.43:106][ 38]LogModuleManager: Shutting down and abandoning module ShaderFormatD3D (135)
[2018.01.25-00.56.43:106][ 38]LogModuleManager: Shutting down and abandoning module MetalShaderFormat (133)
[2018.01.25-00.56.43:106][ 38]LogModuleManager: Shutting down and abandoning module TextureFormatUncompressed (131)
[2018.01.25-00.56.43:106][ 38]LogModuleManager: Shutting down and abandoning module TextureFormatPVR (129)
[2018.01.25-00.56.43:106][ 38]LogModuleManager: Shutting down and abandoning module TextureFormatDXT (127)
[2018.01.25-00.56.43:106][ 38]LogModuleManager: Shutting down and abandoning module TextureFormatIntelISPCTexComp (125)
[2018.01.25-00.56.43:106][ 38]LogModuleManager: Shutting down and abandoning module TextureFormatASTC (123)
[2018.01.25-00.56.43:106][ 38]LogModuleManager: Shutting down and abandoning module ImageWrapper (122)
[2018.01.25-00.56.43:106][ 38]LogModuleManager: Shutting down and abandoning module TextureFormatAndroid (119)
[2018.01.25-00.56.43:106][ 38]LogModuleManager: Shutting down and abandoning module AudioFormatOpus (117)
[2018.01.25-00.56.43:106][ 38]LogModuleManager: Shutting down and abandoning module AudioFormatOgg (115)
[2018.01.25-00.56.43:106][ 38]LogModuleManager: Shutting down and abandoning module AudioFormatADPCM (113)
[2018.01.25-00.56.43:106][ 38]LogModuleManager: Shutting down and abandoning module LinuxTargetPlatform (111)
[2018.01.25-00.56.43:106][ 38]LogModuleManager: Shutting down and abandoning module LinuxServerTargetPlatform (109)
[2018.01.25-00.56.43:106][ 38]LogModuleManager: Shutting down and abandoning module LinuxNoEditorTargetPlatform (107)
[2018.01.25-00.56.43:106][ 38]LogModuleManager: Shutting down and abandoning module LinuxClientTargetPlatform (105)
[2018.01.25-00.56.43:106][ 38]LogModuleManager: Shutting down and abandoning module TVOSTargetPlatform (103)
[2018.01.25-00.56.43:106][ 38]LogModuleManager: Shutting down and abandoning module Messaging (101)
[2018.01.25-00.56.43:106][ 38]LogModuleManager: Shutting down and abandoning module IOSTargetPlatform (99)
[2018.01.25-00.56.43:106][ 38]LogModuleManager: Shutting down and abandoning module HTML5TargetPlatform (97)
[2018.01.25-00.56.43:106][ 38]LogModuleManager: Shutting down and abandoning module Android_PVRTCTargetPlatform (95)
[2018.01.25-00.56.43:106][ 38]LogModuleManager: Shutting down and abandoning module Android_MultiTargetPlatform (93)
[2018.01.25-00.56.43:106][ 38]LogModuleManager: Shutting down and abandoning module Android_ETC2TargetPlatform (91)
[2018.01.25-00.56.43:106][ 38]LogModuleManager: Shutting down and abandoning module Android_ETC1TargetPlatform (89)
[2018.01.25-00.56.43:106][ 38]LogModuleManager: Shutting down and abandoning module Android_DXTTargetPlatform (87)
[2018.01.25-00.56.43:107][ 38]LogModuleManager: Shutting down and abandoning module Android_ATCTargetPlatform (85)
[2018.01.25-00.56.43:107][ 38]LogModuleManager: Shutting down and abandoning module Android_ASTCTargetPlatform (83)
[2018.01.25-00.56.43:107][ 38]LogModuleManager: Shutting down and abandoning module AndroidTargetPlatform (81)
[2018.01.25-00.56.43:107][ 38]LogModuleManager: Shutting down and abandoning module WindowsTargetPlatform (79)
[2018.01.25-00.56.43:107][ 38]LogModuleManager: Shutting down and abandoning module WindowsServerTargetPlatform (77)
[2018.01.25-00.56.43:107][ 38]LogModuleManager: Shutting down and abandoning module WindowsNoEditorTargetPlatform (75)
[2018.01.25-00.56.43:107][ 38]LogModuleManager: Shutting down and abandoning module WindowsClientTargetPlatform (73)
[2018.01.25-00.56.43:107][ 38]LogModuleManager: Shutting down and abandoning module MacTargetPlatform (71)
[2018.01.25-00.56.43:107][ 38]LogModuleManager: Shutting down and abandoning module MacServerTargetPlatform (69)
[2018.01.25-00.56.43:107][ 38]LogModuleManager: Shutting down and abandoning module MacNoEditorTargetPlatform (67)
[2018.01.25-00.56.43:107][ 38]LogModuleManager: Shutting down and abandoning module MacClientTargetPlatform (65)
[2018.01.25-00.56.43:107][ 38]LogModuleManager: Shutting down and abandoning module AllDesktopTargetPlatform (63)
[2018.01.25-00.56.43:107][ 38]LogModuleManager: Shutting down and abandoning module InputCore (60)
[2018.01.25-00.56.43:107][ 38]LogModuleManager: Shutting down and abandoning module Settings (58)
[2018.01.25-00.56.43:107][ 38]LogModuleManager: Shutting down and abandoning module PhysXCooking (56)
[2018.01.25-00.56.43:107][ 38]LogModuleManager: Shutting down and abandoning module SteamVR (54)
[2018.01.25-00.56.43:107][ 38]LogModuleManager: Shutting down and abandoning module OculusHMD (52)
[2018.01.25-00.56.43:107][ 38]LogModuleManager: Shutting down and abandoning module ExampleDeviceProfileSelector (50)
[2018.01.25-00.56.43:107][ 38]LogModuleManager: Shutting down and abandoning module OnlineBlueprintSupport (48)
[2018.01.25-00.56.43:107][ 38]LogModuleManager: Shutting down and abandoning module OnlineSubsystem (44)
[2018.01.25-00.56.43:107][ 38]LogOnline: Display: Unloading online subsystem: NULL
[2018.01.25-00.56.43:107][ 38]LogModuleManager: Shutting down and abandoning module XMPP (43)
[2018.01.25-00.56.43:107][ 38]LogModuleManager: Shutting down and abandoning module HTTP (41)
[2018.01.25-00.56.43:107][ 38]LogHttp: Display: Http module shutting down, but needs to wait on 1 outstanding Http requests:
[2018.01.25-00.56.43:107][ 38]LogHttp: Display: 	verb=[POST] url=[https://datarouter.ol.epicgames.com/datarouter/api/v1/public/data?SessionID=%7B781FA953-4262-9097-E859-92AEC35A8910%7D&AppID=UEEditor.Rocket.Release&AppVersion=4.17.2-3658906%2B%2B%2BUE4%2BRelease-4.17&UserID=27b63fd84e8cc787e1d72083e8de8453%7Cd18b0a8e02424bb3bfa93a5d9ff5cf62%7C2502e40e-5044-4101-b0f9-9991a05148e2&AppEnvironment=datacollector-binary&UploadType=eteventstream] status=Processing
[2018.01.25-00.56.43:127][ 38]LogModuleManager: Shutting down and abandoning module SSL (40)
[2018.01.25-00.56.43:128][ 38]LogModuleManager: Shutting down and abandoning module AnimationModifiers (36)
[2018.01.25-00.56.43:128][ 38]LogModuleManager: Shutting down and abandoning module PropertyEditor (35)
[2018.01.25-00.56.43:128][ 38]LogModuleManager: Shutting down and abandoning module AudioEditor (32)
[2018.01.25-00.56.43:128][ 38]LogModuleManager: Shutting down and abandoning module TextureCompressor (30)
[2018.01.25-00.56.43:128][ 38]LogModuleManager: Shutting down and abandoning module ShaderCore (28)
[2018.01.25-00.56.43:128][ 38]LogModuleManager: Shutting down and abandoning module Landscape (26)
[2018.01.25-00.56.43:128][ 38]LogModuleManager: Shutting down and abandoning module SlateRHIRenderer (24)
[2018.01.25-00.56.43:128][ 38]LogModuleManager: Shutting down and abandoning module OpenGLDrv (22)
[2018.01.25-00.56.43:128][ 38]LogModuleManager: Shutting down and abandoning module D3D11RHI (20)
[2018.01.25-00.56.43:128][ 38]LogModuleManager: Shutting down and abandoning module AnimGraphRuntime (18)
[2018.01.25-00.56.43:128][ 38]LogModuleManager: Shutting down and abandoning module Renderer (16)
[2018.01.25-00.56.43:128][ 38]LogModuleManager: Shutting down and abandoning module Engine (14)
[2018.01.25-00.56.43:128][ 38]LogModuleManager: Shutting down and abandoning module CoreUObject (12)
[2018.01.25-00.56.43:128][ 38]LogModuleManager: Shutting down and abandoning module NetworkFile (10)
[2018.01.25-00.56.43:128][ 38]LogModuleManager: Shutting down and abandoning module CookedIterativeFile (8)
[2018.01.25-00.56.43:128][ 38]LogModuleManager: Shutting down and abandoning module StreamingFile (6)
[2018.01.25-00.56.43:128][ 38]LogModuleManager: Shutting down and abandoning module SandboxFile (4)
[2018.01.25-00.56.43:128][ 38]LogModuleManager: Shutting down and abandoning module PakFile (2)
[2018.01.25-00.56.43:131][ 38]LogExit: Exiting.
[2018.01.25-00.56.43:146][ 38]Log file closed, 01/25/18 00:56:43
